#
# There is insufficient memory for the Java Runtime Environment to continue.
# Native memory allocation (malloc) failed to allocate 981616 bytes for Chunk::new
# Possible reasons:
#   The system is out of physical RAM or swap space
#   The process is running with CompressedOops enabled, and the Java Heap may be blocking the growth of the native heap
# Possible solutions:
#   Reduce memory load on the system
#   Increase physical memory or swap space
#   Check if swap backing store is full
#   Decrease Java heap size (-Xmx/-Xms)
#   Decrease number of Java threads
#   Decrease Java thread stack sizes (-Xss)
#   Set larger code cache with -XX:ReservedCodeCacheSize=
#   JVM is running with Unscaled Compressed Oops mode in which the Java heap is
#     placed in the first 4GB address space. The Java Heap base address is the
#     maximum limit for the native heap growth. Please use -XX:HeapBaseMinAddress
#     to set the Java Heap base and to place the Java Heap above 4GB virtual address.
# This output file may be truncated or incomplete.
#
#  Out of Memory Error (./src/hotspot/share/memory/arena.cpp:197), pid=9696, tid=10288
#
# JRE version: OpenJDK Runtime Environment (11.0.12+7) (build 11.0.12+7-b1504.28-7817840)
# Java VM: OpenJDK 64-Bit Server VM (11.0.12+7-b1504.28-7817840, mixed mode, tiered, compressed oops, g1 gc, windows-amd64)
# No core dump will be written. Minidumps are not enabled by default on client versions of Windows
#

---------------  S U M M A R Y ------------

Command Line: --add-opens=java.base/java.util=ALL-UNNAMED --add-opens=java.base/java.lang=ALL-UNNAMED --add-opens=java.base/java.lang.invoke=ALL-UNNAMED --add-opens=java.prefs/java.util.prefs=ALL-UNNAMED -Xmx2048m -Dfile.encoding=UTF-8 -Duser.country=US -Duser.language=en -Duser.variant org.gradle.launcher.daemon.bootstrap.GradleDaemon 6.5

Host: Intel(R) Core(TM) i3-2130 CPU @ 3.40GHz, 4 cores, 3G,  Windows 10 , 64 bit Build 19041 (10.0.19041.804)
Time: Thu May 26 13:03:59 2022 India Standard Time elapsed time: 15.219285 seconds (0d 0h 0m 15s)

---------------  T H R E A D  ---------------

Current thread (0x0000027f559fc000):  JavaThread "C2 CompilerThread0" daemon [_thread_in_native, id=10288, stack(0x000000f522700000,0x000000f522800000)]


Current CompileTask:
C2:  15219 4547       4       java.lang.invoke.MethodType::makeImpl (108 bytes)

Stack: [0x000000f522700000,0x000000f522800000]
Native frames: (J=compiled Java code, j=interpreted, Vv=VM code, C=native code)
V  [jvm.dll+0x5fbcea]
V  [jvm.dll+0x731905]
V  [jvm.dll+0x732f1d]
V  [jvm.dll+0x7335d3]
V  [jvm.dll+0x247bf8]
V  [jvm.dll+0xc018c]
V  [jvm.dll+0xc06cc]
V  [jvm.dll+0x35b31d]
V  [jvm.dll+0x19cebc]
V  [jvm.dll+0x20070e]
V  [jvm.dll+0x1ff794]
V  [jvm.dll+0x18868c]
V  [jvm.dll+0x20e0d7]
V  [jvm.dll+0x20c901]
V  [jvm.dll+0x6f9b7f]
V  [jvm.dll+0x6f26a5]
V  [jvm.dll+0x5fabf6]
C  [ucrtbase.dll+0x21bb2]
C  [KERNEL32.DLL+0x17034]
C  [ntdll.dll+0x52651]


---------------  P R O C E S S  ---------------

Threads class SMR info:
_java_thread_list=0x0000027f5aaa4400, length=58, elements={
0x0000027f3bdcd000, 0x0000027f55995000, 0x0000027f55998800, 0x0000027f559ef800,
0x0000027f559f1800, 0x0000027f559f3000, 0x0000027f559fc000, 0x0000027f55a02000,
0x0000027f55a0c800, 0x0000027f56470000, 0x0000027f57c33000, 0x0000027f57e86000,
0x0000027f57d11800, 0x0000027f577c1000, 0x0000027f57d8a800, 0x0000027f58128800,
0x0000027f57249000, 0x0000027f57817800, 0x0000027f57a83000, 0x0000027f57df3800,
0x0000027f57df4800, 0x0000027f57df5000, 0x0000027f57df7000, 0x0000027f57df3000,
0x0000027f57df6000, 0x0000027f57df7800, 0x0000027f57df2000, 0x0000027f57df8800,
0x0000027f58cdf800, 0x0000027f58ce1000, 0x0000027f58ce2000, 0x0000027f58cdc000,
0x0000027f58ce3000, 0x0000027f58cdd000, 0x0000027f58ce3800, 0x0000027f58ce0800,
0x0000027f58cde000, 0x0000027f58ce4800, 0x0000027f58cde800, 0x0000027f58ce9800,
0x0000027f58ce6000, 0x0000027f58ce7000, 0x0000027f58ce7800, 0x0000027f58ceb000,
0x0000027f58ce8800, 0x0000027f58cea000, 0x0000027f58ce5000, 0x0000027f5a5ca800,
0x0000027f5a5cb800, 0x0000027f5a5cf800, 0x0000027f5a5d0800, 0x0000027f5a5cc000,
0x0000027f5a01e000, 0x0000027f5a5ce000, 0x0000027f5a5ce800, 0x0000027f58b33800,
0x0000027f58b37800, 0x0000027f58b39000
}

Java Threads: ( => current thread )
  0x0000027f3bdcd000 JavaThread "main" [_thread_blocked, id=9780, stack(0x000000f521a00000,0x000000f521b00000)]
  0x0000027f55995000 JavaThread "Reference Handler" daemon [_thread_blocked, id=1800, stack(0x000000f522200000,0x000000f522300000)]
  0x0000027f55998800 JavaThread "Finalizer" daemon [_thread_blocked, id=188, stack(0x000000f522300000,0x000000f522400000)]
  0x0000027f559ef800 JavaThread "Signal Dispatcher" daemon [_thread_blocked, id=10984, stack(0x000000f522400000,0x000000f522500000)]
  0x0000027f559f1800 JavaThread "Attach Listener" daemon [_thread_blocked, id=10444, stack(0x000000f522500000,0x000000f522600000)]
  0x0000027f559f3000 JavaThread "Service Thread" daemon [_thread_blocked, id=10980, stack(0x000000f522600000,0x000000f522700000)]
=>0x0000027f559fc000 JavaThread "C2 CompilerThread0" daemon [_thread_in_native, id=10288, stack(0x000000f522700000,0x000000f522800000)]
  0x0000027f55a02000 JavaThread "C1 CompilerThread0" daemon [_thread_blocked, id=1572, stack(0x000000f522800000,0x000000f522900000)]
  0x0000027f55a0c800 JavaThread "Sweeper thread" daemon [_thread_blocked, id=9312, stack(0x000000f522900000,0x000000f522a00000)]
  0x0000027f56470000 JavaThread "Common-Cleaner" daemon [_thread_blocked, id=8508, stack(0x000000f522a00000,0x000000f522b00000)]
  0x0000027f57c33000 JavaThread "Daemon health stats" [_thread_blocked, id=7552, stack(0x000000f522e00000,0x000000f522f00000)]
  0x0000027f57e86000 JavaThread "Incoming local TCP Connector on port 61646" [_thread_in_native, id=10436, stack(0x000000f523000000,0x000000f523100000)]
  0x0000027f57d11800 JavaThread "Daemon periodic checks" [_thread_blocked, id=9680, stack(0x000000f523100000,0x000000f523200000)]
  0x0000027f577c1000 JavaThread "Daemon" [_thread_blocked, id=9492, stack(0x000000f523200000,0x000000f523300000)]
  0x0000027f57d8a800 JavaThread "Handler for socket connection from /127.0.0.1:61646 to /127.0.0.1:61647" [_thread_in_native, id=7764, stack(0x000000f523300000,0x000000f523400000)]
  0x0000027f58128800 JavaThread "Cancel handler" [_thread_blocked, id=1260, stack(0x000000f523400000,0x000000f523500000)]
  0x0000027f57249000 JavaThread "Daemon worker" [_thread_blocked, id=3800, stack(0x000000f523500000,0x000000f523600000)]
  0x0000027f57817800 JavaThread "Asynchronous log dispatcher for DefaultDaemonConnection: socket connection from /127.0.0.1:61646 to /127.0.0.1:61647" [_thread_blocked, id=5912, stack(0x000000f523600000,0x000000f523700000)]
  0x0000027f57a83000 JavaThread "Stdin handler" [_thread_blocked, id=10648, stack(0x000000f523700000,0x000000f523800000)]
  0x0000027f57df3800 JavaThread "Thread-8" [_thread_blocked, id=1132, stack(0x000000f523a00000,0x000000f523b00000)]
  0x0000027f57df4800 JavaThread "Cache worker for journal cache (C:\Users\SWAGAT\.gradle\caches\journal-1)" [_thread_blocked, id=10808, stack(0x000000f523b00000,0x000000f523c00000)]
  0x0000027f57df5000 JavaThread "File lock request listener" [_thread_in_native, id=1672, stack(0x000000f523c00000,0x000000f523d00000)]
  0x0000027f57df7000 JavaThread "Cache worker for file hash cache (C:\Users\SWAGAT\.gradle\caches\6.5\fileHashes)" [_thread_blocked, id=8932, stack(0x000000f523d00000,0x000000f523e00000)]
  0x0000027f57df3000 JavaThread "Cache worker for file hash cache (C:\Users\SWAGAT\Desktop\sooraj doc\Animus\.gradle\6.5\fileHashes)" [_thread_blocked, id=480, stack(0x000000f523f00000,0x000000f524000000)]
  0x0000027f57df6000 JavaThread "jar transforms" [_thread_blocked, id=6164, stack(0x000000f523e00000,0x000000f523f00000)]
  0x0000027f57df7800 JavaThread "jar transforms Thread 2" [_thread_blocked, id=2952, stack(0x000000f524000000,0x000000f524100000)]
  0x0000027f57df2000 JavaThread "jar transforms Thread 3" [_thread_blocked, id=1768, stack(0x000000f524100000,0x000000f524200000)]
  0x0000027f57df8800 JavaThread "jar transforms Thread 4" [_thread_blocked, id=10988, stack(0x000000f524200000,0x000000f524300000)]
  0x0000027f58cdf800 JavaThread "jar transforms Thread 5" [_thread_blocked, id=8748, stack(0x000000f524300000,0x000000f524400000)]
  0x0000027f58ce1000 JavaThread "jar transforms Thread 6" [_thread_blocked, id=9628, stack(0x000000f524400000,0x000000f524500000)]
  0x0000027f58ce2000 JavaThread "jar transforms Thread 7" [_thread_blocked, id=2492, stack(0x000000f524500000,0x000000f524600000)]
  0x0000027f58cdc000 JavaThread "jar transforms Thread 8" [_thread_blocked, id=3864, stack(0x000000f524600000,0x000000f524700000)]
  0x0000027f58ce3000 JavaThread "jar transforms Thread 9" [_thread_blocked, id=5980, stack(0x000000f524700000,0x000000f524800000)]
  0x0000027f58cdd000 JavaThread "jar transforms Thread 10" [_thread_blocked, id=9796, stack(0x000000f524800000,0x000000f524900000)]
  0x0000027f58ce3800 JavaThread "jar transforms Thread 11" [_thread_blocked, id=9812, stack(0x000000f524900000,0x000000f524a00000)]
  0x0000027f58ce0800 JavaThread "jar transforms Thread 12" [_thread_blocked, id=10772, stack(0x000000f524a00000,0x000000f524b00000)]
  0x0000027f58cde000 JavaThread "jar transforms Thread 13" [_thread_blocked, id=4104, stack(0x000000f524b00000,0x000000f524c00000)]
  0x0000027f58ce4800 JavaThread "jar transforms Thread 14" [_thread_blocked, id=1340, stack(0x000000f524d00000,0x000000f524e00000)]
  0x0000027f58cde800 JavaThread "jar transforms Thread 15" [_thread_blocked, id=6920, stack(0x000000f524e00000,0x000000f524f00000)]
  0x0000027f58ce9800 JavaThread "jar transforms Thread 16" [_thread_blocked, id=6712, stack(0x000000f524f00000,0x000000f525000000)]
  0x0000027f58ce6000 JavaThread "jar transforms Thread 17" [_thread_blocked, id=10940, stack(0x000000f525000000,0x000000f525100000)]
  0x0000027f58ce7000 JavaThread "jar transforms Thread 18" [_thread_blocked, id=10720, stack(0x000000f525100000,0x000000f525200000)]
  0x0000027f58ce7800 JavaThread "jar transforms Thread 19" [_thread_blocked, id=3936, stack(0x000000f525200000,0x000000f525300000)]
  0x0000027f58ceb000 JavaThread "jar transforms Thread 20" [_thread_blocked, id=8064, stack(0x000000f525300000,0x000000f525400000)]
  0x0000027f58ce8800 JavaThread "jar transforms Thread 21" [_thread_blocked, id=9624, stack(0x000000f525400000,0x000000f525500000)]
  0x0000027f58cea000 JavaThread "jar transforms Thread 22" [_thread_blocked, id=7568, stack(0x000000f525500000,0x000000f525600000)]
  0x0000027f58ce5000 JavaThread "jar transforms Thread 23" [_thread_blocked, id=6152, stack(0x000000f525600000,0x000000f525700000)]
  0x0000027f5a5ca800 JavaThread "Cache worker for checksums cache (C:\Users\SWAGAT\Desktop\sooraj doc\Animus\.gradle\checksums)" [_thread_blocked, id=1948, stack(0x000000f524c00000,0x000000f524d00000)]
  0x0000027f5a5cb800 JavaThread "Cache worker for cache directory md-supplier (C:\Users\SWAGAT\.gradle\caches\6.5\md-supplier)" [_thread_blocked, id=5896, stack(0x000000f525700000,0x000000f525800000)]
  0x0000027f5a5cf800 JavaThread "Cache worker for cache directory md-rule (C:\Users\SWAGAT\.gradle\caches\6.5\md-rule)" [_thread_blocked, id=1180, stack(0x000000f525800000,0x000000f525900000)]
  0x0000027f5a5d0800 JavaThread "Cache worker for execution history cache (C:\Users\SWAGAT\.gradle\caches\6.5\executionHistory)" [_thread_blocked, id=8824, stack(0x000000f525a00000,0x000000f525b00000)]
  0x0000027f5a5cc000 JavaThread "Cache worker for file content cache (C:\Users\SWAGAT\.gradle\caches\6.5\fileContent)" [_thread_blocked, id=2416, stack(0x000000f525900000,0x000000f525a00000)]
  0x0000027f5a01e000 JavaThread "C2 CompilerThread1" daemon [_thread_in_native, id=7772, stack(0x000000f525b00000,0x000000f525c00000)]
  0x0000027f5a5ce000 JavaThread "Cache worker for Build Output Cleanup Cache (C:\Users\SWAGAT\Desktop\sooraj doc\Animus\.gradle\buildOutputCleanup)" [_thread_blocked, id=10460, stack(0x000000f525c00000,0x000000f525d00000)]
  0x0000027f5a5ce800 JavaThread "Build operations" [_thread_blocked, id=6996, stack(0x000000f525d00000,0x000000f525e00000)]
  0x0000027f58b33800 JavaThread "Build operations Thread 2" [_thread_blocked, id=9008, stack(0x000000f525e00000,0x000000f525f00000)]
  0x0000027f58b37800 JavaThread "Build operations Thread 3" [_thread_in_vm, id=4460, stack(0x000000f525f00000,0x000000f526000000)]
  0x0000027f58b39000 JavaThread "Build operations Thread 4" [_thread_in_vm, id=4584, stack(0x000000f526000000,0x000000f526100000)]

Other Threads:
  0x0000027f55990000 VMThread "VM Thread" [stack: 0x000000f522100000,0x000000f522200000] [id=764]
  0x0000027f564a1000 WatcherThread [stack: 0x000000f522b00000,0x000000f522c00000] [id=5840]
  0x0000027f39cfc000 GCTaskThread "GC Thread#0" [stack: 0x000000f521c00000,0x000000f521d00000] [id=7240]
  0x0000027f5688a000 GCTaskThread "GC Thread#1" [stack: 0x000000f522d00000,0x000000f522e00000] [id=8312]
  0x0000027f57d6a800 GCTaskThread "GC Thread#2" [stack: 0x000000f523800000,0x000000f523900000] [id=9800]
  0x0000027f5764d800 GCTaskThread "GC Thread#3" [stack: 0x000000f523900000,0x000000f523a00000] [id=7872]
  0x0000027f3be13000 ConcurrentGCThread "G1 Main Marker" [stack: 0x000000f521d00000,0x000000f521e00000] [id=1980]
  0x0000027f3be15800 ConcurrentGCThread "G1 Conc#0" [stack: 0x000000f521e00000,0x000000f521f00000] [id=6744]
  0x0000027f3be6d800 ConcurrentGCThread "G1 Refine#0" [stack: 0x000000f521f00000,0x000000f522000000] [id=10212]
  0x0000027f3be6e800 ConcurrentGCThread "G1 Young RemSet Sampling" [stack: 0x000000f522000000,0x000000f522100000] [id=9276]

Threads with active compile tasks:
C2 CompilerThread0  15244 4547       4       java.lang.invoke.MethodType::makeImpl (108 bytes)
C1 CompilerThread0  15244 4643       3       java.nio.CharBuffer::<init> (22 bytes)
C2 CompilerThread1  15244 4618   !   4       java.io.BufferedReader::readLine (304 bytes)

VM state:not at safepoint (normal execution)

VM Mutex/Monitor currently owned by a thread: None

Heap address: 0x0000000080000000, size: 2048 MB, Compressed Oops mode: 32-bit
Narrow klass base: 0x0000000000000000, Narrow klass shift: 3
Compressed class space size: 1073741824 Address: 0x0000000100000000

Heap:
 garbage-first heap   total 78848K, used 49643K [0x0000000080000000, 0x0000000100000000)
  region size 1024K, 8 young (8192K), 2 survivors (2048K)
 Metaspace       used 48921K, capacity 50218K, committed 50480K, reserved 1093632K
  class space    used 6271K, capacity 6683K, committed 6784K, reserved 1048576K
Heap Regions: E=young(eden), S=young(survivor), O=old, HS=humongous(starts), HC=humongous(continues), CS=collection set, F=free, A=archive, TAMS=top-at-mark-start (previous, next)
|   0|0x0000000080000000, 0x0000000080100000, 0x0000000080100000|100%| O|  |TAMS 0x0000000080100000, 0x0000000080000000| Untracked 
|   1|0x0000000080100000, 0x0000000080200000, 0x0000000080200000|100%| O|  |TAMS 0x0000000080200000, 0x0000000080100000| Untracked 
|   2|0x0000000080200000, 0x0000000080300000, 0x0000000080300000|100%| O|  |TAMS 0x0000000080300000, 0x0000000080200000| Untracked 
|   3|0x0000000080300000, 0x0000000080400000, 0x0000000080400000|100%|HS|  |TAMS 0x0000000080400000, 0x0000000080300000| Complete 
|   4|0x0000000080400000, 0x0000000080500000, 0x0000000080500000|100%|HC|  |TAMS 0x0000000080500000, 0x0000000080400000| Complete 
|   5|0x0000000080500000, 0x0000000080600000, 0x0000000080600000|100%|HC|  |TAMS 0x0000000080600000, 0x0000000080500000| Complete 
|   6|0x0000000080600000, 0x0000000080700000, 0x0000000080700000|100%| O|  |TAMS 0x0000000080700000, 0x0000000080600000| Untracked 
|   7|0x0000000080700000, 0x0000000080800000, 0x0000000080800000|100%| O|  |TAMS 0x0000000080800000, 0x0000000080700000| Untracked 
|   8|0x0000000080800000, 0x0000000080900000, 0x0000000080900000|100%| O|  |TAMS 0x0000000080900000, 0x0000000080800000| Untracked 
|   9|0x0000000080900000, 0x0000000080a00000, 0x0000000080a00000|100%| O|  |TAMS 0x0000000080a00000, 0x0000000080900000| Untracked 
|  10|0x0000000080a00000, 0x0000000080b00000, 0x0000000080b00000|100%| O|  |TAMS 0x0000000080b00000, 0x0000000080a00000| Untracked 
|  11|0x0000000080b00000, 0x0000000080c00000, 0x0000000080c00000|100%| O|  |TAMS 0x0000000080c00000, 0x0000000080b00000| Untracked 
|  12|0x0000000080c00000, 0x0000000080d00000, 0x0000000080d00000|100%| O|  |TAMS 0x0000000080d00000, 0x0000000080c00000| Untracked 
|  13|0x0000000080d00000, 0x0000000080e00000, 0x0000000080e00000|100%|HS|  |TAMS 0x0000000080e00000, 0x0000000080d00000| Complete 
|  14|0x0000000080e00000, 0x0000000080f00000, 0x0000000080f00000|100%| O|  |TAMS 0x0000000080f00000, 0x0000000080e00000| Untracked 
|  15|0x0000000080f00000, 0x0000000081000000, 0x0000000081000000|100%| O|  |TAMS 0x0000000081000000, 0x0000000080f00000| Untracked 
|  16|0x0000000081000000, 0x0000000081100000, 0x0000000081100000|100%|HS|  |TAMS 0x0000000081100000, 0x0000000081000000| Complete 
|  17|0x0000000081100000, 0x0000000081200000, 0x0000000081200000|100%|HC|  |TAMS 0x0000000081200000, 0x0000000081100000| Complete 
|  18|0x0000000081200000, 0x0000000081300000, 0x0000000081300000|100%|HS|  |TAMS 0x0000000081300000, 0x0000000081200000| Complete 
|  19|0x0000000081300000, 0x0000000081400000, 0x0000000081400000|100%|HC|  |TAMS 0x0000000081400000, 0x0000000081300000| Complete 
|  20|0x0000000081400000, 0x0000000081500000, 0x0000000081500000|100%|HC|  |TAMS 0x0000000081500000, 0x0000000081400000| Complete 
|  21|0x0000000081500000, 0x0000000081600000, 0x0000000081600000|100%|HS|  |TAMS 0x0000000081600000, 0x0000000081500000| Complete 
|  22|0x0000000081600000, 0x0000000081700000, 0x0000000081700000|100%|HC|  |TAMS 0x0000000081700000, 0x0000000081600000| Complete 
|  23|0x0000000081700000, 0x0000000081800000, 0x0000000081800000|100%|HC|  |TAMS 0x0000000081800000, 0x0000000081700000| Complete 
|  24|0x0000000081800000, 0x0000000081900000, 0x0000000081900000|100%|HC|  |TAMS 0x0000000081900000, 0x0000000081800000| Complete 
|  25|0x0000000081900000, 0x0000000081a00000, 0x0000000081a00000|100%| O|  |TAMS 0x0000000081a00000, 0x0000000081900000| Untracked 
|  26|0x0000000081a00000, 0x0000000081b00000, 0x0000000081b00000|100%| O|  |TAMS 0x0000000081b00000, 0x0000000081a00000| Untracked 
|  27|0x0000000081b00000, 0x0000000081c00000, 0x0000000081c00000|100%| O|  |TAMS 0x0000000081c00000, 0x0000000081b00000| Untracked 
|  28|0x0000000081c00000, 0x0000000081d00000, 0x0000000081d00000|100%| O|  |TAMS 0x0000000081d00000, 0x0000000081c00000| Untracked 
|  29|0x0000000081d00000, 0x0000000081e00000, 0x0000000081e00000|100%| O|  |TAMS 0x0000000081e00000, 0x0000000081d00000| Untracked 
|  30|0x0000000081e00000, 0x0000000081f00000, 0x0000000081f00000|100%| O|  |TAMS 0x0000000081f00000, 0x0000000081e00000| Untracked 
|  31|0x0000000081f00000, 0x0000000082000000, 0x0000000082000000|100%| O|  |TAMS 0x0000000082000000, 0x0000000081f00000| Untracked 
|  32|0x0000000082000000, 0x0000000082100000, 0x0000000082100000|100%| O|  |TAMS 0x0000000082100000, 0x0000000082000000| Untracked 
|  33|0x0000000082100000, 0x0000000082200000, 0x0000000082200000|100%| O|  |TAMS 0x0000000082200000, 0x0000000082100000| Untracked 
|  34|0x0000000082200000, 0x0000000082300000, 0x0000000082300000|100%| O|  |TAMS 0x0000000082300000, 0x0000000082200000| Untracked 
|  35|0x0000000082300000, 0x0000000082400000, 0x0000000082400000|100%| O|  |TAMS 0x0000000082400000, 0x0000000082300000| Untracked 
|  36|0x0000000082400000, 0x0000000082500000, 0x0000000082500000|100%| O|  |TAMS 0x0000000082500000, 0x0000000082400000| Untracked 
|  37|0x0000000082500000, 0x0000000082600000, 0x0000000082600000|100%| O|  |TAMS 0x0000000082600000, 0x0000000082500000| Untracked 
|  38|0x0000000082600000, 0x0000000082700000, 0x0000000082700000|100%| O|  |TAMS 0x0000000082700000, 0x0000000082600000| Untracked 
|  39|0x0000000082700000, 0x0000000082800000, 0x0000000082800000|100%| O|  |TAMS 0x0000000082800000, 0x0000000082700000| Untracked 
|  40|0x0000000082800000, 0x0000000082900000, 0x0000000082900000|100%| O|  |TAMS 0x000000008283a800, 0x0000000082800000| Untracked 
|  41|0x0000000082900000, 0x000000008297ae00, 0x0000000082a00000| 47%| O|  |TAMS 0x0000000082900000, 0x0000000082900000| Untracked 
|  42|0x0000000082a00000, 0x0000000082a00000, 0x0000000082b00000|  0%| F|  |TAMS 0x0000000082a00000, 0x0000000082a00000| Untracked 
|  43|0x0000000082b00000, 0x0000000082b00000, 0x0000000082c00000|  0%| F|  |TAMS 0x0000000082b00000, 0x0000000082b00000| Untracked 
|  44|0x0000000082c00000, 0x0000000082c00000, 0x0000000082d00000|  0%| F|  |TAMS 0x0000000082c00000, 0x0000000082c00000| Untracked 
|  45|0x0000000082d00000, 0x0000000082d00000, 0x0000000082e00000|  0%| F|  |TAMS 0x0000000082d00000, 0x0000000082d00000| Untracked 
|  46|0x0000000082e00000, 0x0000000082e00000, 0x0000000082f00000|  0%| F|  |TAMS 0x0000000082e00000, 0x0000000082e00000| Untracked 
|  47|0x0000000082f00000, 0x0000000082f00000, 0x0000000083000000|  0%| F|  |TAMS 0x0000000082f00000, 0x0000000082f00000| Untracked 
|  48|0x0000000083000000, 0x0000000083000000, 0x0000000083100000|  0%| F|  |TAMS 0x0000000083000000, 0x0000000083000000| Untracked 
|  49|0x0000000083100000, 0x0000000083100000, 0x0000000083200000|  0%| F|  |TAMS 0x0000000083100000, 0x0000000083100000| Untracked 
|  50|0x0000000083200000, 0x0000000083200000, 0x0000000083300000|  0%| F|  |TAMS 0x0000000083200000, 0x0000000083200000| Untracked 
|  51|0x0000000083300000, 0x0000000083400000, 0x0000000083400000|100%| S|CS|TAMS 0x0000000083300000, 0x0000000083300000| Complete 
|  52|0x0000000083400000, 0x0000000083500000, 0x0000000083500000|100%| S|CS|TAMS 0x0000000083400000, 0x0000000083400000| Complete 
|  53|0x0000000083500000, 0x0000000083500000, 0x0000000083600000|  0%| F|  |TAMS 0x0000000083500000, 0x0000000083500000| Untracked 
|  54|0x0000000083600000, 0x0000000083600000, 0x0000000083700000|  0%| F|  |TAMS 0x0000000083600000, 0x0000000083600000| Untracked 
|  55|0x0000000083700000, 0x0000000083700000, 0x0000000083800000|  0%| F|  |TAMS 0x0000000083700000, 0x0000000083700000| Untracked 
|  56|0x0000000083800000, 0x0000000083800000, 0x0000000083900000|  0%| F|  |TAMS 0x0000000083800000, 0x0000000083800000| Untracked 
|  57|0x0000000083900000, 0x0000000083900000, 0x0000000083a00000|  0%| F|  |TAMS 0x0000000083900000, 0x0000000083900000| Untracked 
|  58|0x0000000083a00000, 0x0000000083a00000, 0x0000000083b00000|  0%| F|  |TAMS 0x0000000083a00000, 0x0000000083a00000| Untracked 
|  59|0x0000000083b00000, 0x0000000083b00000, 0x0000000083c00000|  0%| F|  |TAMS 0x0000000083b00000, 0x0000000083b00000| Untracked 
|  60|0x0000000083c00000, 0x0000000083c00000, 0x0000000083d00000|  0%| F|  |TAMS 0x0000000083c00000, 0x0000000083c00000| Untracked 
|  61|0x0000000083d00000, 0x0000000083d00000, 0x0000000083e00000|  0%| F|  |TAMS 0x0000000083d00000, 0x0000000083d00000| Untracked 
|  62|0x0000000083e00000, 0x0000000083e00000, 0x0000000083f00000|  0%| F|  |TAMS 0x0000000083e00000, 0x0000000083e00000| Untracked 
|  63|0x0000000083f00000, 0x0000000083f00000, 0x0000000084000000|  0%| F|  |TAMS 0x0000000083f00000, 0x0000000083f00000| Untracked 
|  64|0x0000000084000000, 0x0000000084000000, 0x0000000084100000|  0%| F|  |TAMS 0x0000000084000000, 0x0000000084000000| Untracked 
|  65|0x0000000084100000, 0x0000000084100000, 0x0000000084200000|  0%| F|  |TAMS 0x0000000084100000, 0x0000000084100000| Untracked 
|  66|0x0000000084200000, 0x0000000084200000, 0x0000000084300000|  0%| F|  |TAMS 0x0000000084200000, 0x0000000084200000| Untracked 
|  67|0x0000000084300000, 0x0000000084300000, 0x0000000084400000|  0%| F|  |TAMS 0x0000000084300000, 0x0000000084300000| Untracked 
|  68|0x0000000084400000, 0x0000000084400000, 0x0000000084500000|  0%| F|  |TAMS 0x0000000084400000, 0x0000000084400000| Untracked 
|  69|0x0000000084500000, 0x0000000084500000, 0x0000000084600000|  0%| F|  |TAMS 0x0000000084500000, 0x0000000084500000| Untracked 
|  70|0x0000000084600000, 0x0000000084600000, 0x0000000084700000|  0%| F|  |TAMS 0x0000000084600000, 0x0000000084600000| Untracked 
|  71|0x0000000084700000, 0x00000000847a00c0, 0x0000000084800000| 62%| E|  |TAMS 0x0000000084700000, 0x0000000084700000| Complete 
|  72|0x0000000084800000, 0x0000000084900000, 0x0000000084900000|100%| E|CS|TAMS 0x0000000084800000, 0x0000000084800000| Complete 
|  73|0x0000000084900000, 0x0000000084a00000, 0x0000000084a00000|100%| E|CS|TAMS 0x0000000084900000, 0x0000000084900000| Complete 
|  74|0x0000000084a00000, 0x0000000084b00000, 0x0000000084b00000|100%| E|CS|TAMS 0x0000000084a00000, 0x0000000084a00000| Complete 
|  75|0x0000000084b00000, 0x0000000084c00000, 0x0000000084c00000|100%| E|CS|TAMS 0x0000000084b00000, 0x0000000084b00000| Complete 
|  76|0x0000000084c00000, 0x0000000084d00000, 0x0000000084d00000|100%| E|CS|TAMS 0x0000000084c00000, 0x0000000084c00000| Complete 

Card table byte_map: [0x0000027f4ece0000,0x0000027f4f0e0000] _byte_map_base: 0x0000027f4e8e0000

Marking Bits (Prev, Next): (CMBitMap*) 0x0000027f3be0a248, (CMBitMap*) 0x0000027f3be0a280
 Prev Bits: [0x0000027f4f4e0000, 0x0000027f514e0000)
 Next Bits: [0x0000027f514e0000, 0x0000027f534e0000)

Polling page: 0x0000027f39be0000

Metaspace:

Usage:
  Non-class:     42.51 MB capacity,    41.67 MB ( 98%) used,   754.49 KB (  2%) free+waste,   108.88 KB ( <1%) overhead. 
      Class:      6.53 MB capacity,     6.12 MB ( 94%) used,   358.41 KB (  5%) free+waste,    52.63 KB ( <1%) overhead. 
       Both:     49.04 MB capacity,    47.80 MB ( 97%) used,     1.09 MB (  2%) free+waste,   161.50 KB ( <1%) overhead. 

Virtual space:
  Non-class space:       44.00 MB reserved,      42.67 MB ( 97%) committed 
      Class space:        1.00 GB reserved,       6.63 MB ( <1%) committed 
             Both:        1.04 GB reserved,      49.30 MB (  5%) committed 

Chunk freelists:
   Non-Class:  33.00 KB
       Class:  5.00 KB
        Both:  38.00 KB

MaxMetaspaceSize: 17179869184.00 GB
CompressedClassSpaceSize: 1.00 GB
Initial GC threshold: 20.80 MB
Current GC threshold: 78.83 MB
CDS: off

CodeHeap 'non-profiled nmethods': size=120064Kb used=2487Kb max_used=2487Kb free=117576Kb
 bounds [0x0000027f473a0000, 0x0000027f47610000, 0x0000027f4e8e0000]
CodeHeap 'profiled nmethods': size=120000Kb used=9937Kb max_used=9937Kb free=110063Kb
 bounds [0x0000027f3fe70000, 0x0000027f40830000, 0x0000027f473a0000]
CodeHeap 'non-nmethods': size=5696Kb used=2290Kb max_used=2338Kb free=3405Kb
 bounds [0x0000027f3f8e0000, 0x0000027f3fb50000, 0x0000027f3fe70000]
 total_blobs=5415 nmethods=4633 adapters=694
 compilation: enabled
              stopped_count=0, restarted_count=0
 full_count=0

Compilation events (20 events):
Event: 15.100 Thread 0x0000027f55a02000 4628       2       java.lang.StringLatin1::indexOf (25 bytes)
Event: 15.101 Thread 0x0000027f55a02000 nmethod 4628 0x0000027f40819290 code [0x0000027f40819440, 0x0000027f40819588]
Event: 15.103 Thread 0x0000027f55a02000 4629       3       java.lang.StringUTF16::newBytesFor (61 bytes)
Event: 15.104 Thread 0x0000027f55a02000 nmethod 4629 0x0000027f40819690 code [0x0000027f40819940, 0x0000027f4081a428]
Event: 15.107 Thread 0x0000027f55a02000 4631       3       java.lang.AbstractStringBuilder::appendChars (130 bytes)
Event: 15.108 Thread 0x0000027f55a02000 nmethod 4631 0x0000027f4081a810 code [0x0000027f4081aa80, 0x0000027f4081b568]
Event: 15.112 Thread 0x0000027f55a02000 4632       3       java.lang.String::hashCode (49 bytes)
Event: 15.112 Thread 0x0000027f55a02000 nmethod 4632 0x0000027f4081bb10 code [0x0000027f4081bd00, 0x0000027f4081c108]
Event: 15.183 Thread 0x0000027f5a01e000 nmethod 4595% 0x0000027f47609090 code [0x0000027f47609360, 0x0000027f4760b9c8]
Event: 15.183 Thread 0x0000027f5a01e000 4623       4       java.lang.StringUTF16::compress (50 bytes)
Event: 15.190 Thread 0x0000027f5a01e000 nmethod 4623 0x0000027f4760d010 code [0x0000027f4760d1a0, 0x0000027f4760d498]
Event: 15.190 Thread 0x0000027f5a01e000 4625       4       java.lang.String::startsWith (138 bytes)
Event: 15.196 Thread 0x0000027f5a01e000 nmethod 4625 0x0000027f4760d590 code [0x0000027f4760d720, 0x0000027f4760d918]
Event: 15.196 Thread 0x0000027f5a01e000 4624       4       java.lang.String::startsWith (7 bytes)
Event: 15.200 Thread 0x0000027f55a02000 4634       2       sun.net.util.URLUtil::urlNoFragString (114 bytes)
Event: 15.200 Thread 0x0000027f5a01e000 nmethod 4624 0x0000027f4760da90 code [0x0000027f4760dc20, 0x0000027f4760ddd8]
Event: 15.200 Thread 0x0000027f5a01e000 4618   !   4       java.io.BufferedReader::readLine (304 bytes)
Event: 15.201 Thread 0x0000027f55a02000 nmethod 4634 0x0000027f4081c290 code [0x0000027f4081c500, 0x0000027f4081ca58]
Event: 15.208 Thread 0x0000027f55a02000 4635       3       java.net.URLStreamHandler::setURL (73 bytes)
Event: 15.209 Thread 0x0000027f55a02000 nmethod 4635 0x0000027f4081cd90 code [0x0000027f4081d060, 0x0000027f4081dd98]

GC Heap History (20 events):
Event: 9.849 GC heap before
{Heap before GC invocations=13 (full 0):
 garbage-first heap   total 65536K, used 36138K [0x0000000080000000, 0x0000000100000000)
  region size 1024K, 4 young (4096K), 3 survivors (3072K)
 Metaspace       used 35822K, capacity 36684K, committed 36912K, reserved 1081344K
  class space    used 4577K, capacity 4896K, committed 4992K, reserved 1048576K
}
Event: 9.856 GC heap after
{Heap after GC invocations=14 (full 0):
 garbage-first heap   total 65536K, used 35519K [0x0000000080000000, 0x0000000100000000)
  region size 1024K, 1 young (1024K), 1 survivors (1024K)
 Metaspace       used 35822K, capacity 36684K, committed 36912K, reserved 1081344K
  class space    used 4577K, capacity 4896K, committed 4992K, reserved 1048576K
}
Event: 11.211 GC heap before
{Heap before GC invocations=15 (full 0):
 garbage-first heap   total 65536K, used 51903K [0x0000000080000000, 0x0000000100000000)
  region size 1024K, 16 young (16384K), 1 survivors (1024K)
 Metaspace       used 38537K, capacity 39403K, committed 39600K, reserved 1083392K
  class space    used 4817K, capacity 5119K, committed 5120K, reserved 1048576K
}
Event: 11.218 GC heap after
{Heap after GC invocations=16 (full 0):
 garbage-first heap   total 65536K, used 35684K [0x0000000080000000, 0x0000000100000000)
  region size 1024K, 2 young (2048K), 2 survivors (2048K)
 Metaspace       used 38537K, capacity 39403K, committed 39600K, reserved 1083392K
  class space    used 4817K, capacity 5119K, committed 5120K, reserved 1048576K
}
Event: 11.662 GC heap before
{Heap before GC invocations=16 (full 0):
 garbage-first heap   total 65536K, used 51044K [0x0000000080000000, 0x0000000100000000)
  region size 1024K, 17 young (17408K), 2 survivors (2048K)
 Metaspace       used 40010K, capacity 40934K, committed 41136K, reserved 1085440K
  class space    used 5040K, capacity 5354K, committed 5376K, reserved 1048576K
}
Event: 11.666 GC heap after
{Heap after GC invocations=17 (full 0):
 garbage-first heap   total 65536K, used 36163K [0x0000000080000000, 0x0000000100000000)
  region size 1024K, 2 young (2048K), 2 survivors (2048K)
 Metaspace       used 40010K, capacity 40934K, committed 41136K, reserved 1085440K
  class space    used 5040K, capacity 5354K, committed 5376K, reserved 1048576K
}
Event: 12.395 GC heap before
{Heap before GC invocations=18 (full 0):
 garbage-first heap   total 65536K, used 51523K [0x0000000080000000, 0x0000000100000000)
  region size 1024K, 18 young (18432K), 2 survivors (2048K)
 Metaspace       used 40953K, capacity 41974K, committed 42032K, reserved 1085440K
  class space    used 5158K, capacity 5497K, committed 5504K, reserved 1048576K
}
Event: 12.403 GC heap after
{Heap after GC invocations=19 (full 0):
 garbage-first heap   total 65536K, used 37741K [0x0000000080000000, 0x0000000100000000)
  region size 1024K, 3 young (3072K), 3 survivors (3072K)
 Metaspace       used 40953K, capacity 41974K, committed 42032K, reserved 1085440K
  class space    used 5158K, capacity 5497K, committed 5504K, reserved 1048576K
}
Event: 13.167 GC heap before
{Heap before GC invocations=19 (full 0):
 garbage-first heap   total 65536K, used 53101K [0x0000000080000000, 0x0000000100000000)
  region size 1024K, 18 young (18432K), 3 survivors (3072K)
 Metaspace       used 42158K, capacity 43190K, committed 43312K, reserved 1087488K
  class space    used 5319K, capacity 5667K, committed 5760K, reserved 1048576K
}
Event: 13.176 GC heap after
{Heap after GC invocations=20 (full 0):
 garbage-first heap   total 65536K, used 39087K [0x0000000080000000, 0x0000000100000000)
  region size 1024K, 3 young (3072K), 3 survivors (3072K)
 Metaspace       used 42158K, capacity 43190K, committed 43312K, reserved 1087488K
  class space    used 5319K, capacity 5667K, committed 5760K, reserved 1048576K
}
Event: 13.596 GC heap before
{Heap before GC invocations=21 (full 0):
 garbage-first heap   total 65536K, used 53423K [0x0000000080000000, 0x0000000100000000)
  region size 1024K, 17 young (17408K), 3 survivors (3072K)
 Metaspace       used 43500K, capacity 44619K, committed 44848K, reserved 1087488K
  class space    used 5544K, capacity 5930K, committed 6016K, reserved 1048576K
}
Event: 13.607 GC heap after
{Heap after GC invocations=22 (full 0):
 garbage-first heap   total 65536K, used 40297K [0x0000000080000000, 0x0000000100000000)
  region size 1024K, 3 young (3072K), 3 survivors (3072K)
 Metaspace       used 43500K, capacity 44619K, committed 44848K, reserved 1087488K
  class space    used 5544K, capacity 5930K, committed 6016K, reserved 1048576K
}
Event: 14.009 GC heap before
{Heap before GC invocations=22 (full 0):
 garbage-first heap   total 65536K, used 53609K [0x0000000080000000, 0x0000000100000000)
  region size 1024K, 16 young (16384K), 3 survivors (3072K)
 Metaspace       used 44065K, capacity 45215K, committed 45488K, reserved 1089536K
  class space    used 5651K, capacity 6044K, committed 6144K, reserved 1048576K
}
Event: 14.021 GC heap after
{Heap after GC invocations=23 (full 0):
 garbage-first heap   total 65536K, used 41377K [0x0000000080000000, 0x0000000100000000)
  region size 1024K, 2 young (2048K), 2 survivors (2048K)
 Metaspace       used 44065K, capacity 45215K, committed 45488K, reserved 1089536K
  class space    used 5651K, capacity 6044K, committed 6144K, reserved 1048576K
}
Event: 14.311 GC heap before
{Heap before GC invocations=24 (full 0):
 garbage-first heap   total 65536K, used 53665K [0x0000000080000000, 0x0000000100000000)
  region size 1024K, 14 young (14336K), 2 survivors (2048K)
 Metaspace       used 45270K, capacity 46537K, committed 46640K, reserved 1089536K
  class space    used 5828K, capacity 6229K, committed 6272K, reserved 1048576K
}
Event: 14.316 GC heap after
{Heap after GC invocations=25 (full 0):
 garbage-first heap   total 65536K, used 41629K [0x0000000080000000, 0x0000000100000000)
  region size 1024K, 2 young (2048K), 2 survivors (2048K)
 Metaspace       used 45270K, capacity 46537K, committed 46640K, reserved 1089536K
  class space    used 5828K, capacity 6229K, committed 6272K, reserved 1048576K
}
Event: 14.720 GC heap before
{Heap before GC invocations=25 (full 0):
 garbage-first heap   total 65536K, used 53917K [0x0000000080000000, 0x0000000100000000)
  region size 1024K, 14 young (14336K), 2 survivors (2048K)
 Metaspace       used 46219K, capacity 47461K, committed 47536K, reserved 1091584K
  class space    used 5945K, capacity 6345K, committed 6400K, reserved 1048576K
}
Event: 14.727 GC heap after
{Heap after GC invocations=26 (full 0):
 garbage-first heap   total 65536K, used 42584K [0x0000000080000000, 0x0000000100000000)
  region size 1024K, 2 young (2048K), 2 survivors (2048K)
 Metaspace       used 46219K, capacity 47461K, committed 47536K, reserved 1091584K
  class space    used 5945K, capacity 6345K, committed 6400K, reserved 1048576K
}
Event: 15.136 GC heap before
{Heap before GC invocations=27 (full 0):
 garbage-first heap   total 65536K, used 53848K [0x0000000080000000, 0x0000000100000000)
  region size 1024K, 13 young (13312K), 2 survivors (2048K)
 Metaspace       used 48335K, capacity 49610K, committed 49840K, reserved 1093632K
  class space    used 6182K, capacity 6587K, committed 6656K, reserved 1048576K
}
Event: 15.144 GC heap after
{Heap after GC invocations=28 (full 0):
 garbage-first heap   total 78848K, used 44523K [0x0000000080000000, 0x0000000100000000)
  region size 1024K, 2 young (2048K), 2 survivors (2048K)
 Metaspace       used 48335K, capacity 49610K, committed 49840K, reserved 1093632K
  class space    used 6182K, capacity 6587K, committed 6656K, reserved 1048576K
}

Deoptimization events (20 events):
Event: 15.105 Thread 0x0000027f58b37800 DEOPT PACKING pc=0x0000027f4081791b sp=0x000000f525ffcd00
Event: 15.105 Thread 0x0000027f58b37800 DEOPT UNPACKING pc=0x0000027f3f92a95e sp=0x000000f525ffc170 mode 0
Event: 15.106 Thread 0x0000027f58b37800 DEOPT PACKING pc=0x0000027f4081791b sp=0x000000f525ffcd00
Event: 15.106 Thread 0x0000027f58b37800 DEOPT UNPACKING pc=0x0000027f3f92a95e sp=0x000000f525ffc170 mode 0
Event: 15.106 Thread 0x0000027f58b37800 DEOPT PACKING pc=0x0000027f4081791b sp=0x000000f525ffcd00
Event: 15.106 Thread 0x0000027f58b37800 DEOPT UNPACKING pc=0x0000027f3f92a95e sp=0x000000f525ffc170 mode 0
Event: 15.107 Thread 0x0000027f58b37800 DEOPT PACKING pc=0x0000027f4081791b sp=0x000000f525ffcd00
Event: 15.107 Thread 0x0000027f58b37800 DEOPT UNPACKING pc=0x0000027f3f92a95e sp=0x000000f525ffc170 mode 0
Event: 15.109 Thread 0x0000027f58b37800 DEOPT PACKING pc=0x0000027f4081791b sp=0x000000f525ffcd00
Event: 15.109 Thread 0x0000027f58b37800 DEOPT UNPACKING pc=0x0000027f3f92a95e sp=0x000000f525ffc170 mode 0
Event: 15.109 Thread 0x0000027f58b37800 DEOPT PACKING pc=0x0000027f4081791b sp=0x000000f525ffcd00
Event: 15.109 Thread 0x0000027f58b37800 DEOPT UNPACKING pc=0x0000027f3f92a95e sp=0x000000f525ffc170 mode 0
Event: 15.111 Thread 0x0000027f58b37800 Uncommon trap: trap_request=0xffffff4d fr.pc=0x0000027f473a6e98 relative=0x0000000000000178
Event: 15.111 Thread 0x0000027f58b37800 Uncommon trap: reason=unstable_if action=reinterpret pc=0x0000027f473a6e98 method=java.lang.String.isLatin1()Z @ 10 c2
Event: 15.111 Thread 0x0000027f58b37800 DEOPT PACKING pc=0x0000027f473a6e98 sp=0x000000f525ffcd90
Event: 15.112 Thread 0x0000027f58b37800 DEOPT UNPACKING pc=0x0000027f3f92a1af sp=0x000000f525ffccb8 mode 2
Event: 15.117 Thread 0x0000027f58b37800 Uncommon trap: trap_request=0xffffff4d fr.pc=0x0000027f47449d80 relative=0x0000000000001280
Event: 15.123 Thread 0x0000027f58b37800 Uncommon trap: reason=unstable_if action=reinterpret pc=0x0000027f47449d80 method=java.util.concurrent.ConcurrentHashMap.transfer([Ljava/util/concurrent/ConcurrentHashMap$Node;[Ljava/util/concurrent/ConcurrentHashMap$Node;)V @ 352 c2
Event: 15.123 Thread 0x0000027f58b37800 DEOPT PACKING pc=0x0000027f47449d80 sp=0x000000f525ffcc70
Event: 15.123 Thread 0x0000027f58b37800 DEOPT UNPACKING pc=0x0000027f3f92a1af sp=0x000000f525ffcc08 mode 2

Classes redefined (0 events):
No events

Internal exceptions (20 events):
Event: 13.799 Thread 0x0000027f57249000 Exception <a 'java/lang/ClassNotFoundException'{0x0000000083872c88}: org/gradle/api/internal/artifacts/DefaultArtifactRepositoryContainerBeanInfo> (0x0000000083872c88) thrown at [./src/hotspot/share/classfile/systemDictionary.cpp, line 231]
Event: 13.801 Thread 0x0000027f57249000 Exception <a 'java/lang/ClassNotFoundException'{0x0000000083892d50}: org/gradle/api/internal/DefaultNamedDomainObjectListBeanInfo> (0x0000000083892d50) thrown at [./src/hotspot/share/classfile/systemDictionary.cpp, line 231]
Event: 13.802 Thread 0x0000027f57249000 Exception <a 'java/lang/ClassNotFoundException'{0x00000000838b3ad0}: org/gradle/api/internal/DefaultNamedDomainObjectCollectionBeanInfo> (0x00000000838b3ad0) thrown at [./src/hotspot/share/classfile/systemDictionary.cpp, line 231]
Event: 13.803 Thread 0x0000027f57249000 Exception <a 'java/lang/ClassNotFoundException'{0x00000000838d41a0}: org/gradle/api/internal/DefaultDomainObjectCollectionBeanInfo> (0x00000000838d41a0) thrown at [./src/hotspot/share/classfile/systemDictionary.cpp, line 231]
Event: 13.803 Thread 0x0000027f57249000 Exception <a 'java/lang/ClassNotFoundException'{0x00000000838d9be0}: java/util/AbstractCollectionBeanInfo> (0x00000000838d9be0) thrown at [./src/hotspot/share/classfile/systemDictionary.cpp, line 231]
Event: 13.803 Thread 0x0000027f57249000 Exception <a 'java/lang/ClassNotFoundException'{0x00000000838df5f0}: java/util/AbstractCollectionCustomizer> (0x00000000838df5f0) thrown at [./src/hotspot/share/classfile/systemDictionary.cpp, line 231]
Event: 13.805 Thread 0x0000027f57249000 Exception <a 'java/lang/ClassNotFoundException'{0x0000000083708c68}: org/gradle/api/internal/DefaultDomainObjectCollectionCustomizer> (0x0000000083708c68) thrown at [./src/hotspot/share/classfile/systemDictionary.cpp, line 231]
Event: 13.808 Thread 0x0000027f57249000 Exception <a 'java/lang/ClassNotFoundException'{0x00000000837472a8}: org/gradle/api/internal/DefaultNamedDomainObjectCollectionCustomizer> (0x00000000837472a8) thrown at [./src/hotspot/share/classfile/systemDictionary.cpp, line 231]
Event: 13.815 Thread 0x0000027f57249000 Exception <a 'java/lang/ClassNotFoundException'{0x0000000083793538}: org/gradle/api/internal/DefaultNamedDomainObjectListCustomizer> (0x0000000083793538) thrown at [./src/hotspot/share/classfile/systemDictionary.cpp, line 231]
Event: 13.818 Thread 0x0000027f57249000 Exception <a 'java/lang/ClassNotFoundException'{0x00000000837da0e0}: org/gradle/api/internal/artifacts/DefaultArtifactRepositoryContainerCustomizer> (0x00000000837da0e0) thrown at [./src/hotspot/share/classfile/systemDictionary.cpp, line 231]
Event: 13.822 Thread 0x0000027f57249000 Exception <a 'java/lang/ClassNotFoundException'{0x0000000083616218}: org/gradle/api/internal/artifacts/dsl/DefaultRepositoryHandlerCustomizer> (0x0000000083616218) thrown at [./src/hotspot/share/classfile/systemDictionary.cpp, line 231]
Event: 13.825 Thread 0x0000027f57249000 Exception <a 'java/lang/ClassNotFoundException'{0x0000000083663850}: org/gradle/api/internal/artifacts/dsl/DefaultRepositoryHandler_DecoratedCustomizer> (0x0000000083663850) thrown at [./src/hotspot/share/classfile/systemDictionary.cpp, line 231]
Event: 13.937 Thread 0x0000027f57249000 Exception <a 'java/lang/NoSuchMethodError'{0x000000008339ac38}: 'int java.lang.invoke.DirectMethodHandle$Holder.invokeStaticInit(java.lang.Object, java.lang.Object, java.lang.Object, java.lang.Object)'> (0x000000008339ac38) thrown at [./src/hotspot/share/interpreter/linkResolver.cpp, line 773]
Event: 14.210 Thread 0x0000027f57249000 Exception <a 'java/lang/NoSuchMethodError'{0x000000008380bd18}: 'java.lang.Object java.lang.invoke.DirectMethodHandle$Holder.invokeStatic(java.lang.Object, java.lang.Object, java.lang.Object, int)'> (0x000000008380bd18) thrown at [./src/hotspot/share/interpreter/linkResolver.cpp, line 773]
Event: 14.211 Thread 0x0000027f57249000 Exception <a 'java/lang/NoSuchMethodError'{0x0000000083810330}: 'java.lang.Object java.lang.invoke.DirectMethodHandle$Holder.invokeSpecial(java.lang.Object, java.lang.Object, java.lang.Object, java.lang.Object, int)'> (0x0000000083810330) thrown at [./src/hotspot/share/interpreter/linkResolver.cpp, line 773]
Event: 14.211 Thread 0x0000027f57249000 Exception <a 'java/lang/NoSuchMethodError'{0x0000000083814268}: 'java.lang.Object java.lang.invoke.Invokers$Holder.linkToTargetMethod(java.lang.Object, java.lang.Object, int, java.lang.Object)'> (0x0000000083814268) thrown at [./src/hotspot/share/interpreter/linkResolver.cpp, line 773]
Event: 14.619 Thread 0x0000027f57249000 Exception <a 'java/lang/NoSuchMethodError'{0x0000000083852aa0}: 'void java.lang.invoke.DirectMethodHandle$Holder.invokeStatic(java.lang.Object, java.lang.Object, java.lang.Object, int, java.lang.Object)'> (0x0000000083852aa0) thrown at [./src/hotspot/share/interpreter/linkResolver.cpp, line 773]
Event: 14.660 Thread 0x0000027f57249000 Implicit null exception at 0x0000027f473e8974 to 0x0000027f473e8ecc
Event: 14.943 Thread 0x0000027f58b37800 Exception <a 'sun/nio/fs/WindowsException'{0x0000000083a4e388}> (0x0000000083a4e388) thrown at [./src/hotspot/share/prims/jni.cpp, line 615]
Event: 14.957 Thread 0x0000027f58b37800 Exception <a 'java/lang/IncompatibleClassChangeError'{0x0000000083a73cf8}: Found class java.lang.Object, but interface was expected> (0x0000000083a73cf8) thrown at [./src/hotspot/share/interpreter/linkResolver.cpp, line 839]

Events (20 events):
Event: 15.211 loading class org/apache/http/protocol/RequestContent
Event: 15.211 loading class org/apache/http/protocol/RequestContent done
Event: 15.212 loading class org/apache/http/client/protocol/RequestClientConnControl
Event: 15.212 loading class org/apache/http/client/protocol/RequestClientConnControl done
Event: 15.213 loading class org/apache/http/client/protocol/RequestExpectContinue
Event: 15.213 loading class org/apache/http/client/protocol/RequestExpectContinue done
Event: 15.213 loading class org/apache/http/protocol/ChainBuilder
Event: 15.213 loading class org/apache/http/protocol/ChainBuilder done
Event: 15.214 loading class org/apache/http/client/protocol/RequestAddCookies
Event: 15.214 loading class org/apache/http/client/protocol/RequestAddCookies done
Event: 15.215 loading class org/apache/http/client/protocol/RequestAcceptEncoding
Event: 15.215 loading class org/apache/http/client/protocol/RequestAcceptEncoding done
Event: 15.215 loading class org/apache/http/client/protocol/RequestAuthCache
Event: 15.215 loading class org/apache/http/client/protocol/RequestAuthCache done
Event: 15.216 loading class org/apache/http/client/protocol/ResponseProcessCookies
Event: 15.216 loading class org/apache/http/client/protocol/ResponseProcessCookies done
Event: 15.217 loading class org/apache/http/cookie/MalformedCookieException
Event: 15.217 loading class org/apache/http/cookie/MalformedCookieException done
Event: 15.217 loading class org/apache/http/client/protocol/ResponseContentEncoding
Event: 15.217 loading class org/apache/http/client/protocol/ResponseContentEncoding done


Dynamic libraries:
0x00007ff603f20000 - 0x00007ff603f2a000 	C:\Program Files\Android\Android Studio\jre\bin\java.exe
0x00007ff9b8fd0000 - 0x00007ff9b91c5000 	C:\Windows\SYSTEM32\ntdll.dll
0x00007ff9b7380000 - 0x00007ff9b743d000 	C:\Windows\System32\KERNEL32.DLL
0x00007ff9b6910000 - 0x00007ff9b6bd9000 	C:\Windows\System32\KERNELBASE.dll
0x00007ff9b6810000 - 0x00007ff9b6910000 	C:\Windows\System32\ucrtbase.dll
0x00007ff9b1d20000 - 0x00007ff9b1d39000 	C:\Program Files\Android\Android Studio\jre\bin\jli.dll
0x00007ff9b85e0000 - 0x00007ff9b8780000 	C:\Windows\System32\USER32.dll
0x00007ff9b6760000 - 0x00007ff9b6782000 	C:\Windows\System32\win32u.dll
0x00007ff9b88c0000 - 0x00007ff9b88ea000 	C:\Windows\System32\GDI32.dll
0x00007ff9b6f20000 - 0x00007ff9b702b000 	C:\Windows\System32\gdi32full.dll
0x00007ff9b6c90000 - 0x00007ff9b6d2d000 	C:\Windows\System32\msvcp_win.dll
0x00007ff9b1d00000 - 0x00007ff9b1d17000 	C:\Program Files\Android\Android Studio\jre\bin\VCRUNTIME140.dll
0x00007ff99b800000 - 0x00007ff99ba9a000 	C:\Windows\WinSxS\amd64_microsoft.windows.common-controls_6595b64144ccf1df_6.0.19041.844_none_ca00b6081b84eb1d\COMCTL32.dll
0x00007ff9b84b0000 - 0x00007ff9b854e000 	C:\Windows\System32\msvcrt.dll
0x00007ff9b85b0000 - 0x00007ff9b85e0000 	C:\Windows\System32\IMM32.DLL
0x00007ff9b18a0000 - 0x00007ff9b193d000 	C:\Program Files\Android\Android Studio\jre\bin\msvcp140.dll
0x00007ff988ae0000 - 0x00007ff9895c5000 	C:\Program Files\Android\Android Studio\jre\bin\server\jvm.dll
0x00007ff9b7030000 - 0x00007ff9b70dc000 	C:\Windows\System32\ADVAPI32.dll
0x00007ff9b8a80000 - 0x00007ff9b8b1c000 	C:\Windows\System32\sechost.dll
0x00007ff9b8780000 - 0x00007ff9b88ab000 	C:\Windows\System32\RPCRT4.dll
0x00007ff9b7ef0000 - 0x00007ff9b7ef8000 	C:\Windows\System32\PSAPI.DLL
0x00007ff9b1790000 - 0x00007ff9b1799000 	C:\Windows\SYSTEM32\WSOCK32.dll
0x00007ff9b7c20000 - 0x00007ff9b7c8b000 	C:\Windows\System32\WS2_32.dll
0x00007ff9aa5b0000 - 0x00007ff9aa5d7000 	C:\Windows\SYSTEM32\WINMM.dll
0x00007ff9aa5e0000 - 0x00007ff9aa5ea000 	C:\Windows\SYSTEM32\VERSION.dll
0x00007ff9b4690000 - 0x00007ff9b46a2000 	C:\Windows\SYSTEM32\kernel.appcore.dll
0x00007ff9b0b20000 - 0x00007ff9b0b31000 	C:\Program Files\Android\Android Studio\jre\bin\verify.dll
0x00007ff9a4d60000 - 0x00007ff9a4f44000 	C:\Windows\SYSTEM32\DBGHELP.DLL
0x00007ff9a2fa0000 - 0x00007ff9a2fcc000 	C:\Windows\SYSTEM32\dbgcore.DLL
0x00007ff9b6790000 - 0x00007ff9b6810000 	C:\Windows\System32\bcryptPrimitives.dll
0x00007ff9b0af0000 - 0x00007ff9b0b19000 	C:\Program Files\Android\Android Studio\jre\bin\java.dll
0x00007ff9b1530000 - 0x00007ff9b153b000 	C:\Program Files\Android\Android Studio\jre\bin\jimage.dll
0x00007ff9b0ad0000 - 0x00007ff9b0ae8000 	C:\Program Files\Android\Android Studio\jre\bin\zip.dll
0x00007ff9b74d0000 - 0x00007ff9b7c12000 	C:\Windows\System32\SHELL32.dll
0x00007ff9b4890000 - 0x00007ff9b5020000 	C:\Windows\SYSTEM32\windows.storage.dll
0x00007ff9b8bd0000 - 0x00007ff9b8f25000 	C:\Windows\System32\combase.dll
0x00007ff9b6110000 - 0x00007ff9b613c000 	C:\Windows\SYSTEM32\Wldp.dll
0x00007ff9b8b20000 - 0x00007ff9b8bce000 	C:\Windows\System32\SHCORE.dll
0x00007ff9b8f30000 - 0x00007ff9b8f85000 	C:\Windows\System32\shlwapi.dll
0x00007ff9b6650000 - 0x00007ff9b666f000 	C:\Windows\SYSTEM32\profapi.dll
0x00007ff9b0ab0000 - 0x00007ff9b0aca000 	C:\Program Files\Android\Android Studio\jre\bin\net.dll
0x00007ff9adca0000 - 0x00007ff9addac000 	C:\Windows\SYSTEM32\WINHTTP.dll
0x00007ff9b5e30000 - 0x00007ff9b5e9a000 	C:\Windows\system32\mswsock.dll
0x00007ff9b07f0000 - 0x00007ff9b0804000 	C:\Program Files\Android\Android Studio\jre\bin\nio.dll
0x00007ff9b1c90000 - 0x00007ff9b1cb7000 	C:\Users\SWAGAT\.gradle\native\f6784746aeab05261644944871eae4fe03e0ef1612fff0a4a95f87b438bc6780\windows-amd64\native-platform.dll
0x00007ff9b0aa0000 - 0x00007ff9b0aaa000 	C:\Program Files\Android\Android Studio\jre\bin\management.dll
0x00007ff9b1780000 - 0x00007ff9b178d000 	C:\Program Files\Android\Android Studio\jre\bin\management_ext.dll
0x00007ff9b6010000 - 0x00007ff9b6028000 	C:\Windows\SYSTEM32\CRYPTSP.dll
0x00007ff9b57d0000 - 0x00007ff9b5804000 	C:\Windows\system32\rsaenh.dll
0x00007ff9b6d30000 - 0x00007ff9b6d57000 	C:\Windows\System32\bcrypt.dll
0x00007ff9b6610000 - 0x00007ff9b663e000 	C:\Windows\SYSTEM32\USERENV.dll
0x00007ff9b6000000 - 0x00007ff9b600c000 	C:\Windows\SYSTEM32\CRYPTBASE.dll
0x00007ff9b5b20000 - 0x00007ff9b5b5b000 	C:\Windows\SYSTEM32\IPHLPAPI.DLL
0x00007ff9b88b0000 - 0x00007ff9b88b8000 	C:\Windows\System32\NSI.dll
0x00007ff9afbf0000 - 0x00007ff9afc07000 	C:\Windows\SYSTEM32\dhcpcsvc6.DLL
0x00007ff9afbd0000 - 0x00007ff9afbed000 	C:\Windows\SYSTEM32\dhcpcsvc.DLL
0x00007ff9b5b60000 - 0x00007ff9b5c2b000 	C:\Windows\SYSTEM32\DNSAPI.dll
0x00007ff9afe20000 - 0x00007ff9afe2b000 	C:\Windows\SYSTEM32\WINNSI.DLL
0x00007ff9b0300000 - 0x00007ff9b0327000 	C:\Program Files\Android\Android Studio\jre\bin\sunec.dll

dbghelp: loaded successfully - version: 4.0.5 - missing functions: none
symbol engine: initialized successfully - sym options: 0x614 - pdb path: .;C:\Program Files\Android\Android Studio\jre\bin;C:\Windows\SYSTEM32;C:\Windows\WinSxS\amd64_microsoft.windows.common-controls_6595b64144ccf1df_6.0.19041.844_none_ca00b6081b84eb1d;C:\Program Files\Android\Android Studio\jre\bin\server;C:\Users\SWAGAT\.gradle\native\f6784746aeab05261644944871eae4fe03e0ef1612fff0a4a95f87b438bc6780\windows-amd64

VM Arguments:
jvm_args: --add-opens=java.base/java.util=ALL-UNNAMED --add-opens=java.base/java.lang=ALL-UNNAMED --add-opens=java.base/java.lang.invoke=ALL-UNNAMED --add-opens=java.prefs/java.util.prefs=ALL-UNNAMED -Xmx2048m -Dfile.encoding=UTF-8 -Duser.country=US -Duser.language=en -Duser.variant 
java_command: org.gradle.launcher.daemon.bootstrap.GradleDaemon 6.5
java_class_path (initial): C:\Users\SWAGAT\.gradle\wrapper\dists\gradle-6.5-bin\6nifqtx7604sqp1q6g8wikw7p\gradle-6.5\lib\gradle-launcher-6.5.jar
Launcher Type: SUN_STANDARD

[Global flags]
     intx CICompilerCount                          = 3                                         {product} {ergonomic}
     uint ConcGCThreads                            = 1                                         {product} {ergonomic}
     uint G1ConcRefinementThreads                  = 4                                         {product} {ergonomic}
   size_t G1HeapRegionSize                         = 1048576                                   {product} {ergonomic}
    uintx GCDrainStackTargetSize                   = 64                                        {product} {ergonomic}
   size_t InitialHeapSize                          = 67108864                                  {product} {ergonomic}
   size_t MarkStackSize                            = 4194304                                   {product} {ergonomic}
   size_t MaxHeapSize                              = 2147483648                                {product} {command line}
   size_t MaxNewSize                               = 1287651328                                {product} {ergonomic}
   size_t MinHeapDeltaBytes                        = 1048576                                   {product} {ergonomic}
    uintx NonNMethodCodeHeapSize                   = 5830732                                {pd product} {ergonomic}
    uintx NonProfiledCodeHeapSize                  = 122913754                              {pd product} {ergonomic}
    uintx ProfiledCodeHeapSize                     = 122913754                              {pd product} {ergonomic}
    uintx ReservedCodeCacheSize                    = 251658240                              {pd product} {ergonomic}
     bool SegmentedCodeCache                       = true                                      {product} {ergonomic}
     bool UseCompressedClassPointers               = true                                 {lp64_product} {ergonomic}
     bool UseCompressedOops                        = true                                 {lp64_product} {ergonomic}
     bool UseG1GC                                  = true                                      {product} {ergonomic}
     bool UseLargePagesIndividualAllocation        = false                                  {pd product} {ergonomic}

Logging:
Log output configuration:
 #0: stdout all=warning uptime,level,tags
 #1: stderr all=off uptime,level,tags

Environment Variables:
JAVA_HOME=C:\Program Files\Java\jdk-17.0.2
PATH=C:\oraclexe\app\oracle\product\10.2.0\server\bin;C:\Program Files\Common Files\Oracle\Java\javapath;C:\VMware\bin\;C:\Windows\system32;C:\Windows;C:\Windows\System32\Wbem;C:\Windows\System32\WindowsPowerShell\v1.0\;C:\Windows\System32\OpenSSH\;C:\Program Files (x86)\AMD\ATI.ACE\Core-Static;C:\Program Files (x86)\ATI Technologies\ATI.ACE\Core-Static;C:\Program Files (x86)\NVIDIA Corporation\PhysX\Common;C:\Program Files\Java\jdk-17.0.2\bin;C:\Program Files\Git\cmd;C:\Users\SWAGAT\AppData\Local\Programs\Python\Python39\Scripts\;C:\Users\SWAGAT\AppData\Local\Programs\Python\Python39\;C:\Users\SWAGAT\AppData\Local\Microsoft\WindowsApps;C:\Users\SWAGAT\AppData\Local\atom\bin
USERNAME=SWAGAT
OS=Windows_NT
PROCESSOR_IDENTIFIER=Intel64 Family 6 Model 42 Stepping 7, GenuineIntel



---------------  S Y S T E M  ---------------

OS: Windows 10 , 64 bit Build 19041 (10.0.19041.804)
OS uptime: 0 days 0:10 hours

CPU:total 4 (initial active 4) (2 cores per cpu, 2 threads per core) family 6 model 42 stepping 7 microcode 0x2f, cmov, cx8, fxsr, mmx, sse, sse2, sse3, ssse3, sse4.1, sse4.2, popcnt, avx, clmul, ht, tsc, tscinvbit

Memory: 4k page, system-wide physical 4078M (605M free)
TotalPageFile size 16366M (AvailPageFile size 5M)
current process WorkingSet (physical memory assigned to process): 236M, peak: 236M
current process commit charge ("private bytes"): 271M, peak: 271M

vm_info: OpenJDK 64-Bit Server VM (11.0.12+7-b1504.28-7817840) for windows-amd64 JRE (11.0.12+7-b1504.28-7817840), built on Oct 13 2021 22:12:33 by "builder" with MS VC++ 14.0 (VS2015)

END.
