#
# There is insufficient memory for the Java Runtime Environment to continue.
# Native memory allocation (mmap) failed to map 103809024 bytes for Failed to commit area from 0x000000008ad00000 to 0x0000000091000000 of length 103809024.
# Possible reasons:
#   The system is out of physical RAM or swap space
#   The process is running with CompressedOops enabled, and the Java Heap may be blocking the growth of the native heap
# Possible solutions:
#   Reduce memory load on the system
#   Increase physical memory or swap space
#   Check if swap backing store is full
#   Decrease Java heap size (-Xmx/-Xms)
#   Decrease number of Java threads
#   Decrease Java thread stack sizes (-Xss)
#   Set larger code cache with -XX:ReservedCodeCacheSize=
#   JVM is running with Unscaled Compressed Oops mode in which the Java heap is
#     placed in the first 4GB address space. The Java Heap base address is the
#     maximum limit for the native heap growth. Please use -XX:HeapBaseMinAddress
#     to set the Java Heap base and to place the Java Heap above 4GB virtual address.
# This output file may be truncated or incomplete.
#
#  Out of Memory Error (./src/hotspot/os/windows/os_windows.cpp:3521), pid=4900, tid=10852
#
# JRE version: OpenJDK Runtime Environment (11.0.12+7) (build 11.0.12+7-b1504.28-7817840)
# Java VM: OpenJDK 64-Bit Server VM (11.0.12+7-b1504.28-7817840, mixed mode, tiered, compressed oops, g1 gc, windows-amd64)
# No core dump will be written. Minidumps are not enabled by default on client versions of Windows
#

---------------  S U M M A R Y ------------

Command Line: --add-opens=java.base/java.util=ALL-UNNAMED --add-opens=java.base/java.lang=ALL-UNNAMED --add-opens=java.base/java.lang.invoke=ALL-UNNAMED --add-opens=java.base/java.util=ALL-UNNAMED --add-opens=java.prefs/java.util.prefs=ALL-UNNAMED --add-opens=java.prefs/java.util.prefs=ALL-UNNAMED --add-opens=java.base/java.nio.charset=ALL-UNNAMED --add-opens=java.base/java.net=ALL-UNNAMED --add-opens=java.base/java.util.concurrent.atomic=ALL-UNNAMED -Xmx2048m -Dfile.encoding=UTF-8 -Duser.country=US -Duser.language=en -Duser.variant org.gradle.launcher.daemon.bootstrap.GradleDaemon 7.3.3

Host: Intel(R) Core(TM) i3-2130 CPU @ 3.40GHz, 4 cores, 3G,  Windows 10 , 64 bit Build 19041 (10.0.19041.804)
Time: Wed May 25 19:03:51 2022 India Standard Time elapsed time: 530.090675 seconds (0d 0h 8m 50s)

---------------  T H R E A D  ---------------

Current thread (0x0000013a26b96000):  VMThread "VM Thread" [stack: 0x0000001a9b000000,0x0000001a9b100000] [id=10852]

Stack: [0x0000001a9b000000,0x0000001a9b100000]
[error occurred during error reporting (printing stack bounds), id 0xc0000005, EXCEPTION_ACCESS_VIOLATION (0xc0000005) at pc=0x0000013a10ae112d]

Native frames: (J=compiled Java code, j=interpreted, Vv=VM code, C=native code)
V  [jvm.dll+0x5fbcea]
V  [jvm.dll+0x731905]
V  [jvm.dll+0x732f1d]
V  [jvm.dll+0x733535]
V  [jvm.dll+0x7334eb]
V  [jvm.dll+0x5fb080]
V  [jvm.dll+0x5fb818]
C  [ntdll.dll+0xa1f6f]
C  [ntdll.dll+0x51454]
C  [ntdll.dll+0xa0a9e]
C  0x0000013a10ae112d

VM_Operation (0x0000001aa02f99e0): G1CollectForAllocation, mode: safepoint, requested by thread 0x0000013a27d45000


---------------  P R O C E S S  ---------------

Threads class SMR info:
_java_thread_list=0x0000013a29a4d3e0, length=85, elements={
0x0000013a0cfd0000, 0x0000013a26b9c000, 0x0000013a26ba0000, 0x0000013a0d0ac800,
0x0000013a26bf5800, 0x0000013a26bf7800, 0x0000013a26bfe000, 0x0000013a26c06000,
0x0000013a26c08800, 0x0000013a2767f000, 0x0000013a28219000, 0x0000013a2849f000,
0x0000013a29004800, 0x0000013a29300800, 0x0000013a29303000, 0x0000013a29306000,
0x0000013a29302000, 0x0000013a29305000, 0x0000013a29303800, 0x0000013a29301000,
0x0000013a29828000, 0x0000013a29828800, 0x0000013a2982b000, 0x0000013a29827000,
0x0000013a2c073800, 0x0000013a2c06c000, 0x0000013a2c066000, 0x0000013a2c06a800,
0x0000013a2c068800, 0x0000013a2c069800, 0x0000013a2c067000, 0x0000013a2c06d800,
0x0000013a2c06b000, 0x0000013a2c06d000, 0x0000013a2c068000, 0x0000013a2c071800,
0x0000013a2c06e800, 0x0000013a2c071000, 0x0000013a2c075000, 0x0000013a2c06f000,
0x0000013a2c074000, 0x0000013a2c070000, 0x0000013a2c072800, 0x0000013a29829800,
0x0000013a2982e800, 0x0000013a2982a800, 0x0000013a29830000, 0x0000013a2982c000,
0x0000013a29832800, 0x0000013a2982f800, 0x0000013a2982d800, 0x0000013a29835000,
0x0000013a29834000, 0x0000013a29833800, 0x0000013a29304800, 0x0000013a29307000,
0x0000013a29de2800, 0x0000013a29de3800, 0x0000013a29de1000, 0x0000013a29de2000,
0x0000013a29de4800, 0x0000013a29de5000, 0x0000013a29de7000, 0x0000013a29de6000,
0x0000013a29de7800, 0x0000013a27d3d800, 0x0000013a27d3f000, 0x0000013a27d40000,
0x0000013a27d3a800, 0x0000013a27d41000, 0x0000013a27d3b000, 0x0000013a27d3e800,
0x0000013a27d3d000, 0x0000013a27d41800, 0x0000013a27d3c000, 0x0000013a27d48000,
0x0000013a27d44000, 0x0000013a27d47800, 0x0000013a27d46800, 0x0000013a27d42800,
0x0000013a27d43800, 0x0000013a27d45000, 0x0000013a27d45800, 0x0000013a27d49000,
0x0000013a30b3f800
}

Java Threads: ( => current thread )
  0x0000013a0cfd0000 JavaThread "main" [_thread_blocked, id=9140, stack(0x0000001a9aa00000,0x0000001a9ab00000)]
  0x0000013a26b9c000 JavaThread "Reference Handler" daemon [_thread_blocked, id=9488, stack(0x0000001a9b100000,0x0000001a9b200000)]
  0x0000013a26ba0000 JavaThread "Finalizer" daemon [_thread_blocked, id=9068, stack(0x0000001a9b200000,0x0000001a9b300000)]
  0x0000013a0d0ac800 JavaThread "Signal Dispatcher" daemon [_thread_blocked, id=8928, stack(0x0000001a9b300000,0x0000001a9b400000)]
  0x0000013a26bf5800 JavaThread "Attach Listener" daemon [_thread_blocked, id=3832, stack(0x0000001a9b400000,0x0000001a9b500000)]
  0x0000013a26bf7800 JavaThread "Service Thread" daemon [_thread_blocked, id=10916, stack(0x0000001a9b500000,0x0000001a9b600000)]
  0x0000013a26bfe000 JavaThread "C2 CompilerThread0" daemon [_thread_blocked, id=3408, stack(0x0000001a9b600000,0x0000001a9b700000)]
  0x0000013a26c06000 JavaThread "C1 CompilerThread0" daemon [_thread_blocked, id=540, stack(0x0000001a9b700000,0x0000001a9b800000)]
  0x0000013a26c08800 JavaThread "Sweeper thread" daemon [_thread_blocked, id=9704, stack(0x0000001a9b800000,0x0000001a9b900000)]
  0x0000013a2767f000 JavaThread "Common-Cleaner" daemon [_thread_blocked, id=6248, stack(0x0000001a9b900000,0x0000001a9ba00000)]
  0x0000013a28219000 JavaThread "Daemon health stats" [_thread_blocked, id=7772, stack(0x0000001a9bc00000,0x0000001a9bd00000)]
  0x0000013a2849f000 JavaThread "Incoming local TCP Connector on port 50072" [_thread_in_native, id=10940, stack(0x0000001a9bd00000,0x0000001a9be00000)]
  0x0000013a29004800 JavaThread "Daemon periodic checks" [_thread_blocked, id=4520, stack(0x0000001a9be00000,0x0000001a9bf00000)]
  0x0000013a29300800 JavaThread "Cache worker for journal cache (C:\Users\SWAGAT\.gradle\caches\journal-1)" [_thread_blocked, id=10564, stack(0x0000001a9c800000,0x0000001a9c900000)]
  0x0000013a29303000 JavaThread "File lock request listener" [_thread_in_native, id=6840, stack(0x0000001a9c900000,0x0000001a9ca00000)]
  0x0000013a29306000 JavaThread "Cache worker for file hash cache (C:\Users\SWAGAT\.gradle\caches\7.3.3\fileHashes)" [_thread_blocked, id=10052, stack(0x0000001a9ca00000,0x0000001a9cb00000)]
  0x0000013a29302000 JavaThread "File watcher server" daemon [_thread_blocked, id=10112, stack(0x0000001a9cc00000,0x0000001a9cd00000)]
  0x0000013a29305000 JavaThread "File watcher consumer" daemon [_thread_blocked, id=7220, stack(0x0000001a9cd00000,0x0000001a9ce00000)]
  0x0000013a29303800 JavaThread "jar transforms" [_thread_blocked, id=7144, stack(0x0000001a9ce00000,0x0000001a9cf00000)]
  0x0000013a29301000 JavaThread "jar transforms Thread 2" [_thread_blocked, id=8528, stack(0x0000001a9cf00000,0x0000001a9d000000)]
  0x0000013a29828000 JavaThread "jar transforms Thread 3" [_thread_blocked, id=996, stack(0x0000001a9d000000,0x0000001a9d100000)]
  0x0000013a29828800 JavaThread "jar transforms Thread 4" [_thread_blocked, id=3532, stack(0x0000001a9d100000,0x0000001a9d200000)]
  0x0000013a2982b000 JavaThread "Cache worker for execution history cache (C:\Users\SWAGAT\.gradle\caches\7.3.3\executionHistory)" [_thread_blocked, id=10192, stack(0x0000001a9d500000,0x0000001a9d600000)]
  0x0000013a29827000 JavaThread "Cache worker for file content cache (C:\Users\SWAGAT\.gradle\caches\7.3.3\fileContent)" [_thread_blocked, id=864, stack(0x0000001a9d600000,0x0000001a9d700000)]
  0x0000013a2c073800 JavaThread "Memory manager" [_thread_blocked, id=6612, stack(0x0000001aa0100000,0x0000001aa0200000)]
  0x0000013a2c06c000 JavaThread "Daemon Thread 2" [_thread_blocked, id=2964, stack(0x0000001a9a700000,0x0000001a9a800000)]
  0x0000013a2c066000 JavaThread "Handler for socket connection from /127.0.0.1:50072 to /127.0.0.1:56048" [_thread_in_native, id=8820, stack(0x0000001a9a800000,0x0000001a9a900000)]
  0x0000013a2c06a800 JavaThread "Cancel handler" [_thread_blocked, id=472, stack(0x0000001a9a900000,0x0000001a9aa00000)]
  0x0000013a2c068800 JavaThread "Daemon worker Thread 2" [_thread_blocked, id=11052, stack(0x0000001a9bf00000,0x0000001a9c000000)]
  0x0000013a2c069800 JavaThread "Asynchronous log dispatcher for DefaultDaemonConnection: socket connection from /127.0.0.1:50072 to /127.0.0.1:56048" [_thread_blocked, id=6976, stack(0x0000001a9c000000,0x0000001a9c100000)]
  0x0000013a2c067000 JavaThread "Stdin handler" [_thread_blocked, id=4488, stack(0x0000001a9c100000,0x0000001a9c200000)]
  0x0000013a2c06d800 JavaThread "Daemon client event forwarder" [_thread_blocked, id=1620, stack(0x0000001a9c200000,0x0000001a9c300000)]
  0x0000013a2c06b000 JavaThread "Cache worker for file hash cache (C:\Users\SWAGAT\Udacity Android apps\Animus\.gradle\7.3.3\fileHashes)" [_thread_blocked, id=11136, stack(0x0000001a9c300000,0x0000001a9c400000)]
  0x0000013a2c06d000 JavaThread "Cache worker for checksums cache (C:\Users\SWAGAT\Udacity Android apps\Animus\.gradle\7.3.3\checksums)" [_thread_blocked, id=7304, stack(0x0000001a9c400000,0x0000001a9c500000)]
  0x0000013a2c068000 JavaThread "Cache worker for cache directory md-supplier (C:\Users\SWAGAT\.gradle\caches\7.3.3\md-supplier)" [_thread_blocked, id=7876, stack(0x0000001a9c500000,0x0000001a9c600000)]
  0x0000013a2c071800 JavaThread "Cache worker for cache directory md-rule (C:\Users\SWAGAT\.gradle\caches\7.3.3\md-rule)" [_thread_blocked, id=2056, stack(0x0000001a9cb00000,0x0000001a9cc00000)]
  0x0000013a2c06e800 JavaThread "Cache worker for dependencies-accessors (C:\Users\SWAGAT\Udacity Android apps\Animus\.gradle\7.3.3\dependencies-accessors)" [_thread_blocked, id=856, stack(0x0000001a9d200000,0x0000001a9d300000)]
  0x0000013a2c071000 JavaThread "Cache worker for Build Output Cleanup Cache (C:\Users\SWAGAT\Udacity Android apps\Animus\.gradle\buildOutputCleanup)" [_thread_blocked, id=8320, stack(0x0000001a9d300000,0x0000001a9d400000)]
  0x0000013a2c075000 JavaThread "Unconstrained build operations" [_thread_blocked, id=9144, stack(0x0000001a9d400000,0x0000001a9d500000)]
  0x0000013a2c06f000 JavaThread "Unconstrained build operations Thread 2" [_thread_blocked, id=6896, stack(0x0000001a9d700000,0x0000001a9d800000)]
  0x0000013a2c074000 JavaThread "Unconstrained build operations Thread 3" [_thread_blocked, id=1052, stack(0x0000001a9d800000,0x0000001a9d900000)]
  0x0000013a2c070000 JavaThread "Unconstrained build operations Thread 4" [_thread_blocked, id=6604, stack(0x0000001a9d900000,0x0000001a9da00000)]
  0x0000013a2c072800 JavaThread "Unconstrained build operations Thread 5" [_thread_blocked, id=9696, stack(0x0000001a9da00000,0x0000001a9db00000)]
  0x0000013a29829800 JavaThread "Unconstrained build operations Thread 6" [_thread_blocked, id=7644, stack(0x0000001a9db00000,0x0000001a9dc00000)]
  0x0000013a2982e800 JavaThread "Unconstrained build operations Thread 7" [_thread_blocked, id=5952, stack(0x0000001a9dc00000,0x0000001a9dd00000)]
  0x0000013a2982a800 JavaThread "Unconstrained build operations Thread 8" [_thread_blocked, id=11176, stack(0x0000001a9dd00000,0x0000001a9de00000)]
  0x0000013a29830000 JavaThread "Unconstrained build operations Thread 9" [_thread_blocked, id=7928, stack(0x0000001a9de00000,0x0000001a9df00000)]
  0x0000013a2982c000 JavaThread "Unconstrained build operations Thread 10" [_thread_blocked, id=736, stack(0x0000001a9df00000,0x0000001a9e000000)]
  0x0000013a29832800 JavaThread "Unconstrained build operations Thread 11" [_thread_blocked, id=10152, stack(0x0000001a9e000000,0x0000001a9e100000)]
  0x0000013a2982f800 JavaThread "Unconstrained build operations Thread 12" [_thread_blocked, id=5708, stack(0x0000001a9e100000,0x0000001a9e200000)]
  0x0000013a2982d800 JavaThread "Unconstrained build operations Thread 13" [_thread_blocked, id=8160, stack(0x0000001a9e200000,0x0000001a9e300000)]
  0x0000013a29835000 JavaThread "Unconstrained build operations Thread 14" [_thread_blocked, id=10296, stack(0x0000001a9e300000,0x0000001a9e400000)]
  0x0000013a29834000 JavaThread "Unconstrained build operations Thread 15" [_thread_blocked, id=5920, stack(0x0000001a9e400000,0x0000001a9e500000)]
  0x0000013a29833800 JavaThread "Unconstrained build operations Thread 16" [_thread_blocked, id=6972, stack(0x0000001a9e500000,0x0000001a9e600000)]
  0x0000013a29304800 JavaThread "Unconstrained build operations Thread 17" [_thread_blocked, id=1848, stack(0x0000001a9e600000,0x0000001a9e700000)]
  0x0000013a29307000 JavaThread "Unconstrained build operations Thread 18" [_thread_blocked, id=6264, stack(0x0000001a9e700000,0x0000001a9e800000)]
  0x0000013a29de2800 JavaThread "Unconstrained build operations Thread 19" [_thread_blocked, id=10600, stack(0x0000001a9e800000,0x0000001a9e900000)]
  0x0000013a29de3800 JavaThread "Unconstrained build operations Thread 20" [_thread_blocked, id=2680, stack(0x0000001a9e900000,0x0000001a9ea00000)]
  0x0000013a29de1000 JavaThread "Unconstrained build operations Thread 21" [_thread_blocked, id=11068, stack(0x0000001a9ea00000,0x0000001a9eb00000)]
  0x0000013a29de2000 JavaThread "Unconstrained build operations Thread 22" [_thread_blocked, id=7780, stack(0x0000001a9eb00000,0x0000001a9ec00000)]
  0x0000013a29de4800 JavaThread "Unconstrained build operations Thread 23" [_thread_blocked, id=500, stack(0x0000001a9ec00000,0x0000001a9ed00000)]
  0x0000013a29de5000 JavaThread "Unconstrained build operations Thread 24" [_thread_blocked, id=5772, stack(0x0000001a9ed00000,0x0000001a9ee00000)]
  0x0000013a29de7000 JavaThread "Unconstrained build operations Thread 25" [_thread_blocked, id=6128, stack(0x0000001a9ee00000,0x0000001a9ef00000)]
  0x0000013a29de6000 JavaThread "Unconstrained build operations Thread 26" [_thread_blocked, id=5092, stack(0x0000001a9ef00000,0x0000001a9f000000)]
  0x0000013a29de7800 JavaThread "Unconstrained build operations Thread 27" [_thread_blocked, id=2988, stack(0x0000001a9f000000,0x0000001a9f100000)]
  0x0000013a27d3d800 JavaThread "Unconstrained build operations Thread 28" [_thread_blocked, id=1192, stack(0x0000001a9f100000,0x0000001a9f200000)]
  0x0000013a27d3f000 JavaThread "Unconstrained build operations Thread 29" [_thread_blocked, id=1408, stack(0x0000001a9f200000,0x0000001a9f300000)]
  0x0000013a27d40000 JavaThread "Unconstrained build operations Thread 30" [_thread_blocked, id=4884, stack(0x0000001a9f300000,0x0000001a9f400000)]
  0x0000013a27d3a800 JavaThread "Unconstrained build operations Thread 31" [_thread_blocked, id=7052, stack(0x0000001a9f400000,0x0000001a9f500000)]
  0x0000013a27d41000 JavaThread "Unconstrained build operations Thread 32" [_thread_blocked, id=6792, stack(0x0000001a9f500000,0x0000001a9f600000)]
  0x0000013a27d3b000 JavaThread "Unconstrained build operations Thread 33" [_thread_blocked, id=11168, stack(0x0000001a9f600000,0x0000001a9f700000)]
  0x0000013a27d3e800 JavaThread "Unconstrained build operations Thread 34" [_thread_blocked, id=1268, stack(0x0000001a9f700000,0x0000001a9f800000)]
  0x0000013a27d3d000 JavaThread "Unconstrained build operations Thread 35" [_thread_blocked, id=1900, stack(0x0000001a9f800000,0x0000001a9f900000)]
  0x0000013a27d41800 JavaThread "Unconstrained build operations Thread 36" [_thread_blocked, id=5608, stack(0x0000001a9f900000,0x0000001a9fa00000)]
  0x0000013a27d3c000 JavaThread "Unconstrained build operations Thread 37" [_thread_blocked, id=2852, stack(0x0000001a9fa00000,0x0000001a9fb00000)]
  0x0000013a27d48000 JavaThread "Unconstrained build operations Thread 38" [_thread_blocked, id=2092, stack(0x0000001a9fb00000,0x0000001a9fc00000)]
  0x0000013a27d44000 JavaThread "Unconstrained build operations Thread 39" [_thread_blocked, id=5004, stack(0x0000001a9fc00000,0x0000001a9fd00000)]
  0x0000013a27d47800 JavaThread "Unconstrained build operations Thread 40" [_thread_blocked, id=4312, stack(0x0000001a9fd00000,0x0000001a9fe00000)]
  0x0000013a27d46800 JavaThread "build event listener" [_thread_blocked, id=6652, stack(0x0000001a9fe00000,0x0000001a9ff00000)]
  0x0000013a27d42800 JavaThread "Execution worker for ':'" [_thread_blocked, id=8184, stack(0x0000001a9ff00000,0x0000001aa0000000)]
  0x0000013a27d43800 JavaThread "Execution worker for ':' Thread 2" [_thread_blocked, id=5316, stack(0x0000001aa0000000,0x0000001aa0100000)]
  0x0000013a27d45000 JavaThread "Execution worker for ':' Thread 3" [_thread_blocked, id=9896, stack(0x0000001aa0200000,0x0000001aa0300000)]
  0x0000013a27d45800 JavaThread "Cache worker for execution history cache (C:\Users\SWAGAT\Udacity Android apps\Animus\.gradle\7.3.3\executionHistory)" [_thread_blocked, id=8312, stack(0x0000001aa0300000,0x0000001aa0400000)]
  0x0000013a27d49000 JavaThread "WorkerExecutor Queue" [_thread_blocked, id=8832, stack(0x0000001aa0400000,0x0000001aa0500000)]
  0x0000013a30b3f800 JavaThread "WorkerExecutor Queue Thread 2" [_thread_blocked, id=8588, stack(0x0000001aa0500000,0x0000001aa0600000)]

Other Threads:
=>0x0000013a26b96000 VMThread "VM Thread" [stack: 0x0000001a9b000000,0x0000001a9b100000] [id=10852]
  0x0000013a27680800 WatcherThread [stack: 0x0000001a9ba00000,0x0000001a9bb00000] [id=10084]
  0x0000013a0cfe3800 GCTaskThread "GC Thread#0" [stack: 0x0000001a9ab00000,0x0000001a9ac00000] [id=10816]
  0x0000013a27872800 GCTaskThread "GC Thread#1" [stack: 0x0000001a9bb00000,0x0000001a9bc00000] [id=5204]
  0x0000013a2873e000 GCTaskThread "GC Thread#2" [stack: 0x0000001a9c600000,0x0000001a9c700000] [id=448]
  0x0000013a286bb800 GCTaskThread "GC Thread#3" [stack: 0x0000001a9c700000,0x0000001a9c800000] [id=7668]
  0x0000013a0d016000 ConcurrentGCThread "G1 Main Marker" [stack: 0x0000001a9ac00000,0x0000001a9ad00000] [id=8424]
  0x0000013a0d017800 ConcurrentGCThread "G1 Conc#0" [stack: 0x0000001a9ad00000,0x0000001a9ae00000] [id=9352]
  0x0000013a0d070800 ConcurrentGCThread "G1 Refine#0" [stack: 0x0000001a9ae00000,0x0000001a9af00000] [id=4764]
  0x0000013a0d071800 ConcurrentGCThread "G1 Young RemSet Sampling" [stack: 0x0000001a9af00000,0x0000001a9b000000] [id=8048]

Threads with active compile tasks:
C2 CompilerThread0 530120 11239       4       sun.nio.cs.UTF_8$Encoder::encodeArrayLoop (489 bytes)

VM state:at safepoint (normal execution)

VM Mutex/Monitor currently owned by a thread:  ([mutex/lock_event])
[0x0000013a0cfcaa60] Threads_lock - owner thread: 0x0000013a26b96000
[0x0000013a0cfca940] Heap_lock - owner thread: 0x0000013a27d45000

Heap address: 0x0000000080000000, size: 2048 MB, Compressed Oops mode: 32-bit
Narrow klass base: 0x0000000000000000, Narrow klass shift: 3
Compressed class space size: 1073741824 Address: 0x0000000100000000

Heap:
 garbage-first heap   total 278528K, used 127161K [0x0000000080000000, 0x0000000100000000)
  region size 1024K, 3 young (3072K), 3 survivors (3072K)
 Metaspace       used 87862K, capacity 90136K, committed 90524K, reserved 1128448K
  class space    used 11322K, capacity 12154K, committed 12288K, reserved 1048576K
Heap Regions: E=young(eden), S=young(survivor), O=old, HS=humongous(starts), HC=humongous(continues), CS=collection set, F=free, A=archive, TAMS=top-at-mark-start (previous, next)
|   0|0x0000000080000000, 0x0000000080100000, 0x0000000080100000|100%| O|  |TAMS 0x0000000080100000, 0x0000000080100000| Untracked 
|   1|0x0000000080100000, 0x0000000080200000, 0x0000000080200000|100%| O|  |TAMS 0x0000000080200000, 0x0000000080200000| Untracked 
|   2|0x0000000080200000, 0x0000000080300000, 0x0000000080300000|100%| O|  |TAMS 0x0000000080300000, 0x0000000080300000| Untracked 
|   3|0x0000000080300000, 0x0000000080400000, 0x0000000080400000|100%|HS|  |TAMS 0x0000000080400000, 0x0000000080400000| Complete 
|   4|0x0000000080400000, 0x0000000080500000, 0x0000000080500000|100%|HC|  |TAMS 0x0000000080500000, 0x0000000080500000| Complete 
|   5|0x0000000080500000, 0x0000000080600000, 0x0000000080600000|100%|HC|  |TAMS 0x0000000080600000, 0x0000000080600000| Complete 
|   6|0x0000000080600000, 0x0000000080700000, 0x0000000080700000|100%| O|  |TAMS 0x0000000080700000, 0x0000000080700000| Untracked 
|   7|0x0000000080700000, 0x0000000080800000, 0x0000000080800000|100%| O|  |TAMS 0x0000000080800000, 0x0000000080800000| Untracked 
|   8|0x0000000080800000, 0x0000000080900000, 0x0000000080900000|100%| O|  |TAMS 0x0000000080900000, 0x0000000080900000| Untracked 
|   9|0x0000000080900000, 0x0000000080a00000, 0x0000000080a00000|100%| O|  |TAMS 0x0000000080a00000, 0x0000000080a00000| Untracked 
|  10|0x0000000080a00000, 0x0000000080b00000, 0x0000000080b00000|100%| O|  |TAMS 0x0000000080b00000, 0x0000000080b00000| Untracked 
|  11|0x0000000080b00000, 0x0000000080c00000, 0x0000000080c00000|100%| O|  |TAMS 0x0000000080c00000, 0x0000000080c00000| Untracked 
|  12|0x0000000080c00000, 0x0000000080d00000, 0x0000000080d00000|100%| O|  |TAMS 0x0000000080d00000, 0x0000000080d00000| Untracked 
|  13|0x0000000080d00000, 0x0000000080e00000, 0x0000000080e00000|100%| O|  |TAMS 0x0000000080e00000, 0x0000000080e00000| Untracked 
|  14|0x0000000080e00000, 0x0000000080f00000, 0x0000000080f00000|100%| O|  |TAMS 0x0000000080f00000, 0x0000000080f00000| Untracked 
|  15|0x0000000080f00000, 0x0000000081000000, 0x0000000081000000|100%| O|  |TAMS 0x0000000081000000, 0x0000000081000000| Untracked 
|  16|0x0000000081000000, 0x0000000081100000, 0x0000000081100000|100%| O|  |TAMS 0x0000000081100000, 0x0000000081100000| Untracked 
|  17|0x0000000081100000, 0x0000000081200000, 0x0000000081200000|100%|HS|  |TAMS 0x0000000081200000, 0x0000000081200000| Complete 
|  18|0x0000000081200000, 0x0000000081300000, 0x0000000081300000|100%|HC|  |TAMS 0x0000000081300000, 0x0000000081300000| Complete 
|  19|0x0000000081300000, 0x0000000081400000, 0x0000000081400000|100%|HS|  |TAMS 0x0000000081400000, 0x0000000081400000| Complete 
|  20|0x0000000081400000, 0x0000000081500000, 0x0000000081500000|100%|HC|  |TAMS 0x0000000081500000, 0x0000000081500000| Complete 
|  21|0x0000000081500000, 0x0000000081600000, 0x0000000081600000|100%|HC|  |TAMS 0x0000000081600000, 0x0000000081600000| Complete 
|  22|0x0000000081600000, 0x0000000081700000, 0x0000000081700000|100%| O|  |TAMS 0x0000000081700000, 0x0000000081700000| Untracked 
|  23|0x0000000081700000, 0x0000000081800000, 0x0000000081800000|100%| O|  |TAMS 0x0000000081800000, 0x0000000081800000| Untracked 
|  24|0x0000000081800000, 0x0000000081900000, 0x0000000081900000|100%| O|  |TAMS 0x0000000081900000, 0x0000000081900000| Untracked 
|  25|0x0000000081900000, 0x0000000081a00000, 0x0000000081a00000|100%| O|  |TAMS 0x0000000081a00000, 0x0000000081a00000| Untracked 
|  26|0x0000000081a00000, 0x0000000081b00000, 0x0000000081b00000|100%| O|  |TAMS 0x0000000081b00000, 0x0000000081b00000| Untracked 
|  27|0x0000000081b00000, 0x0000000081c00000, 0x0000000081c00000|100%| O|  |TAMS 0x0000000081c00000, 0x0000000081c00000| Untracked 
|  28|0x0000000081c00000, 0x0000000081d00000, 0x0000000081d00000|100%| O|  |TAMS 0x0000000081d00000, 0x0000000081d00000| Untracked 
|  29|0x0000000081d00000, 0x0000000081e00000, 0x0000000081e00000|100%| O|  |TAMS 0x0000000081e00000, 0x0000000081e00000| Untracked 
|  30|0x0000000081e00000, 0x0000000081f00000, 0x0000000081f00000|100%| O|  |TAMS 0x0000000081f00000, 0x0000000081f00000| Untracked 
|  31|0x0000000081f00000, 0x0000000082000000, 0x0000000082000000|100%| O|  |TAMS 0x0000000082000000, 0x0000000082000000| Untracked 
|  32|0x0000000082000000, 0x0000000082100000, 0x0000000082100000|100%| O|  |TAMS 0x0000000082100000, 0x0000000082100000| Untracked 
|  33|0x0000000082100000, 0x0000000082200000, 0x0000000082200000|100%| O|  |TAMS 0x0000000082200000, 0x0000000082200000| Untracked 
|  34|0x0000000082200000, 0x0000000082300000, 0x0000000082300000|100%|HS|  |TAMS 0x0000000082300000, 0x0000000082300000| Complete 
|  35|0x0000000082300000, 0x0000000082400000, 0x0000000082400000|100%| O|  |TAMS 0x0000000082400000, 0x0000000082400000| Untracked 
|  36|0x0000000082400000, 0x0000000082500000, 0x0000000082500000|100%| O|  |TAMS 0x0000000082500000, 0x0000000082500000| Untracked 
|  37|0x0000000082500000, 0x0000000082600000, 0x0000000082600000|100%|HS|  |TAMS 0x0000000082600000, 0x0000000082600000| Complete 
|  38|0x0000000082600000, 0x0000000082700000, 0x0000000082700000|100%|HS|  |TAMS 0x0000000082700000, 0x0000000082700000| Complete 
|  39|0x0000000082700000, 0x0000000082800000, 0x0000000082800000|100%|HC|  |TAMS 0x0000000082800000, 0x0000000082800000| Complete 
|  40|0x0000000082800000, 0x0000000082900000, 0x0000000082900000|100%| O|  |TAMS 0x0000000082900000, 0x0000000082900000| Untracked 
|  41|0x0000000082900000, 0x0000000082a00000, 0x0000000082a00000|100%| O|  |TAMS 0x0000000082a00000, 0x0000000082a00000| Untracked 
|  42|0x0000000082a00000, 0x0000000082b00000, 0x0000000082b00000|100%| O|  |TAMS 0x0000000082b00000, 0x0000000082b00000| Untracked 
|  43|0x0000000082b00000, 0x0000000082c00000, 0x0000000082c00000|100%| O|  |TAMS 0x0000000082c00000, 0x0000000082c00000| Untracked 
|  44|0x0000000082c00000, 0x0000000082d00000, 0x0000000082d00000|100%| O|  |TAMS 0x0000000082d00000, 0x0000000082d00000| Untracked 
|  45|0x0000000082d00000, 0x0000000082e00000, 0x0000000082e00000|100%| O|  |TAMS 0x0000000082e00000, 0x0000000082e00000| Untracked 
|  46|0x0000000082e00000, 0x0000000082f00000, 0x0000000082f00000|100%| O|  |TAMS 0x0000000082f00000, 0x0000000082f00000| Untracked 
|  47|0x0000000082f00000, 0x0000000083000000, 0x0000000083000000|100%| O|  |TAMS 0x0000000083000000, 0x0000000083000000| Untracked 
|  48|0x0000000083000000, 0x0000000083100000, 0x0000000083100000|100%| O|  |TAMS 0x0000000083100000, 0x0000000083100000| Untracked 
|  49|0x0000000083100000, 0x0000000083200000, 0x0000000083200000|100%| O|  |TAMS 0x0000000083200000, 0x0000000083200000| Untracked 
|  50|0x0000000083200000, 0x0000000083300000, 0x0000000083300000|100%| O|  |TAMS 0x0000000083300000, 0x0000000083300000| Untracked 
|  51|0x0000000083300000, 0x0000000083400000, 0x0000000083400000|100%| O|  |TAMS 0x0000000083400000, 0x0000000083400000| Untracked 
|  52|0x0000000083400000, 0x0000000083500000, 0x0000000083500000|100%| O|  |TAMS 0x0000000083500000, 0x0000000083500000| Untracked 
|  53|0x0000000083500000, 0x0000000083600000, 0x0000000083600000|100%| O|  |TAMS 0x0000000083600000, 0x0000000083600000| Untracked 
|  54|0x0000000083600000, 0x0000000083700000, 0x0000000083700000|100%| O|  |TAMS 0x0000000083700000, 0x0000000083700000| Untracked 
|  55|0x0000000083700000, 0x0000000083800000, 0x0000000083800000|100%| O|  |TAMS 0x0000000083800000, 0x0000000083800000| Untracked 
|  56|0x0000000083800000, 0x0000000083900000, 0x0000000083900000|100%| O|  |TAMS 0x0000000083900000, 0x0000000083900000| Untracked 
|  57|0x0000000083900000, 0x0000000083a00000, 0x0000000083a00000|100%| O|  |TAMS 0x0000000083a00000, 0x0000000083a00000| Untracked 
|  58|0x0000000083a00000, 0x0000000083b00000, 0x0000000083b00000|100%| O|  |TAMS 0x0000000083b00000, 0x0000000083b00000| Untracked 
|  59|0x0000000083b00000, 0x0000000083c00000, 0x0000000083c00000|100%| O|  |TAMS 0x0000000083c00000, 0x0000000083c00000| Untracked 
|  60|0x0000000083c00000, 0x0000000083d00000, 0x0000000083d00000|100%| O|  |TAMS 0x0000000083d00000, 0x0000000083d00000| Untracked 
|  61|0x0000000083d00000, 0x0000000083e00000, 0x0000000083e00000|100%| O|  |TAMS 0x0000000083e00000, 0x0000000083e00000| Untracked 
|  62|0x0000000083e00000, 0x0000000083f00000, 0x0000000083f00000|100%| O|  |TAMS 0x0000000083f00000, 0x0000000083f00000| Untracked 
|  63|0x0000000083f00000, 0x0000000084000000, 0x0000000084000000|100%| O|  |TAMS 0x0000000084000000, 0x0000000084000000| Untracked 
|  64|0x0000000084000000, 0x0000000084100000, 0x0000000084100000|100%| O|  |TAMS 0x0000000084100000, 0x0000000084100000| Untracked 
|  65|0x0000000084100000, 0x0000000084200000, 0x0000000084200000|100%| O|  |TAMS 0x0000000084200000, 0x0000000084200000| Untracked 
|  66|0x0000000084200000, 0x0000000084300000, 0x0000000084300000|100%| O|  |TAMS 0x0000000084300000, 0x0000000084300000| Untracked 
|  67|0x0000000084300000, 0x0000000084400000, 0x0000000084400000|100%| O|  |TAMS 0x0000000084400000, 0x0000000084400000| Untracked 
|  68|0x0000000084400000, 0x0000000084500000, 0x0000000084500000|100%| O|  |TAMS 0x0000000084500000, 0x0000000084500000| Untracked 
|  69|0x0000000084500000, 0x0000000084600000, 0x0000000084600000|100%| O|  |TAMS 0x0000000084600000, 0x0000000084600000| Untracked 
|  70|0x0000000084600000, 0x0000000084700000, 0x0000000084700000|100%| O|  |TAMS 0x0000000084700000, 0x0000000084700000| Untracked 
|  71|0x0000000084700000, 0x0000000084800000, 0x0000000084800000|100%| O|  |TAMS 0x0000000084800000, 0x0000000084800000| Untracked 
|  72|0x0000000084800000, 0x0000000084900000, 0x0000000084900000|100%| O|  |TAMS 0x0000000084900000, 0x0000000084900000| Untracked 
|  73|0x0000000084900000, 0x0000000084a00000, 0x0000000084a00000|100%| O|  |TAMS 0x0000000084a00000, 0x0000000084a00000| Untracked 
|  74|0x0000000084a00000, 0x0000000084b00000, 0x0000000084b00000|100%| O|  |TAMS 0x0000000084b00000, 0x0000000084b00000| Untracked 
|  75|0x0000000084b00000, 0x0000000084c00000, 0x0000000084c00000|100%| O|  |TAMS 0x0000000084c00000, 0x0000000084c00000| Untracked 
|  76|0x0000000084c00000, 0x0000000084d00000, 0x0000000084d00000|100%| O|  |TAMS 0x0000000084d00000, 0x0000000084d00000| Untracked 
|  77|0x0000000084d00000, 0x0000000084e00000, 0x0000000084e00000|100%| O|  |TAMS 0x0000000084e00000, 0x0000000084e00000| Untracked 
|  78|0x0000000084e00000, 0x0000000084f00000, 0x0000000084f00000|100%| O|  |TAMS 0x0000000084f00000, 0x0000000084f00000| Untracked 
|  79|0x0000000084f00000, 0x0000000085000000, 0x0000000085000000|100%| O|  |TAMS 0x0000000085000000, 0x0000000085000000| Untracked 
|  80|0x0000000085000000, 0x0000000085100000, 0x0000000085100000|100%| O|  |TAMS 0x0000000085100000, 0x0000000085100000| Untracked 
|  81|0x0000000085100000, 0x0000000085200000, 0x0000000085200000|100%| O|  |TAMS 0x0000000085200000, 0x0000000085200000| Untracked 
|  82|0x0000000085200000, 0x0000000085300000, 0x0000000085300000|100%| O|  |TAMS 0x0000000085300000, 0x0000000085300000| Untracked 
|  83|0x0000000085300000, 0x0000000085400000, 0x0000000085400000|100%| O|  |TAMS 0x0000000085400000, 0x0000000085400000| Untracked 
|  84|0x0000000085400000, 0x0000000085500000, 0x0000000085500000|100%| O|  |TAMS 0x0000000085500000, 0x0000000085500000| Untracked 
|  85|0x0000000085500000, 0x0000000085600000, 0x0000000085600000|100%| O|  |TAMS 0x0000000085600000, 0x0000000085600000| Untracked 
|  86|0x0000000085600000, 0x0000000085700000, 0x0000000085700000|100%| O|  |TAMS 0x0000000085700000, 0x0000000085700000| Untracked 
|  87|0x0000000085700000, 0x0000000085800000, 0x0000000085800000|100%| O|  |TAMS 0x0000000085800000, 0x0000000085800000| Untracked 
|  88|0x0000000085800000, 0x0000000085900000, 0x0000000085900000|100%| O|  |TAMS 0x0000000085900000, 0x0000000085900000| Untracked 
|  89|0x0000000085900000, 0x0000000085a00000, 0x0000000085a00000|100%| O|  |TAMS 0x0000000085a00000, 0x0000000085a00000| Untracked 
|  90|0x0000000085a00000, 0x0000000085b00000, 0x0000000085b00000|100%| O|  |TAMS 0x0000000085b00000, 0x0000000085b00000| Untracked 
|  91|0x0000000085b00000, 0x0000000085c00000, 0x0000000085c00000|100%| O|  |TAMS 0x0000000085c00000, 0x0000000085c00000| Untracked 
|  92|0x0000000085c00000, 0x0000000085d00000, 0x0000000085d00000|100%| O|  |TAMS 0x0000000085d00000, 0x0000000085d00000| Untracked 
|  93|0x0000000085d00000, 0x0000000085e00000, 0x0000000085e00000|100%| O|  |TAMS 0x0000000085e00000, 0x0000000085e00000| Untracked 
|  94|0x0000000085e00000, 0x0000000085f00000, 0x0000000085f00000|100%| O|  |TAMS 0x0000000085f00000, 0x0000000085f00000| Untracked 
|  95|0x0000000085f00000, 0x0000000086000000, 0x0000000086000000|100%| O|  |TAMS 0x0000000086000000, 0x0000000086000000| Untracked 
|  96|0x0000000086000000, 0x0000000086100000, 0x0000000086100000|100%| O|  |TAMS 0x0000000086100000, 0x0000000086100000| Untracked 
|  97|0x0000000086100000, 0x0000000086200000, 0x0000000086200000|100%| O|  |TAMS 0x0000000086200000, 0x0000000086200000| Untracked 
|  98|0x0000000086200000, 0x0000000086300000, 0x0000000086300000|100%| O|  |TAMS 0x0000000086300000, 0x0000000086300000| Untracked 
|  99|0x0000000086300000, 0x0000000086400000, 0x0000000086400000|100%| O|  |TAMS 0x0000000086400000, 0x0000000086400000| Untracked 
| 100|0x0000000086400000, 0x0000000086500000, 0x0000000086500000|100%| O|  |TAMS 0x0000000086500000, 0x0000000086500000| Untracked 
| 101|0x0000000086500000, 0x0000000086600000, 0x0000000086600000|100%|HS|  |TAMS 0x0000000086600000, 0x0000000086600000| Complete 
| 102|0x0000000086600000, 0x0000000086700000, 0x0000000086700000|100%| O|  |TAMS 0x0000000086700000, 0x0000000086700000| Untracked 
| 103|0x0000000086700000, 0x0000000086800000, 0x0000000086800000|100%| O|  |TAMS 0x0000000086800000, 0x0000000086800000| Untracked 
| 104|0x0000000086800000, 0x0000000086900000, 0x0000000086900000|100%| O|  |TAMS 0x0000000086900000, 0x0000000086900000| Untracked 
| 105|0x0000000086900000, 0x0000000086a00000, 0x0000000086a00000|100%| O|  |TAMS 0x0000000086a00000, 0x0000000086a00000| Untracked 
| 106|0x0000000086a00000, 0x0000000086b00000, 0x0000000086b00000|100%| O|  |TAMS 0x0000000086b00000, 0x0000000086b00000| Untracked 
| 107|0x0000000086b00000, 0x0000000086c00000, 0x0000000086c00000|100%| O|  |TAMS 0x0000000086c00000, 0x0000000086c00000| Untracked 
| 108|0x0000000086c00000, 0x0000000086d00000, 0x0000000086d00000|100%| O|  |TAMS 0x0000000086d00000, 0x0000000086d00000| Untracked 
| 109|0x0000000086d00000, 0x0000000086e00000, 0x0000000086e00000|100%| O|  |TAMS 0x0000000086e00000, 0x0000000086e00000| Untracked 
| 110|0x0000000086e00000, 0x0000000086f00000, 0x0000000086f00000|100%| O|  |TAMS 0x0000000086f00000, 0x0000000086f00000| Untracked 
| 111|0x0000000086f00000, 0x0000000087000000, 0x0000000087000000|100%| O|  |TAMS 0x0000000087000000, 0x0000000087000000| Untracked 
| 112|0x0000000087000000, 0x0000000087100000, 0x0000000087100000|100%| O|  |TAMS 0x0000000087100000, 0x0000000087100000| Untracked 
| 113|0x0000000087100000, 0x0000000087200000, 0x0000000087200000|100%| O|  |TAMS 0x0000000087200000, 0x0000000087200000| Untracked 
| 114|0x0000000087200000, 0x0000000087300000, 0x0000000087300000|100%| O|  |TAMS 0x0000000087300000, 0x0000000087300000| Untracked 
| 115|0x0000000087300000, 0x0000000087400000, 0x0000000087400000|100%| O|  |TAMS 0x0000000087300000, 0x0000000087400000| Untracked 
| 116|0x0000000087400000, 0x0000000087500000, 0x0000000087500000|100%| O|  |TAMS 0x0000000087400000, 0x0000000087500000| Untracked 
| 117|0x0000000087500000, 0x0000000087600000, 0x0000000087600000|100%| O|  |TAMS 0x0000000087500000, 0x0000000087600000| Untracked 
| 118|0x0000000087600000, 0x0000000087700000, 0x0000000087700000|100%| O|  |TAMS 0x0000000087600000, 0x0000000087700000| Untracked 
| 119|0x0000000087700000, 0x000000008772e400, 0x0000000087800000| 18%| O|  |TAMS 0x0000000087700000, 0x000000008772e400| Untracked 
| 120|0x0000000087800000, 0x0000000087800000, 0x0000000087900000|  0%| F|  |TAMS 0x0000000087800000, 0x0000000087800000| Untracked 
| 121|0x0000000087900000, 0x0000000087900000, 0x0000000087a00000|  0%| F|  |TAMS 0x0000000087900000, 0x0000000087900000| Untracked 
| 122|0x0000000087a00000, 0x0000000087a00000, 0x0000000087b00000|  0%| F|  |TAMS 0x0000000087a00000, 0x0000000087a00000| Untracked 
| 123|0x0000000087b00000, 0x0000000087c00000, 0x0000000087c00000|100%| O|  |TAMS 0x0000000087b00000, 0x0000000087c00000| Untracked 
| 124|0x0000000087c00000, 0x0000000087d00000, 0x0000000087d00000|100%| O|  |TAMS 0x0000000087c00000, 0x0000000087d00000| Untracked 
| 125|0x0000000087d00000, 0x0000000087d00000, 0x0000000087e00000|  0%| F|  |TAMS 0x0000000087d00000, 0x0000000087d00000| Untracked 
| 126|0x0000000087e00000, 0x0000000087e00000, 0x0000000087f00000|  0%| F|  |TAMS 0x0000000087e00000, 0x0000000087e00000| Untracked 
| 127|0x0000000087f00000, 0x0000000087f00000, 0x0000000088000000|  0%| F|  |TAMS 0x0000000087f00000, 0x0000000087f00000| Untracked 
| 128|0x0000000088000000, 0x0000000088000000, 0x0000000088100000|  0%| F|  |TAMS 0x0000000088000000, 0x0000000088000000| Untracked 
| 129|0x0000000088100000, 0x0000000088100000, 0x0000000088200000|  0%| F|  |TAMS 0x0000000088100000, 0x0000000088100000| Untracked 
| 130|0x0000000088200000, 0x0000000088200000, 0x0000000088300000|  0%| F|  |TAMS 0x0000000088200000, 0x0000000088200000| Untracked 
| 131|0x0000000088300000, 0x0000000088300000, 0x0000000088400000|  0%| F|  |TAMS 0x0000000088300000, 0x0000000088300000| Untracked 
| 132|0x0000000088400000, 0x0000000088400000, 0x0000000088500000|  0%| F|  |TAMS 0x0000000088400000, 0x0000000088400000| Untracked 
| 133|0x0000000088500000, 0x0000000088500000, 0x0000000088600000|  0%| F|  |TAMS 0x0000000088500000, 0x0000000088500000| Untracked 
| 134|0x0000000088600000, 0x0000000088600000, 0x0000000088700000|  0%| F|  |TAMS 0x0000000088600000, 0x0000000088600000| Untracked 
| 135|0x0000000088700000, 0x0000000088700000, 0x0000000088800000|  0%| F|  |TAMS 0x0000000088700000, 0x0000000088700000| Untracked 
| 136|0x0000000088800000, 0x0000000088800000, 0x0000000088900000|  0%| F|  |TAMS 0x0000000088800000, 0x0000000088800000| Untracked 
| 137|0x0000000088900000, 0x0000000088900000, 0x0000000088a00000|  0%| F|  |TAMS 0x0000000088900000, 0x0000000088900000| Untracked 
| 138|0x0000000088a00000, 0x0000000088a00000, 0x0000000088b00000|  0%| F|  |TAMS 0x0000000088a00000, 0x0000000088a00000| Untracked 
| 139|0x0000000088b00000, 0x0000000088b00000, 0x0000000088c00000|  0%| F|  |TAMS 0x0000000088b00000, 0x0000000088b00000| Untracked 
| 140|0x0000000088c00000, 0x0000000088c00000, 0x0000000088d00000|  0%| F|  |TAMS 0x0000000088c00000, 0x0000000088c00000| Untracked 
| 141|0x0000000088d00000, 0x0000000088d00000, 0x0000000088e00000|  0%| F|  |TAMS 0x0000000088d00000, 0x0000000088d00000| Untracked 
| 142|0x0000000088e00000, 0x0000000088e00000, 0x0000000088f00000|  0%| F|  |TAMS 0x0000000088e00000, 0x0000000088e00000| Untracked 
| 143|0x0000000088f00000, 0x0000000088f00000, 0x0000000089000000|  0%| F|  |TAMS 0x0000000088f00000, 0x0000000088f00000| Untracked 
| 144|0x0000000089000000, 0x0000000089000000, 0x0000000089100000|  0%| F|  |TAMS 0x0000000089000000, 0x0000000089000000| Untracked 
| 145|0x0000000089100000, 0x0000000089100000, 0x0000000089200000|  0%| F|  |TAMS 0x0000000089100000, 0x0000000089100000| Untracked 
| 146|0x0000000089200000, 0x0000000089200000, 0x0000000089300000|  0%| F|  |TAMS 0x0000000089200000, 0x0000000089200000| Untracked 
| 147|0x0000000089300000, 0x0000000089300000, 0x0000000089400000|  0%| F|  |TAMS 0x0000000089300000, 0x0000000089300000| Untracked 
| 148|0x0000000089400000, 0x0000000089400000, 0x0000000089500000|  0%| F|  |TAMS 0x0000000089400000, 0x0000000089400000| Untracked 
| 149|0x0000000089500000, 0x0000000089500000, 0x0000000089600000|  0%| F|  |TAMS 0x0000000089500000, 0x0000000089500000| Untracked 
| 150|0x0000000089600000, 0x0000000089700000, 0x0000000089700000|100%| S|CS|TAMS 0x0000000089600000, 0x0000000089600000| Complete 
| 151|0x0000000089700000, 0x0000000089700000, 0x0000000089800000|  0%| F|  |TAMS 0x0000000089700000, 0x0000000089700000| Untracked 
| 152|0x0000000089800000, 0x0000000089900000, 0x0000000089900000|100%| S|CS|TAMS 0x0000000089800000, 0x0000000089800000| Complete 
| 153|0x0000000089900000, 0x0000000089900000, 0x0000000089a00000|  0%| F|  |TAMS 0x0000000089900000, 0x0000000089900000| Untracked 
| 154|0x0000000089a00000, 0x0000000089a00000, 0x0000000089b00000|  0%| F|  |TAMS 0x0000000089a00000, 0x0000000089a00000| Untracked 
| 155|0x0000000089b00000, 0x0000000089c00000, 0x0000000089c00000|100%| S|CS|TAMS 0x0000000089b00000, 0x0000000089b00000| Complete 
| 156|0x0000000089c00000, 0x0000000089c00000, 0x0000000089d00000|  0%| F|  |TAMS 0x0000000089c00000, 0x0000000089c00000| Untracked 
| 157|0x0000000089d00000, 0x0000000089d00000, 0x0000000089e00000|  0%| F|  |TAMS 0x0000000089d00000, 0x0000000089d00000| Untracked 
| 158|0x0000000089e00000, 0x0000000089e00000, 0x0000000089f00000|  0%| F|  |TAMS 0x0000000089e00000, 0x0000000089e00000| Untracked 
| 159|0x0000000089f00000, 0x0000000089f00000, 0x000000008a000000|  0%| F|  |TAMS 0x0000000089f00000, 0x0000000089f00000| Untracked 
| 160|0x000000008a000000, 0x000000008a000000, 0x000000008a100000|  0%| F|  |TAMS 0x000000008a000000, 0x000000008a000000| Untracked 
| 161|0x000000008a100000, 0x000000008a100000, 0x000000008a200000|  0%| F|  |TAMS 0x000000008a100000, 0x000000008a100000| Untracked 
| 162|0x000000008a200000, 0x000000008a200000, 0x000000008a300000|  0%| F|  |TAMS 0x000000008a200000, 0x000000008a200000| Untracked 
| 163|0x000000008a300000, 0x000000008a300000, 0x000000008a400000|  0%| F|  |TAMS 0x000000008a300000, 0x000000008a300000| Untracked 
| 164|0x000000008a400000, 0x000000008a400000, 0x000000008a500000|  0%| F|  |TAMS 0x000000008a400000, 0x000000008a400000| Untracked 
| 165|0x000000008a500000, 0x000000008a500000, 0x000000008a600000|  0%| F|  |TAMS 0x000000008a500000, 0x000000008a500000| Untracked 
| 166|0x000000008a600000, 0x000000008a600000, 0x000000008a700000|  0%| F|  |TAMS 0x000000008a600000, 0x000000008a600000| Untracked 
| 167|0x000000008a700000, 0x000000008a700000, 0x000000008a800000|  0%| F|  |TAMS 0x000000008a700000, 0x000000008a700000| Untracked 
| 168|0x000000008a800000, 0x000000008a800000, 0x000000008a900000|  0%| F|  |TAMS 0x000000008a800000, 0x000000008a800000| Untracked 
| 169|0x000000008a900000, 0x000000008a900000, 0x000000008aa00000|  0%| F|  |TAMS 0x000000008a900000, 0x000000008a900000| Untracked 
| 170|0x000000008aa00000, 0x000000008aa00000, 0x000000008ab00000|  0%| F|  |TAMS 0x000000008aa00000, 0x000000008aa00000| Untracked 
| 171|0x000000008ab00000, 0x000000008ab00000, 0x000000008ac00000|  0%| F|  |TAMS 0x000000008ab00000, 0x000000008ab00000| Untracked 
| 172|0x000000008ac00000, 0x000000008ac00000, 0x000000008ad00000|  0%| F|  |TAMS 0x000000008ac00000, 0x000000008ac00000| Untracked 

Card table byte_map: [0x0000013a1fee0000,0x0000013a202e0000] _byte_map_base: 0x0000013a1fae0000

Marking Bits (Prev, Next): (CMBitMap*) 0x0000013a0d00d5d8, (CMBitMap*) 0x0000013a0d00d610
 Prev Bits: [0x0000013a206e0000, 0x0000013a226e0000)
 Next Bits: [0x0000013a226e0000, 0x0000013a246e0000)

Polling page: 0x0000013a0b140000

Metaspace:

Usage:
  Non-class:     76.15 MB capacity,    74.75 MB ( 98%) used,     1.16 MB (  2%) free+waste,   256.69 KB ( <1%) overhead. 
      Class:     11.87 MB capacity,    11.06 MB ( 93%) used,   715.73 KB (  6%) free+waste,   116.25 KB ( <1%) overhead. 
       Both:     88.02 MB capacity,    85.80 MB ( 97%) used,     1.86 MB (  2%) free+waste,   372.94 KB ( <1%) overhead. 

Virtual space:
  Non-class space:       78.00 MB reserved,      76.40 MB ( 98%) committed 
      Class space:        1.00 GB reserved,      12.00 MB (  1%) committed 
             Both:        1.08 GB reserved,      88.40 MB (  8%) committed 

Chunk freelists:
   Non-Class:  126.00 KB
       Class:  70.00 KB
        Both:  196.00 KB

MaxMetaspaceSize: 17179869184.00 GB
CompressedClassSpaceSize: 1.00 GB
Initial GC threshold: 20.80 MB
Current GC threshold: 146.92 MB
CDS: off

CodeHeap 'non-profiled nmethods': size=120064Kb used=5164Kb max_used=5164Kb free=114899Kb
 bounds [0x0000013a185a0000, 0x0000013a18ab0000, 0x0000013a1fae0000]
CodeHeap 'profiled nmethods': size=120000Kb used=22840Kb max_used=22840Kb free=97159Kb
 bounds [0x0000013a11070000, 0x0000013a126c0000, 0x0000013a185a0000]
CodeHeap 'non-nmethods': size=5696Kb used=2371Kb max_used=2420Kb free=3324Kb
 bounds [0x0000013a10ae0000, 0x0000013a10d60000, 0x0000013a11070000]
 total_blobs=11998 nmethods=11114 adapters=796
 compilation: enabled
              stopped_count=0, restarted_count=0
 full_count=0

Compilation events (20 events):
Event: 529.986 Thread 0x0000013a26c06000 11325       1       com.android.ide.common.resources.MergeWriter::getRootFolder (5 bytes)
Event: 529.987 Thread 0x0000013a26c06000 nmethod 11325 0x0000013a18a9ee90 code [0x0000013a18a9f040, 0x0000013a18a9f0f8]
Event: 529.987 Thread 0x0000013a26c06000 11326       1       com.android.ide.common.resources.MergedResourceWriterRequest::getPseudoLocalesEnabled (5 bytes)
Event: 529.987 Thread 0x0000013a26c06000 nmethod 11326 0x0000013a18a9f190 code [0x0000013a18a9f340, 0x0000013a18a9f3f8]
Event: 529.987 Thread 0x0000013a26c06000 11327       1       com.android.ide.common.resources.MergedResourceWriterRequest::getCrunchPng (5 bytes)
Event: 529.987 Thread 0x0000013a26c06000 nmethod 11327 0x0000013a18a9f490 code [0x0000013a18a9f640, 0x0000013a18a9f6f8]
Event: 529.987 Thread 0x0000013a26c06000 11328       1       com.android.ide.common.resources.MergedResourceWriterRequest::getNotCompiledOutputDirectory (5 bytes)
Event: 529.987 Thread 0x0000013a26c06000 nmethod 11328 0x0000013a18a9f790 code [0x0000013a18a9f940, 0x0000013a18a9f9f8]
Event: 529.987 Thread 0x0000013a26c06000 11329       1       com.android.ide.common.resources.CompileResourceRequest::getOutputDirectory (5 bytes)
Event: 529.987 Thread 0x0000013a26c06000 nmethod 11329 0x0000013a18a9fa90 code [0x0000013a18a9fc40, 0x0000013a18a9fcf8]
Event: 529.987 Thread 0x0000013a26c06000 11330       1       com.android.ide.common.resources.CompileResourceRequest::getInputFile (5 bytes)
Event: 529.987 Thread 0x0000013a26c06000 nmethod 11330 0x0000013a18a9fd90 code [0x0000013a18a9ff40, 0x0000013a18a9fff8]
Event: 530.023 Thread 0x0000013a26c06000 11331 % !   3       com.android.ide.common.resources.MergedResourceWriter::postWriteAction @ 438 (1328 bytes)
Event: 530.051 Thread 0x0000013a26c06000 nmethod 11331% 0x0000013a126a3990 code [0x0000013a126a5240, 0x0000013a126b55c8]
Event: 530.059 Thread 0x0000013a26bfe000 nmethod 11228 0x0000013a18aa0090 code [0x0000013a18aa0800, 0x0000013a18aa7778]
Event: 530.059 Thread 0x0000013a26bfe000 11239       4       sun.nio.cs.UTF_8$Encoder::encodeArrayLoop (489 bytes)
Event: 530.063 Thread 0x0000013a26c06000 11332       2       java.lang.String::lastIndexOf (29 bytes)
Event: 530.063 Thread 0x0000013a26c06000 nmethod 11332 0x0000013a126bd910 code [0x0000013a126bdae0, 0x0000013a126bdc38]
Event: 530.063 Thread 0x0000013a26c06000 11333       2       java.lang.String::lastIndexOf (12 bytes)
Event: 530.063 Thread 0x0000013a26c06000 nmethod 11333 0x0000013a126bdd10 code [0x0000013a126bdee0, 0x0000013a126be058]

GC Heap History (20 events):
Event: 527.637 GC heap after
{Heap after GC invocations=54 (full 0):
 garbage-first heap   total 115712K, used 97587K [0x0000000080000000, 0x0000000100000000)
  region size 1024K, 1 young (1024K), 1 survivors (1024K)
 Metaspace       used 86157K, capacity 88341K, committed 88860K, reserved 1126400K
  class space    used 11169K, capacity 12003K, committed 12160K, reserved 1048576K
}
Event: 527.726 GC heap before
{Heap before GC invocations=54 (full 0):
 garbage-first heap   total 115712K, used 101683K [0x0000000080000000, 0x0000000100000000)
  region size 1024K, 5 young (5120K), 1 survivors (1024K)
 Metaspace       used 86158K, capacity 88341K, committed 88860K, reserved 1126400K
  class space    used 11169K, capacity 12003K, committed 12160K, reserved 1048576K
}
Event: 527.730 GC heap after
{Heap after GC invocations=55 (full 0):
 garbage-first heap   total 115712K, used 98705K [0x0000000080000000, 0x0000000100000000)
  region size 1024K, 1 young (1024K), 1 survivors (1024K)
 Metaspace       used 86158K, capacity 88341K, committed 88860K, reserved 1126400K
  class space    used 11169K, capacity 12003K, committed 12160K, reserved 1048576K
}
Event: 527.815 GC heap before
{Heap before GC invocations=56 (full 0):
 garbage-first heap   total 115712K, used 102801K [0x0000000080000000, 0x0000000100000000)
  region size 1024K, 5 young (5120K), 1 survivors (1024K)
 Metaspace       used 86187K, capacity 88469K, committed 88860K, reserved 1126400K
  class space    used 11169K, capacity 12003K, committed 12160K, reserved 1048576K
}
Event: 527.819 GC heap after
{Heap after GC invocations=57 (full 0):
 garbage-first heap   total 139264K, used 99845K [0x0000000080000000, 0x0000000100000000)
  region size 1024K, 1 young (1024K), 1 survivors (1024K)
 Metaspace       used 86187K, capacity 88469K, committed 88860K, reserved 1126400K
  class space    used 11169K, capacity 12003K, committed 12160K, reserved 1048576K
}
Event: 527.991 GC heap before
{Heap before GC invocations=57 (full 0):
 garbage-first heap   total 139264K, used 108037K [0x0000000080000000, 0x0000000100000000)
  region size 1024K, 11 young (11264K), 1 survivors (1024K)
 Metaspace       used 86236K, capacity 88469K, committed 88860K, reserved 1126400K
  class space    used 11169K, capacity 12003K, committed 12160K, reserved 1048576K
}
Event: 527.997 GC heap after
{Heap after GC invocations=58 (full 0):
 garbage-first heap   total 139264K, used 102763K [0x0000000080000000, 0x0000000100000000)
  region size 1024K, 2 young (2048K), 2 survivors (2048K)
 Metaspace       used 86236K, capacity 88469K, committed 88860K, reserved 1126400K
  class space    used 11169K, capacity 12003K, committed 12160K, reserved 1048576K
}
Event: 528.136 GC heap before
{Heap before GC invocations=58 (full 0):
 garbage-first heap   total 139264K, used 114027K [0x0000000080000000, 0x0000000100000000)
  region size 1024K, 11 young (11264K), 2 survivors (2048K)
 Metaspace       used 86264K, capacity 88533K, committed 88860K, reserved 1126400K
  class space    used 11169K, capacity 12003K, committed 12160K, reserved 1048576K
}
Event: 528.147 GC heap after
{Heap after GC invocations=59 (full 0):
 garbage-first heap   total 139264K, used 109531K [0x0000000080000000, 0x0000000100000000)
  region size 1024K, 2 young (2048K), 2 survivors (2048K)
 Metaspace       used 86264K, capacity 88533K, committed 88860K, reserved 1126400K
  class space    used 11169K, capacity 12003K, committed 12160K, reserved 1048576K
}
Event: 528.261 GC heap before
{Heap before GC invocations=59 (full 0):
 garbage-first heap   total 139264K, used 115675K [0x0000000080000000, 0x0000000100000000)
  region size 1024K, 8 young (8192K), 2 survivors (2048K)
 Metaspace       used 86267K, capacity 88533K, committed 88860K, reserved 1126400K
  class space    used 11169K, capacity 12003K, committed 12160K, reserved 1048576K
}
Event: 528.271 GC heap after
{Heap after GC invocations=60 (full 0):
 garbage-first heap   total 139264K, used 112108K [0x0000000080000000, 0x0000000100000000)
  region size 1024K, 1 young (1024K), 1 survivors (1024K)
 Metaspace       used 86267K, capacity 88533K, committed 88860K, reserved 1126400K
  class space    used 11169K, capacity 12003K, committed 12160K, reserved 1048576K
}
Event: 528.371 GC heap before
{Heap before GC invocations=60 (full 0):
 garbage-first heap   total 139264K, used 117228K [0x0000000080000000, 0x0000000100000000)
  region size 1024K, 6 young (6144K), 1 survivors (1024K)
 Metaspace       used 86283K, capacity 88533K, committed 88860K, reserved 1126400K
  class space    used 11169K, capacity 12003K, committed 12160K, reserved 1048576K
}
Event: 528.377 GC heap after
{Heap after GC invocations=61 (full 0):
 garbage-first heap   total 177152K, used 114343K [0x0000000080000000, 0x0000000100000000)
  region size 1024K, 1 young (1024K), 1 survivors (1024K)
 Metaspace       used 86283K, capacity 88533K, committed 88860K, reserved 1126400K
  class space    used 11169K, capacity 12003K, committed 12160K, reserved 1048576K
}
Event: 528.647 GC heap before
{Heap before GC invocations=62 (full 0):
 garbage-first heap   total 177152K, used 130727K [0x0000000080000000, 0x0000000100000000)
  region size 1024K, 18 young (18432K), 1 survivors (1024K)
 Metaspace       used 87202K, capacity 89373K, committed 89628K, reserved 1126400K
  class space    used 11266K, capacity 12070K, committed 12160K, reserved 1048576K
}
Event: 528.655 GC heap after
{Heap after GC invocations=63 (full 0):
 garbage-first heap   total 177152K, used 117677K [0x0000000080000000, 0x0000000100000000)
  region size 1024K, 3 young (3072K), 3 survivors (3072K)
 Metaspace       used 87202K, capacity 89373K, committed 89628K, reserved 1126400K
  class space    used 11266K, capacity 12070K, committed 12160K, reserved 1048576K
}
Event: 528.892 GC heap before
{Heap before GC invocations=63 (full 0):
 garbage-first heap   total 177152K, used 134061K [0x0000000080000000, 0x0000000100000000)
  region size 1024K, 20 young (20480K), 3 survivors (3072K)
 Metaspace       used 87599K, capacity 89879K, committed 90268K, reserved 1128448K
  class space    used 11311K, capacity 12154K, committed 12288K, reserved 1048576K
}
Event: 528.899 GC heap after
{Heap after GC invocations=64 (full 0):
 garbage-first heap   total 177152K, used 118373K [0x0000000080000000, 0x0000000100000000)
  region size 1024K, 1 young (1024K), 1 survivors (1024K)
 Metaspace       used 87599K, capacity 89879K, committed 90268K, reserved 1128448K
  class space    used 11311K, capacity 12154K, committed 12288K, reserved 1048576K
}
Event: 529.692 GC heap before
{Heap before GC invocations=65 (full 0):
 garbage-first heap   total 177152K, used 143973K [0x0000000080000000, 0x0000000100000000)
  region size 1024K, 19 young (19456K), 1 survivors (1024K)
 Metaspace       used 87799K, capacity 90071K, committed 90524K, reserved 1128448K
  class space    used 11322K, capacity 12154K, committed 12288K, reserved 1048576K
}
Event: 529.709 GC heap after
{Heap after GC invocations=66 (full 0):
 garbage-first heap   total 177152K, used 122610K [0x0000000080000000, 0x0000000100000000)
  region size 1024K, 3 young (3072K), 3 survivors (3072K)
 Metaspace       used 87799K, capacity 90071K, committed 90524K, reserved 1128448K
  class space    used 11322K, capacity 12154K, committed 12288K, reserved 1048576K
}
Event: 530.064 GC heap before
{Heap before GC invocations=66 (full 0):
 garbage-first heap   total 177152K, used 140018K [0x0000000080000000, 0x0000000100000000)
  region size 1024K, 20 young (20480K), 3 survivors (3072K)
 Metaspace       used 87862K, capacity 90136K, committed 90524K, reserved 1128448K
  class space    used 11322K, capacity 12154K, committed 12288K, reserved 1048576K
}

Deoptimization events (20 events):
Event: 530.031 Thread 0x0000013a27d45000 DEOPT PACKING pc=0x0000013a12669ea7 sp=0x0000001aa02f9e40
Event: 530.031 Thread 0x0000013a27d45000 DEOPT UNPACKING pc=0x0000013a10b2a95e sp=0x0000001aa02f93b8 mode 0
Event: 530.031 Thread 0x0000013a27d45000 DEOPT PACKING pc=0x0000013a12669ea7 sp=0x0000001aa02f9e40
Event: 530.031 Thread 0x0000013a27d45000 DEOPT UNPACKING pc=0x0000013a10b2a95e sp=0x0000001aa02f93b8 mode 0
Event: 530.058 Thread 0x0000013a27d45000 DEOPT PACKING pc=0x0000013a12669ea7 sp=0x0000001aa02f9960
Event: 530.058 Thread 0x0000013a27d45000 DEOPT UNPACKING pc=0x0000013a10b2a95e sp=0x0000001aa02f8ed8 mode 0
Event: 530.058 Thread 0x0000013a27d45000 DEOPT PACKING pc=0x0000013a12669ea7 sp=0x0000001aa02f9960
Event: 530.058 Thread 0x0000013a27d45000 DEOPT UNPACKING pc=0x0000013a10b2a95e sp=0x0000001aa02f8ed8 mode 0
Event: 530.058 Thread 0x0000013a27d45000 DEOPT PACKING pc=0x0000013a12669ea7 sp=0x0000001aa02f9960
Event: 530.058 Thread 0x0000013a27d45000 DEOPT UNPACKING pc=0x0000013a10b2a95e sp=0x0000001aa02f8ed8 mode 0
Event: 530.059 Thread 0x0000013a27d45000 DEOPT PACKING pc=0x0000013a12669ea7 sp=0x0000001aa02f9960
Event: 530.059 Thread 0x0000013a27d45000 DEOPT UNPACKING pc=0x0000013a10b2a95e sp=0x0000001aa02f8ed8 mode 0
Event: 530.062 Thread 0x0000013a27d45000 Uncommon trap: trap_request=0xffffff4d fr.pc=0x0000013a186ef1f4 relative=0x00000000000001d4
Event: 530.062 Thread 0x0000013a27d45000 Uncommon trap: reason=unstable_if action=reinterpret pc=0x0000013a186ef1f4 method=java.lang.String.lastIndexOf(II)I @ 4 c2
Event: 530.062 Thread 0x0000013a27d45000 DEOPT PACKING pc=0x0000013a186ef1f4 sp=0x0000001aa02f9b90
Event: 530.062 Thread 0x0000013a27d45000 DEOPT UNPACKING pc=0x0000013a10b2a1af sp=0x0000001aa02f9ab0 mode 2
Event: 530.062 Thread 0x0000013a27d45000 Uncommon trap: trap_request=0xffffff4d fr.pc=0x0000013a186ceb78 relative=0x00000000000001d8
Event: 530.062 Thread 0x0000013a27d45000 Uncommon trap: reason=unstable_if action=reinterpret pc=0x0000013a186ceb78 method=java.lang.String.lastIndexOf(II)I @ 4 c2
Event: 530.062 Thread 0x0000013a27d45000 DEOPT PACKING pc=0x0000013a186ceb78 sp=0x0000001aa02f9bd0
Event: 530.062 Thread 0x0000013a27d45000 DEOPT UNPACKING pc=0x0000013a10b2a1af sp=0x0000001aa02f9b70 mode 2

Classes redefined (0 events):
No events

Internal exceptions (20 events):
Event: 524.981 Thread 0x0000013a29829800 Exception <a 'java/lang/NoSuchMethodError'{0x0000000085ee5528}: 'java.lang.Object java.lang.invoke.DirectMethodHandle$Holder.newInvokeSpecial(java.lang.Object, java.lang.Object, java.lang.Object, java.lang.Object)'> (0x0000000085ee5528) thrown at [./src/hotspot/share/interpreter/linkResolver.cpp, line 773]
Event: 525.897 Thread 0x0000013a2c068800 Implicit null exception at 0x0000013a18828cf7 to 0x0000013a18828e90
Event: 525.915 Thread 0x0000013a2c06d800 Exception <a 'java/lang/NoSuchMethodError'{0x000000008661be80}: <clinit>> (0x000000008661be80) thrown at [./src/hotspot/share/prims/jni.cpp, line 1365]
Event: 526.396 Thread 0x0000013a2982a800 Implicit null exception at 0x0000013a18a0815b to 0x0000013a18a081f0
Event: 528.800 Thread 0x0000013a27d45000 Exception <a 'java/lang/NoSuchMethodError'{0x000000008a27bd70}: <clinit>> (0x000000008a27bd70) thrown at [./src/hotspot/share/prims/jni.cpp, line 1365]
Event: 528.801 Thread 0x0000013a27d45000 Exception <a 'java/lang/NoSuchMethodError'{0x000000008a28c030}: <clinit>> (0x000000008a28c030) thrown at [./src/hotspot/share/prims/jni.cpp, line 1365]
Event: 528.809 Thread 0x0000013a27d45000 Exception <a 'java/lang/NoSuchMethodError'{0x000000008a2fb700}: <clinit>> (0x000000008a2fb700) thrown at [./src/hotspot/share/prims/jni.cpp, line 1365]
Event: 528.809 Thread 0x0000013a27d45000 Exception <a 'java/lang/NoSuchMethodError'{0x000000008a2fe2c8}: <clinit>> (0x000000008a2fe2c8) thrown at [./src/hotspot/share/prims/jni.cpp, line 1365]
Event: 528.810 Thread 0x0000013a27d45000 Exception <a 'java/lang/NoSuchMethodError'{0x000000008a107138}: <clinit>> (0x000000008a107138) thrown at [./src/hotspot/share/prims/jni.cpp, line 1365]
Event: 528.810 Thread 0x0000013a27d45000 Exception <a 'java/lang/NoSuchMethodError'{0x000000008a1128d8}: <clinit>> (0x000000008a1128d8) thrown at [./src/hotspot/share/prims/jni.cpp, line 1365]
Event: 528.815 Thread 0x0000013a27d45000 Exception <a 'java/lang/NoSuchMethodError'{0x000000008a16a028}: <clinit>> (0x000000008a16a028) thrown at [./src/hotspot/share/prims/jni.cpp, line 1365]
Event: 528.819 Thread 0x0000013a27d45000 Exception <a 'java/lang/NoSuchMethodError'{0x000000008a19bbb8}: <clinit>> (0x000000008a19bbb8) thrown at [./src/hotspot/share/prims/jni.cpp, line 1365]
Event: 528.819 Thread 0x0000013a27d45000 Exception <a 'java/lang/NoSuchMethodError'{0x000000008a19f020}: <clinit>> (0x000000008a19f020) thrown at [./src/hotspot/share/prims/jni.cpp, line 1365]
Event: 528.819 Thread 0x0000013a27d45000 Exception <a 'java/lang/NoSuchMethodError'{0x000000008a1a1c90}: <clinit>> (0x000000008a1a1c90) thrown at [./src/hotspot/share/prims/jni.cpp, line 1365]
Event: 528.820 Thread 0x0000013a27d45000 Exception <a 'java/lang/NoSuchMethodError'{0x000000008a1b9ef8}: <clinit>> (0x000000008a1b9ef8) thrown at [./src/hotspot/share/prims/jni.cpp, line 1365]
Event: 528.822 Thread 0x0000013a27d45000 Exception <a 'java/lang/NoSuchMethodError'{0x000000008a1d1550}: <clinit>> (0x000000008a1d1550) thrown at [./src/hotspot/share/prims/jni.cpp, line 1365]
Event: 528.823 Thread 0x0000013a27d45000 Exception <a 'java/lang/NoSuchMethodError'{0x000000008a1e5fb8}: <clinit>> (0x000000008a1e5fb8) thrown at [./src/hotspot/share/prims/jni.cpp, line 1365]
Event: 528.827 Thread 0x0000013a27d45000 Exception <a 'java/lang/NoSuchMethodError'{0x000000008a008ed8}: <clinit>> (0x000000008a008ed8) thrown at [./src/hotspot/share/prims/jni.cpp, line 1365]
Event: 528.829 Thread 0x0000013a27d45000 Exception <a 'java/lang/NoSuchMethodError'{0x000000008a02e0b0}: <clinit>> (0x000000008a02e0b0) thrown at [./src/hotspot/share/prims/jni.cpp, line 1365]
Event: 528.830 Thread 0x0000013a27d45000 Exception <a 'java/lang/NoSuchMethodError'{0x000000008a042688}: <clinit>> (0x000000008a042688) thrown at [./src/hotspot/share/prims/jni.cpp, line 1365]

Events (20 events):
Event: 529.192 loading class com/android/utils/XmlUtils$PositionAwareStringBuilder done
Event: 529.194 loading class com/google/common/base/Objects
Event: 529.194 loading class com/google/common/base/Objects done
Event: 529.194 loading class com/google/common/base/ExtraObjectsMethodsForWeb
Event: 529.194 loading class com/google/common/base/ExtraObjectsMethodsForWeb done
Event: 529.251 Executing VM operation: CGC_Operation
Event: 529.263 Executing VM operation: CGC_Operation done
Event: 529.331 loading class com/android/builder/internal/aapt/v2/Aapt2RenamingConventions
Event: 529.331 loading class com/android/builder/internal/aapt/v2/Aapt2RenamingConventions done
Event: 529.331 loading class com/android/builder/internal/aapt/v2/Aapt2Exception
Event: 529.331 loading class com/android/builder/internal/aapt/v2/Aapt2Exception done
Event: 529.333 loading class com/android/ide/common/blame/MergingLogPersistUtil
Event: 529.333 loading class com/android/ide/common/blame/MergingLogPersistUtil done
Event: 529.334 loading class com/android/ide/common/blame/MergingLogPersistUtil$SourcePositionsSerializer$JsonTypeAdapter
Event: 529.334 loading class com/android/ide/common/blame/MergingLogPersistUtil$SourcePositionsSerializer$JsonTypeAdapter done
Event: 529.420 Executing VM operation: CGC_Operation
Event: 529.420 Executing VM operation: CGC_Operation done
Event: 529.692 Executing VM operation: G1CollectForAllocation
Event: 529.709 Executing VM operation: G1CollectForAllocation done
Event: 530.064 Executing VM operation: G1CollectForAllocation


Dynamic libraries:
0x00007ff770db0000 - 0x00007ff770dba000 	C:\Program Files\Android\Android Studio\jre\bin\java.exe
0x00007ffdf5ff0000 - 0x00007ffdf61e5000 	C:\Windows\SYSTEM32\ntdll.dll
0x00007ffdf57d0000 - 0x00007ffdf588d000 	C:\Windows\System32\KERNEL32.DLL
0x00007ffdf3960000 - 0x00007ffdf3c29000 	C:\Windows\System32\KERNELBASE.dll
0x00007ffdf3860000 - 0x00007ffdf3960000 	C:\Windows\System32\ucrtbase.dll
0x00007ffdedaa0000 - 0x00007ffdedab9000 	C:\Program Files\Android\Android Studio\jre\bin\jli.dll
0x00007ffded6f0000 - 0x00007ffded707000 	C:\Program Files\Android\Android Studio\jre\bin\VCRUNTIME140.dll
0x00007ffdf4d40000 - 0x00007ffdf4ee0000 	C:\Windows\System32\USER32.dll
0x00007ffdf3730000 - 0x00007ffdf3752000 	C:\Windows\System32\win32u.dll
0x00007ffdf4ee0000 - 0x00007ffdf4f0a000 	C:\Windows\System32\GDI32.dll
0x00007ffdd89a0000 - 0x00007ffdd8c3a000 	C:\Windows\WinSxS\amd64_microsoft.windows.common-controls_6595b64144ccf1df_6.0.19041.844_none_ca00b6081b84eb1d\COMCTL32.dll
0x00007ffdf3c30000 - 0x00007ffdf3d3b000 	C:\Windows\System32\gdi32full.dll
0x00007ffdf4050000 - 0x00007ffdf40ee000 	C:\Windows\System32\msvcrt.dll
0x00007ffdf3fb0000 - 0x00007ffdf404d000 	C:\Windows\System32\msvcp_win.dll
0x00007ffdf5130000 - 0x00007ffdf5160000 	C:\Windows\System32\IMM32.DLL
0x00007ffde83e0000 - 0x00007ffde847d000 	C:\Program Files\Android\Android Studio\jre\bin\msvcp140.dll
0x00007ffdc2550000 - 0x00007ffdc3035000 	C:\Program Files\Android\Android Studio\jre\bin\server\jvm.dll
0x00007ffdf4460000 - 0x00007ffdf450c000 	C:\Windows\System32\ADVAPI32.dll
0x00007ffdf5730000 - 0x00007ffdf57cc000 	C:\Windows\System32\sechost.dll
0x00007ffdf40f0000 - 0x00007ffdf421b000 	C:\Windows\System32\RPCRT4.dll
0x00007ffdf5fa0000 - 0x00007ffdf5fa8000 	C:\Windows\System32\PSAPI.DLL
0x00007ffdee030000 - 0x00007ffdee039000 	C:\Windows\SYSTEM32\WSOCK32.dll
0x00007ffdf4360000 - 0x00007ffdf43cb000 	C:\Windows\System32\WS2_32.dll
0x00007ffde74b0000 - 0x00007ffde74d7000 	C:\Windows\SYSTEM32\WINMM.dll
0x00007ffdf1790000 - 0x00007ffdf179a000 	C:\Windows\SYSTEM32\VERSION.dll
0x00007ffdf2030000 - 0x00007ffdf2042000 	C:\Windows\SYSTEM32\kernel.appcore.dll
0x00007ffde94f0000 - 0x00007ffde9501000 	C:\Program Files\Android\Android Studio\jre\bin\verify.dll
0x00007ffde2c40000 - 0x00007ffde2e24000 	C:\Windows\SYSTEM32\DBGHELP.DLL
0x00007ffde1d30000 - 0x00007ffde1d5c000 	C:\Windows\SYSTEM32\dbgcore.DLL
0x00007ffdf3f30000 - 0x00007ffdf3fb0000 	C:\Windows\System32\bcryptPrimitives.dll
0x00007ffde8d20000 - 0x00007ffde8d49000 	C:\Program Files\Android\Android Studio\jre\bin\java.dll
0x00007ffde9b60000 - 0x00007ffde9b6b000 	C:\Program Files\Android\Android Studio\jre\bin\jimage.dll
0x00007ffde8d00000 - 0x00007ffde8d18000 	C:\Program Files\Android\Android Studio\jre\bin\zip.dll
0x00007ffdf4570000 - 0x00007ffdf4cb2000 	C:\Windows\System32\SHELL32.dll
0x00007ffdf1890000 - 0x00007ffdf2020000 	C:\Windows\SYSTEM32\windows.storage.dll
0x00007ffdf5160000 - 0x00007ffdf54b5000 	C:\Windows\System32\combase.dll
0x00007ffdf30d0000 - 0x00007ffdf30fc000 	C:\Windows\SYSTEM32\Wldp.dll
0x00007ffdf5e20000 - 0x00007ffdf5ece000 	C:\Windows\System32\SHCORE.dll
0x00007ffdf4280000 - 0x00007ffdf42d5000 	C:\Windows\System32\shlwapi.dll
0x00007ffdf3670000 - 0x00007ffdf368f000 	C:\Windows\SYSTEM32\profapi.dll
0x00007ffde6790000 - 0x00007ffde67aa000 	C:\Program Files\Android\Android Studio\jre\bin\net.dll
0x00007ffdead90000 - 0x00007ffdeae9c000 	C:\Windows\SYSTEM32\WINHTTP.dll
0x00007ffdf2e50000 - 0x00007ffdf2eba000 	C:\Windows\system32\mswsock.dll
0x00007ffde6770000 - 0x00007ffde6784000 	C:\Program Files\Android\Android Studio\jre\bin\nio.dll
0x00007ffde8c30000 - 0x00007ffde8c57000 	C:\Users\SWAGAT\.gradle\native\e1d6ef7f7dcc3fd88c89a11ec53ec762bb8ba0a96d01ffa2cd45eb1d1d8dd5c5\windows-amd64\native-platform.dll
0x00007ffdc8b50000 - 0x00007ffdc8c94000 	C:\Users\SWAGAT\.gradle\native\5664cfc778a61ccfe75a443a1ab52a65af34e5dc3c78e0209fed803814484fcb\windows-amd64\native-platform-file-events.dll
0x00007ffde9820000 - 0x00007ffde982a000 	C:\Program Files\Android\Android Studio\jre\bin\management.dll
0x00007ffde96d0000 - 0x00007ffde96dd000 	C:\Program Files\Android\Android Studio\jre\bin\management_ext.dll
0x00007ffdf3030000 - 0x00007ffdf3048000 	C:\Windows\SYSTEM32\CRYPTSP.dll
0x00007ffdf27f0000 - 0x00007ffdf2824000 	C:\Windows\system32\rsaenh.dll
0x00007ffdf3d40000 - 0x00007ffdf3d67000 	C:\Windows\System32\bcrypt.dll
0x00007ffdf3630000 - 0x00007ffdf365e000 	C:\Windows\SYSTEM32\USERENV.dll
0x00007ffdf3020000 - 0x00007ffdf302c000 	C:\Windows\SYSTEM32\CRYPTBASE.dll
0x00007ffdf2b40000 - 0x00007ffdf2b7b000 	C:\Windows\SYSTEM32\IPHLPAPI.DLL
0x00007ffdf5720000 - 0x00007ffdf5728000 	C:\Windows\System32\NSI.dll
0x00007ffdec750000 - 0x00007ffdec767000 	C:\Windows\SYSTEM32\dhcpcsvc6.DLL
0x00007ffdec520000 - 0x00007ffdec53d000 	C:\Windows\SYSTEM32\dhcpcsvc.DLL
0x00007ffdf2b80000 - 0x00007ffdf2c4b000 	C:\Windows\SYSTEM32\DNSAPI.dll

dbghelp: loaded successfully - version: 4.0.5 - missing functions: none
symbol engine: initialized successfully - sym options: 0x614 - pdb path: .;C:\Program Files\Android\Android Studio\jre\bin;C:\Windows\SYSTEM32;C:\Windows\WinSxS\amd64_microsoft.windows.common-controls_6595b64144ccf1df_6.0.19041.844_none_ca00b6081b84eb1d;C:\Program Files\Android\Android Studio\jre\bin\server;C:\Users\SWAGAT\.gradle\native\e1d6ef7f7dcc3fd88c89a11ec53ec762bb8ba0a96d01ffa2cd45eb1d1d8dd5c5\windows-amd64;C:\Users\SWAGAT\.gradle\native\5664cfc778a61ccfe75a443a1ab52a65af34e5dc3c78e0209fed803814484fcb\windows-amd64

VM Arguments:
jvm_args: --add-opens=java.base/java.util=ALL-UNNAMED --add-opens=java.base/java.lang=ALL-UNNAMED --add-opens=java.base/java.lang.invoke=ALL-UNNAMED --add-opens=java.base/java.util=ALL-UNNAMED --add-opens=java.prefs/java.util.prefs=ALL-UNNAMED --add-opens=java.prefs/java.util.prefs=ALL-UNNAMED --add-opens=java.base/java.nio.charset=ALL-UNNAMED --add-opens=java.base/java.net=ALL-UNNAMED --add-opens=java.base/java.util.concurrent.atomic=ALL-UNNAMED -Xmx2048m -Dfile.encoding=UTF-8 -Duser.country=US -Duser.language=en -Duser.variant 
java_command: org.gradle.launcher.daemon.bootstrap.GradleDaemon 7.3.3
java_class_path (initial): C:\Users\SWAGAT\.gradle\wrapper\dists\gradle-7.3.3-bin\6a41zxkdtcxs8rphpq6y0069z\gradle-7.3.3\lib\gradle-launcher-7.3.3.jar
Launcher Type: SUN_STANDARD

[Global flags]
     intx CICompilerCount                          = 3                                         {product} {ergonomic}
     uint ConcGCThreads                            = 1                                         {product} {ergonomic}
     uint G1ConcRefinementThreads                  = 4                                         {product} {ergonomic}
   size_t G1HeapRegionSize                         = 1048576                                   {product} {ergonomic}
    uintx GCDrainStackTargetSize                   = 64                                        {product} {ergonomic}
   size_t InitialHeapSize                          = 67108864                                  {product} {ergonomic}
   size_t MarkStackSize                            = 4194304                                   {product} {ergonomic}
   size_t MaxHeapSize                              = 2147483648                                {product} {command line}
   size_t MaxNewSize                               = 1287651328                                {product} {ergonomic}
   size_t MinHeapDeltaBytes                        = 1048576                                   {product} {ergonomic}
    uintx NonNMethodCodeHeapSize                   = 5830732                                {pd product} {ergonomic}
    uintx NonProfiledCodeHeapSize                  = 122913754                              {pd product} {ergonomic}
    uintx ProfiledCodeHeapSize                     = 122913754                              {pd product} {ergonomic}
    uintx ReservedCodeCacheSize                    = 251658240                              {pd product} {ergonomic}
     bool SegmentedCodeCache                       = true                                      {product} {ergonomic}
     bool UseCompressedClassPointers               = true                                 {lp64_product} {ergonomic}
     bool UseCompressedOops                        = true                                 {lp64_product} {ergonomic}
     bool UseG1GC                                  = true                                      {product} {ergonomic}
     bool UseLargePagesIndividualAllocation        = false                                  {pd product} {ergonomic}

Logging:
Log output configuration:
 #0: stdout all=warning uptime,level,tags
 #1: stderr all=off uptime,level,tags

Environment Variables:
JAVA_HOME=C:\Program Files\Java\jdk-17.0.2
PATH=C:\oraclexe\app\oracle\product\10.2.0\server\bin;C:\Program Files\Common Files\Oracle\Java\javapath;C:\VMware\bin\;C:\Windows\system32;C:\Windows;C:\Windows\System32\Wbem;C:\Windows\System32\WindowsPowerShell\v1.0\;C:\Windows\System32\OpenSSH\;C:\Program Files (x86)\AMD\ATI.ACE\Core-Static;C:\Program Files (x86)\ATI Technologies\ATI.ACE\Core-Static;C:\Program Files (x86)\NVIDIA Corporation\PhysX\Common;C:\Program Files\Java\jdk-17.0.2\bin;C:\Program Files\Git\cmd;C:\Users\SWAGAT\AppData\Local\Programs\Python\Python39\Scripts\;C:\Users\SWAGAT\AppData\Local\Programs\Python\Python39\;C:\Users\SWAGAT\AppData\Local\Microsoft\WindowsApps;C:\Users\SWAGAT\AppData\Local\atom\bin
USERNAME=SWAGAT
OS=Windows_NT
PROCESSOR_IDENTIFIER=Intel64 Family 6 Model 42 Stepping 7, GenuineIntel



---------------  S Y S T E M  ---------------

OS: Windows 10 , 64 bit Build 19041 (10.0.19041.804)
OS uptime: 0 days 19:00 hours

CPU:total 4 (initial active 4) (2 cores per cpu, 2 threads per core) family 6 model 42 stepping 7 microcode 0x2f, cmov, cx8, fxsr, mmx, sse, sse2, sse3, ssse3, sse4.1, sse4.2, popcnt, avx, clmul, ht, tsc, tscinvbit

Memory: 4k page, system-wide physical 4078M (275M free)
TotalPageFile size 16366M (AvailPageFile size 77M)
current process WorkingSet (physical memory assigned to process): 375M, peak: 375M
current process commit charge ("private bytes"): 444M, peak: 543M

vm_info: OpenJDK 64-Bit Server VM (11.0.12+7-b1504.28-7817840) for windows-amd64 JRE (11.0.12+7-b1504.28-7817840), built on Oct 13 2021 22:12:33 by "builder" with MS VC++ 14.0 (VS2015)

END.
