#
# There is insufficient memory for the Java Runtime Environment to continue.
# Native memory allocation (malloc) failed to allocate 131088 bytes for Chunk::new
# Possible reasons:
#   The system is out of physical RAM or swap space
#   The process is running with CompressedOops enabled, and the Java Heap may be blocking the growth of the native heap
# Possible solutions:
#   Reduce memory load on the system
#   Increase physical memory or swap space
#   Check if swap backing store is full
#   Decrease Java heap size (-Xmx/-Xms)
#   Decrease number of Java threads
#   Decrease Java thread stack sizes (-Xss)
#   Set larger code cache with -XX:ReservedCodeCacheSize=
#   JVM is running with Unscaled Compressed Oops mode in which the Java heap is
#     placed in the first 4GB address space. The Java Heap base address is the
#     maximum limit for the native heap growth. Please use -XX:HeapBaseMinAddress
#     to set the Java Heap base and to place the Java Heap above 4GB virtual address.
# This output file may be truncated or incomplete.
#
#  Out of Memory Error (./src/hotspot/share/memory/arena.cpp:197), pid=7912, tid=7496
#
# JRE version: OpenJDK Runtime Environment (11.0.12+7) (build 11.0.12+7-b1504.28-7817840)
# Java VM: OpenJDK 64-Bit Server VM (11.0.12+7-b1504.28-7817840, mixed mode, tiered, compressed oops, g1 gc, windows-amd64)
# No core dump will be written. Minidumps are not enabled by default on client versions of Windows
#

---------------  S U M M A R Y ------------

Command Line: --add-opens=java.base/java.util=ALL-UNNAMED --add-opens=java.base/java.lang=ALL-UNNAMED --add-opens=java.base/java.lang.invoke=ALL-UNNAMED --add-opens=java.prefs/java.util.prefs=ALL-UNNAMED -Xmx2048m -Dfile.encoding=UTF-8 -Duser.country=US -Duser.language=en -Duser.variant org.gradle.launcher.daemon.bootstrap.GradleDaemon 6.5

Host: Intel(R) Core(TM) i3-2130 CPU @ 3.40GHz, 4 cores, 3G,  Windows 10 , 64 bit Build 19041 (10.0.19041.804)
Time: Thu May 26 13:14:29 2022 India Standard Time elapsed time: 449.751936 seconds (0d 0h 7m 29s)

---------------  T H R E A D  ---------------

Current thread (0x00000246ffa17800):  JavaThread "C2 CompilerThread0" daemon [_thread_in_native, id=7496, stack(0x0000007183800000,0x0000007183900000)]


Current CompileTask:
C2: 449752 8914   !   4       java.net.URL::<init> (543 bytes)

Stack: [0x0000007183800000,0x0000007183900000]
Native frames: (J=compiled Java code, j=interpreted, Vv=VM code, C=native code)
V  [jvm.dll+0x5fbcea]
V  [jvm.dll+0x731905]
V  [jvm.dll+0x732f1d]
V  [jvm.dll+0x7335d3]
V  [jvm.dll+0x247bf8]
V  [jvm.dll+0xc018c]
V  [jvm.dll+0xc06cc]
V  [jvm.dll+0xc02cc]
V  [jvm.dll+0x6282e0]
V  [jvm.dll+0x610f57]
V  [jvm.dll+0x612ef0]
V  [jvm.dll+0x612cbb]
V  [jvm.dll+0x6156e7]
V  [jvm.dll+0x61903e]
V  [jvm.dll+0x610dea]
V  [jvm.dll+0x610453]
V  [jvm.dll+0x60e4a2]
V  [jvm.dll+0x18addc]
V  [jvm.dll+0x2bbcef]
V  [jvm.dll+0x619065]
V  [jvm.dll+0x610dea]
V  [jvm.dll+0x610453]
V  [jvm.dll+0x60e4a2]
V  [jvm.dll+0x18addc]
V  [jvm.dll+0x2bbcef]
V  [jvm.dll+0x619065]
V  [jvm.dll+0x610dea]
V  [jvm.dll+0x610453]
V  [jvm.dll+0x60e4a2]
V  [jvm.dll+0x18addc]
V  [jvm.dll+0x1ff4b5]
V  [jvm.dll+0x18868c]
V  [jvm.dll+0x20e0d7]
V  [jvm.dll+0x20c901]
V  [jvm.dll+0x6f9b7f]
V  [jvm.dll+0x6f26a5]
V  [jvm.dll+0x5fabf6]
C  [ucrtbase.dll+0x21bb2]
C  [KERNEL32.DLL+0x17034]
C  [ntdll.dll+0x52651]


---------------  P R O C E S S  ---------------

Threads class SMR info:
_java_thread_list=0x0000024685b2feb0, length=127, elements={
0x00000246e3e89000, 0x00000246ff9b5000, 0x00000246ff9bd800, 0x00000246ffa10800,
0x00000246ffa11800, 0x00000246ffa13800, 0x00000246ffa17800, 0x00000246ffa3e000,
0x00000246ffb9d800, 0x00000246ffca4800, 0x0000024681726800, 0x0000024682086800,
0x0000024681574000, 0x0000024681609800, 0x000002468160c000, 0x000002468160a800,
0x0000024685af8800, 0x0000024685af5800, 0x0000024685af9800, 0x0000024685afa000,
0x0000024685afc000, 0x0000024685af6000, 0x0000024685afc800, 0x0000024685afd800,
0x0000024685af7800, 0x00000246ffde3800, 0x00000246ffde2000, 0x00000246ffde6000,
0x00000246ffde0800, 0x00000246ffde4800, 0x00000246ffde8800, 0x00000246ffde3000,
0x00000246ffde9800, 0x00000246ffde7000, 0x00000246ffde1800, 0x00000246ffdea000,
0x00000246ffdeb000, 0x00000246ffde8000, 0x00000246ffde5800, 0x00000246ffded800,
0x00000246ffdec000, 0x00000246ffdec800, 0x00000246ffdee800, 0x00000246ffdef000,
0x0000024685af7000, 0x0000024685b02800, 0x0000024685b04000, 0x0000024685b00800,
0x0000024685b03000, 0x0000024685b00000, 0x0000024685b01800, 0x0000024685aff000,
0x000002468160e800, 0x000002468160b000, 0x0000024681610000, 0x000002468160d000,
0x000002468160d800, 0x000002468160f800, 0x0000024684778000, 0x0000024684778800,
0x000002468477b000, 0x0000024684779800, 0x000002468477a800, 0x0000024684776800,
0x000002468477c000, 0x000002468477d000, 0x0000024684777000, 0x000002468477e800,
0x0000024684782800, 0x0000024684783800, 0x0000024684781000, 0x000002468477d800,
0x0000024684781800, 0x0000024684784000, 0x0000024684785000, 0x000002468477f000,
0x0000024684780000, 0x0000024682f6a000, 0x0000024682f67000, 0x0000024682f67800,
0x0000024682f68800, 0x0000024682f6b000, 0x0000024682f69000, 0x0000024682f6b800,
0x0000024682f66000, 0x0000024682f6c800, 0x0000024682f70800, 0x0000024682f72000,
0x0000024682f6e000, 0x0000024682f6f000, 0x0000024682f6d800, 0x0000024682f74800,
0x0000024682f74000, 0x0000024682f73000, 0x0000024682f70000, 0x0000024682f71800,
0x0000024684a8c800, 0x0000024684a8e000, 0x0000024684a8f000, 0x0000024684a90000,
0x0000024684a90800, 0x0000024684a8b000, 0x0000024684a8d800, 0x0000024684a8b800,
0x0000024684a92000, 0x0000024684a91800, 0x0000024684a96800, 0x0000024684a97000,
0x0000024684a98000, 0x0000024684a98800, 0x0000024684a93000, 0x0000024684a94800,
0x0000024684a99800, 0x0000024684a95800, 0x0000024684a94000, 0x0000024684ee4800,
0x0000024684ee6000, 0x0000024684ee3800, 0x0000024684ee3000, 0x0000024684ee1000,
0x0000024684ee5000, 0x0000024684ee7000, 0x0000024684ee7800, 0x0000024684ee2000,
0x0000024684ee8800, 0x0000024684eef000, 0x0000024684eee000
}

Java Threads: ( => current thread )
  0x00000246e3e89000 JavaThread "main" [_thread_blocked, id=7956, stack(0x0000007182c00000,0x0000007182d00000)]
  0x00000246ff9b5000 JavaThread "Reference Handler" daemon [_thread_blocked, id=3852, stack(0x0000007183300000,0x0000007183400000)]
  0x00000246ff9bd800 JavaThread "Finalizer" daemon [_thread_blocked, id=8600, stack(0x0000007183400000,0x0000007183500000)]
  0x00000246ffa10800 JavaThread "Signal Dispatcher" daemon [_thread_blocked, id=3884, stack(0x0000007183500000,0x0000007183600000)]
  0x00000246ffa11800 JavaThread "Attach Listener" daemon [_thread_blocked, id=6600, stack(0x0000007183600000,0x0000007183700000)]
  0x00000246ffa13800 JavaThread "Service Thread" daemon [_thread_blocked, id=8184, stack(0x0000007183700000,0x0000007183800000)]
=>0x00000246ffa17800 JavaThread "C2 CompilerThread0" daemon [_thread_in_native, id=7496, stack(0x0000007183800000,0x0000007183900000)]
  0x00000246ffa3e000 JavaThread "C1 CompilerThread0" daemon [_thread_blocked, id=4744, stack(0x0000007183900000,0x0000007183a00000)]
  0x00000246ffb9d800 JavaThread "Sweeper thread" daemon [_thread_blocked, id=9932, stack(0x0000007183a00000,0x0000007183b00000)]
  0x00000246ffca4800 JavaThread "Common-Cleaner" daemon [_thread_blocked, id=1452, stack(0x0000007183b00000,0x0000007183c00000)]
  0x0000024681726800 JavaThread "Daemon health stats" [_thread_blocked, id=1184, stack(0x0000007183e00000,0x0000007183f00000)]
  0x0000024682086800 JavaThread "Incoming local TCP Connector on port 62341" [_thread_in_native, id=8092, stack(0x0000007184100000,0x0000007184200000)]
  0x0000024681574000 JavaThread "Daemon periodic checks" [_thread_blocked, id=9448, stack(0x0000007184200000,0x0000007184300000)]
  0x0000024681609800 JavaThread "Cache worker for journal cache (C:\Users\SWAGAT\.gradle\caches\journal-1)" [_thread_blocked, id=9852, stack(0x0000007184c00000,0x0000007184d00000)]
  0x000002468160c000 JavaThread "File lock request listener" [_thread_in_native, id=5396, stack(0x0000007184d00000,0x0000007184e00000)]
  0x000002468160a800 JavaThread "Cache worker for file hash cache (C:\Users\SWAGAT\.gradle\caches\6.5\fileHashes)" [_thread_blocked, id=1756, stack(0x0000007184e00000,0x0000007184f00000)]
  0x0000024685af8800 JavaThread "Cache worker for execution history cache (C:\Users\SWAGAT\.gradle\caches\6.5\executionHistory)" [_thread_blocked, id=9164, stack(0x0000007186b00000,0x0000007186c00000)]
  0x0000024685af5800 JavaThread "Cache worker for file content cache (C:\Users\SWAGAT\.gradle\caches\6.5\fileContent)" [_thread_blocked, id=5524, stack(0x0000007186c00000,0x0000007186d00000)]
  0x0000024685af9800 JavaThread "Daemon Thread 2" [_thread_blocked, id=9744, stack(0x0000007182a00000,0x0000007182b00000)]
  0x0000024685afa000 JavaThread "Handler for socket connection from /127.0.0.1:62341 to /127.0.0.1:63983" [_thread_in_native, id=7188, stack(0x0000007182b00000,0x0000007182c00000)]
  0x0000024685afc000 JavaThread "Cancel handler" [_thread_blocked, id=8220, stack(0x0000007183f00000,0x0000007184000000)]
  0x0000024685af6000 JavaThread "Daemon worker Thread 2" [_thread_in_Java, id=10640, stack(0x0000007184000000,0x0000007184100000)]
  0x0000024685afc800 JavaThread "Asynchronous log dispatcher for DefaultDaemonConnection: socket connection from /127.0.0.1:62341 to /127.0.0.1:63983" [_thread_blocked, id=8200, stack(0x0000007184300000,0x0000007184400000)]
  0x0000024685afd800 JavaThread "Thread-51" [_thread_blocked, id=4264, stack(0x0000007184500000,0x0000007184600000)]
  0x0000024685af7800 JavaThread "Cache worker for file hash cache (C:\Users\SWAGAT\Desktop\sooraj doc\Animus\.gradle\6.5\fileHashes)" [_thread_blocked, id=9044, stack(0x0000007184600000,0x0000007184700000)]
  0x00000246ffde3800 JavaThread "Cache worker for checksums cache (C:\Users\SWAGAT\Desktop\sooraj doc\Animus\.gradle\checksums)" [_thread_blocked, id=4568, stack(0x0000007186300000,0x0000007186400000)]
  0x00000246ffde2000 JavaThread "Cache worker for cache directory md-supplier (C:\Users\SWAGAT\.gradle\caches\6.5\md-supplier)" [_thread_blocked, id=9240, stack(0x0000007186400000,0x0000007186500000)]
  0x00000246ffde6000 JavaThread "Cache worker for cache directory md-rule (C:\Users\SWAGAT\.gradle\caches\6.5\md-rule)" [_thread_blocked, id=10916, stack(0x0000007186500000,0x0000007186600000)]
  0x00000246ffde0800 JavaThread "Cache worker for Build Output Cleanup Cache (C:\Users\SWAGAT\Desktop\sooraj doc\Animus\.gradle\buildOutputCleanup)" [_thread_blocked, id=5616, stack(0x0000007186700000,0x0000007186800000)]
  0x00000246ffde4800 JavaThread "Build operations" [_thread_blocked, id=7636, stack(0x0000007186800000,0x0000007186900000)]
  0x00000246ffde8800 JavaThread "Build operations Thread 2" [_thread_blocked, id=6292, stack(0x0000007186900000,0x0000007186a00000)]
  0x00000246ffde3000 JavaThread "Build operations Thread 3" [_thread_blocked, id=11024, stack(0x0000007186a00000,0x0000007186b00000)]
  0x00000246ffde9800 JavaThread "Build operations Thread 4" [_thread_blocked, id=9828, stack(0x0000007186d00000,0x0000007186e00000)]
  0x00000246ffde7000 JavaThread "jar transforms Thread 47" [_thread_blocked, id=3144, stack(0x0000007184400000,0x0000007184500000)]
  0x00000246ffde1800 JavaThread "jar transforms Thread 48" [_thread_blocked, id=10636, stack(0x0000007184900000,0x0000007184a00000)]
  0x00000246ffdea000 JavaThread "jar transforms Thread 49" [_thread_blocked, id=10644, stack(0x0000007184a00000,0x0000007184b00000)]
  0x00000246ffdeb000 JavaThread "jar transforms Thread 50" [_thread_blocked, id=9492, stack(0x0000007184b00000,0x0000007184c00000)]
  0x00000246ffde8000 JavaThread "jar transforms Thread 51" [_thread_blocked, id=7952, stack(0x0000007184f00000,0x0000007185000000)]
  0x00000246ffde5800 JavaThread "jar transforms Thread 52" [_thread_blocked, id=10868, stack(0x0000007185000000,0x0000007185100000)]
  0x00000246ffded800 JavaThread "jar transforms Thread 53" [_thread_blocked, id=10204, stack(0x0000007185100000,0x0000007185200000)]
  0x00000246ffdec000 JavaThread "jar transforms Thread 54" [_thread_blocked, id=5408, stack(0x0000007185200000,0x0000007185300000)]
  0x00000246ffdec800 JavaThread "jar transforms Thread 55" [_thread_blocked, id=9484, stack(0x0000007185300000,0x0000007185400000)]
  0x00000246ffdee800 JavaThread "jar transforms Thread 56" [_thread_blocked, id=10736, stack(0x0000007185400000,0x0000007185500000)]
  0x00000246ffdef000 JavaThread "jar transforms Thread 57" [_thread_blocked, id=4480, stack(0x0000007185500000,0x0000007185600000)]
  0x0000024685af7000 JavaThread "jar transforms Thread 58" [_thread_blocked, id=10688, stack(0x0000007185600000,0x0000007185700000)]
  0x0000024685b02800 JavaThread "jar transforms Thread 59" [_thread_blocked, id=9232, stack(0x0000007185700000,0x0000007185800000)]
  0x0000024685b04000 JavaThread "jar transforms Thread 60" [_thread_blocked, id=752, stack(0x0000007185800000,0x0000007185900000)]
  0x0000024685b00800 JavaThread "jar transforms Thread 61" [_thread_blocked, id=10068, stack(0x0000007185900000,0x0000007185a00000)]
  0x0000024685b03000 JavaThread "jar transforms Thread 62" [_thread_blocked, id=7856, stack(0x0000007185a00000,0x0000007185b00000)]
  0x0000024685b00000 JavaThread "jar transforms Thread 63" [_thread_blocked, id=2188, stack(0x0000007185b00000,0x0000007185c00000)]
  0x0000024685b01800 JavaThread "jar transforms Thread 64" [_thread_blocked, id=5824, stack(0x0000007185c00000,0x0000007185d00000)]
  0x0000024685aff000 JavaThread "jar transforms Thread 65" [_thread_blocked, id=10624, stack(0x0000007185d00000,0x0000007185e00000)]
  0x000002468160e800 JavaThread "jar transforms Thread 66" [_thread_blocked, id=8204, stack(0x0000007185e00000,0x0000007185f00000)]
  0x000002468160b000 JavaThread "jar transforms Thread 67" [_thread_blocked, id=5624, stack(0x0000007185f00000,0x0000007186000000)]
  0x0000024681610000 JavaThread "jar transforms Thread 68" [_thread_blocked, id=10408, stack(0x0000007186000000,0x0000007186100000)]
  0x000002468160d000 JavaThread "jar transforms Thread 69" [_thread_blocked, id=10480, stack(0x0000007186100000,0x0000007186200000)]
  0x000002468160d800 JavaThread "jar transforms Thread 70" [_thread_blocked, id=3680, stack(0x0000007186200000,0x0000007186300000)]
  0x000002468160f800 JavaThread "jar transforms Thread 71" [_thread_blocked, id=4956, stack(0x0000007186600000,0x0000007186700000)]
  0x0000024684778000 JavaThread "jar transforms Thread 72" [_thread_blocked, id=3832, stack(0x0000007186e00000,0x0000007186f00000)]
  0x0000024684778800 JavaThread "jar transforms Thread 73" [_thread_blocked, id=10324, stack(0x0000007186f00000,0x0000007187000000)]
  0x000002468477b000 JavaThread "jar transforms Thread 74" [_thread_blocked, id=9980, stack(0x0000007187000000,0x0000007187100000)]
  0x0000024684779800 JavaThread "jar transforms Thread 75" [_thread_blocked, id=4200, stack(0x0000007187100000,0x0000007187200000)]
  0x000002468477a800 JavaThread "jar transforms Thread 76" [_thread_blocked, id=2444, stack(0x0000007187300000,0x0000007187400000)]
  0x0000024684776800 JavaThread "jar transforms Thread 77" [_thread_blocked, id=3900, stack(0x0000007187400000,0x0000007187500000)]
  0x000002468477c000 JavaThread "jar transforms Thread 78" [_thread_blocked, id=1948, stack(0x0000007187500000,0x0000007187600000)]
  0x000002468477d000 JavaThread "jar transforms Thread 79" [_thread_blocked, id=9084, stack(0x0000007187600000,0x0000007187700000)]
  0x0000024684777000 JavaThread "jar transforms Thread 80" [_thread_blocked, id=6808, stack(0x0000007187700000,0x0000007187800000)]
  0x000002468477e800 JavaThread "jar transforms Thread 81" [_thread_blocked, id=2148, stack(0x0000007187800000,0x0000007187900000)]
  0x0000024684782800 JavaThread "jar transforms Thread 82" [_thread_blocked, id=11052, stack(0x0000007187900000,0x0000007187a00000)]
  0x0000024684783800 JavaThread "jar transforms Thread 83" [_thread_blocked, id=5184, stack(0x0000007187a00000,0x0000007187b00000)]
  0x0000024684781000 JavaThread "jar transforms Thread 84" [_thread_blocked, id=3312, stack(0x0000007187b00000,0x0000007187c00000)]
  0x000002468477d800 JavaThread "jar transforms Thread 85" [_thread_blocked, id=7608, stack(0x0000007187c00000,0x0000007187d00000)]
  0x0000024684781800 JavaThread "jar transforms Thread 86" [_thread_blocked, id=9772, stack(0x0000007187d00000,0x0000007187e00000)]
  0x0000024684784000 JavaThread "jar transforms Thread 87" [_thread_blocked, id=2936, stack(0x0000007187e00000,0x0000007187f00000)]
  0x0000024684785000 JavaThread "jar transforms Thread 88" [_thread_blocked, id=468, stack(0x0000007187f00000,0x0000007188000000)]
  0x000002468477f000 JavaThread "jar transforms Thread 89" [_thread_blocked, id=9000, stack(0x0000007188000000,0x0000007188100000)]
  0x0000024684780000 JavaThread "jar transforms Thread 90" [_thread_blocked, id=10424, stack(0x0000007188100000,0x0000007188200000)]
  0x0000024682f6a000 JavaThread "jar transforms Thread 91" [_thread_blocked, id=8816, stack(0x0000007188200000,0x0000007188300000)]
  0x0000024682f67000 JavaThread "jar transforms Thread 92" [_thread_blocked, id=9320, stack(0x0000007188300000,0x0000007188400000)]
  0x0000024682f67800 JavaThread "jar transforms Thread 93" [_thread_blocked, id=3412, stack(0x0000007188400000,0x0000007188500000)]
  0x0000024682f68800 JavaThread "jar transforms Thread 94" [_thread_blocked, id=4284, stack(0x0000007188500000,0x0000007188600000)]
  0x0000024682f6b000 JavaThread "jar transforms Thread 95" [_thread_blocked, id=6408, stack(0x0000007188600000,0x0000007188700000)]
  0x0000024682f69000 JavaThread "jar transforms Thread 96" [_thread_blocked, id=760, stack(0x0000007188700000,0x0000007188800000)]
  0x0000024682f6b800 JavaThread "jar transforms Thread 97" [_thread_blocked, id=2416, stack(0x0000007188800000,0x0000007188900000)]
  0x0000024682f66000 JavaThread "jar transforms Thread 98" [_thread_blocked, id=9180, stack(0x0000007188900000,0x0000007188a00000)]
  0x0000024682f6c800 JavaThread "jar transforms Thread 99" [_thread_blocked, id=5912, stack(0x0000007188a00000,0x0000007188b00000)]
  0x0000024682f70800 JavaThread "jar transforms Thread 100" [_thread_blocked, id=3244, stack(0x0000007188b00000,0x0000007188c00000)]
  0x0000024682f72000 JavaThread "jar transforms Thread 101" [_thread_blocked, id=9388, stack(0x0000007188c00000,0x0000007188d00000)]
  0x0000024682f6e000 JavaThread "jar transforms Thread 102" [_thread_blocked, id=7272, stack(0x0000007188d00000,0x0000007188e00000)]
  0x0000024682f6f000 JavaThread "jar transforms Thread 103" [_thread_blocked, id=3904, stack(0x0000007188e00000,0x0000007188f00000)]
  0x0000024682f6d800 JavaThread "jar transforms Thread 104" [_thread_blocked, id=4236, stack(0x0000007188f00000,0x0000007189000000)]
  0x0000024682f74800 JavaThread "jar transforms Thread 105" [_thread_blocked, id=8576, stack(0x0000007189000000,0x0000007189100000)]
  0x0000024682f74000 JavaThread "jar transforms Thread 106" [_thread_blocked, id=1724, stack(0x0000007189100000,0x0000007189200000)]
  0x0000024682f73000 JavaThread "jar transforms Thread 107" [_thread_blocked, id=9968, stack(0x0000007189200000,0x0000007189300000)]
  0x0000024682f70000 JavaThread "jar transforms Thread 108" [_thread_blocked, id=9528, stack(0x0000007189300000,0x0000007189400000)]
  0x0000024682f71800 JavaThread "jar transforms Thread 109" [_thread_blocked, id=648, stack(0x0000007189400000,0x0000007189500000)]
  0x0000024684a8c800 JavaThread "jar transforms Thread 110" [_thread_blocked, id=8544, stack(0x0000007189500000,0x0000007189600000)]
  0x0000024684a8e000 JavaThread "jar transforms Thread 111" [_thread_blocked, id=1704, stack(0x0000007189600000,0x0000007189700000)]
  0x0000024684a8f000 JavaThread "jar transforms Thread 112" [_thread_blocked, id=7508, stack(0x0000007189700000,0x0000007189800000)]
  0x0000024684a90000 JavaThread "jar transforms Thread 113" [_thread_blocked, id=2876, stack(0x0000007189800000,0x0000007189900000)]
  0x0000024684a90800 JavaThread "jar transforms Thread 114" [_thread_blocked, id=2304, stack(0x0000007189900000,0x0000007189a00000)]
  0x0000024684a8b000 JavaThread "jar transforms Thread 115" [_thread_blocked, id=9660, stack(0x0000007189a00000,0x0000007189b00000)]
  0x0000024684a8d800 JavaThread "jar transforms Thread 116" [_thread_blocked, id=7716, stack(0x0000007189b00000,0x0000007189c00000)]
  0x0000024684a8b800 JavaThread "jar transforms Thread 117" [_thread_blocked, id=10368, stack(0x0000007189c00000,0x0000007189d00000)]
  0x0000024684a92000 JavaThread "jar transforms Thread 118" [_thread_blocked, id=10008, stack(0x0000007189d00000,0x0000007189e00000)]
  0x0000024684a91800 JavaThread "jar transforms Thread 119" [_thread_blocked, id=8624, stack(0x0000007189e00000,0x0000007189f00000)]
  0x0000024684a96800 JavaThread "jar transforms Thread 120" [_thread_blocked, id=4900, stack(0x0000007189f00000,0x000000718a000000)]
  0x0000024684a97000 JavaThread "jar transforms Thread 121" [_thread_blocked, id=5068, stack(0x000000718a000000,0x000000718a100000)]
  0x0000024684a98000 JavaThread "jar transforms Thread 122" [_thread_blocked, id=1912, stack(0x000000718a100000,0x000000718a200000)]
  0x0000024684a98800 JavaThread "jar transforms Thread 123" [_thread_blocked, id=3888, stack(0x000000718a200000,0x000000718a300000)]
  0x0000024684a93000 JavaThread "jar transforms Thread 124" [_thread_blocked, id=704, stack(0x000000718a300000,0x000000718a400000)]
  0x0000024684a94800 JavaThread "jar transforms Thread 125" [_thread_blocked, id=1720, stack(0x000000718a400000,0x000000718a500000)]
  0x0000024684a99800 JavaThread "jar transforms Thread 126" [_thread_blocked, id=2860, stack(0x000000718a500000,0x000000718a600000)]
  0x0000024684a95800 JavaThread "jar transforms Thread 127" [_thread_blocked, id=7888, stack(0x000000718a600000,0x000000718a700000)]
  0x0000024684a94000 JavaThread "jar transforms Thread 128" [_thread_blocked, id=2832, stack(0x000000718a700000,0x000000718a800000)]
  0x0000024684ee4800 JavaThread "jar transforms Thread 129" [_thread_blocked, id=6916, stack(0x000000718a800000,0x000000718a900000)]
  0x0000024684ee6000 JavaThread "jar transforms Thread 130" [_thread_blocked, id=9888, stack(0x000000718a900000,0x000000718aa00000)]
  0x0000024684ee3800 JavaThread "jar transforms Thread 131" [_thread_blocked, id=2992, stack(0x000000718aa00000,0x000000718ab00000)]
  0x0000024684ee3000 JavaThread "jar transforms Thread 132" [_thread_blocked, id=7752, stack(0x000000718ab00000,0x000000718ac00000)]
  0x0000024684ee1000 JavaThread "jar transforms Thread 133" [_thread_blocked, id=9844, stack(0x000000718ac00000,0x000000718ad00000)]
  0x0000024684ee5000 JavaThread "jar transforms Thread 134" [_thread_blocked, id=8548, stack(0x000000718ad00000,0x000000718ae00000)]
  0x0000024684ee7000 JavaThread "jar transforms Thread 135" [_thread_blocked, id=10052, stack(0x000000718ae00000,0x000000718af00000)]
  0x0000024684ee7800 JavaThread "jar transforms Thread 136" [_thread_blocked, id=672, stack(0x000000718af00000,0x000000718b000000)]
  0x0000024684ee2000 JavaThread "jar transforms Thread 137" [_thread_blocked, id=2032, stack(0x000000718b000000,0x000000718b100000)]
  0x0000024684ee8800 JavaThread "jar transforms Thread 138" [_thread_blocked, id=7252, stack(0x000000718b100000,0x000000718b200000)]
  0x0000024684eef000 JavaThread "jar transforms Thread 139" [_thread_blocked, id=6976, stack(0x000000718b200000,0x000000718b300000)]
  0x0000024684eee000 JavaThread "jar transforms Thread 140" [_thread_blocked, id=6360, stack(0x000000718b300000,0x000000718b400000)]

Other Threads:
  0x00000246ff9b0000 VMThread "VM Thread" [stack: 0x0000007183200000,0x0000007183300000] [id=5500]
  0x00000246ffcbe800 WatcherThread [stack: 0x0000007183c00000,0x0000007183d00000] [id=1560]
  0x00000246e3ea1000 GCTaskThread "GC Thread#0" [stack: 0x0000007182d00000,0x0000007182e00000] [id=4664]
  0x0000024680d00000 GCTaskThread "GC Thread#1" [stack: 0x0000007183d00000,0x0000007183e00000] [id=3848]
  0x0000024681820000 GCTaskThread "GC Thread#2" [stack: 0x0000007184700000,0x0000007184800000] [id=68]
  0x0000024681820800 GCTaskThread "GC Thread#3" [stack: 0x0000007184800000,0x0000007184900000] [id=4628]
  0x00000246e3ed5000 ConcurrentGCThread "G1 Main Marker" [stack: 0x0000007182e00000,0x0000007182f00000] [id=10264]
  0x00000246e3ed7800 ConcurrentGCThread "G1 Conc#0" [stack: 0x0000007182f00000,0x0000007183000000] [id=10152]
  0x00000246e3f30800 ConcurrentGCThread "G1 Refine#0" [stack: 0x0000007183000000,0x0000007183100000] [id=7484]
  0x00000246e3f31800 ConcurrentGCThread "G1 Young RemSet Sampling" [stack: 0x0000007183100000,0x0000007183200000] [id=10836]

Threads with active compile tasks:
C2 CompilerThread0 449793 8914   !   4       java.net.URL::<init> (543 bytes)

VM state:not at safepoint (normal execution)

VM Mutex/Monitor currently owned by a thread:  ([mutex/lock_event])
[0x00000246e3e85690] SystemDictionary_lock - owner thread: 0x0000000000000000

Heap address: 0x0000000080000000, size: 2048 MB, Compressed Oops mode: 32-bit
Narrow klass base: 0x0000000000000000, Narrow klass shift: 3
Compressed class space size: 1073741824 Address: 0x0000000100000000

Heap:
 garbage-first heap   total 186368K, used 88762K [0x0000000080000000, 0x0000000100000000)
  region size 1024K, 12 young (12288K), 3 survivors (3072K)
 Metaspace       used 77232K, capacity 79414K, committed 79664K, reserved 1122304K
  class space    used 9616K, capacity 10304K, committed 10368K, reserved 1048576K
Heap Regions: E=young(eden), S=young(survivor), O=old, HS=humongous(starts), HC=humongous(continues), CS=collection set, F=free, A=archive, TAMS=top-at-mark-start (previous, next)
|   0|0x0000000080000000, 0x0000000080100000, 0x0000000080100000|100%| O|  |TAMS 0x0000000080100000, 0x0000000080000000| Untracked 
|   1|0x0000000080100000, 0x0000000080200000, 0x0000000080200000|100%| O|  |TAMS 0x0000000080200000, 0x0000000080100000| Untracked 
|   2|0x0000000080200000, 0x0000000080300000, 0x0000000080300000|100%| O|  |TAMS 0x0000000080300000, 0x0000000080200000| Untracked 
|   3|0x0000000080300000, 0x0000000080400000, 0x0000000080400000|100%|HS|  |TAMS 0x0000000080400000, 0x0000000080300000| Complete 
|   4|0x0000000080400000, 0x0000000080500000, 0x0000000080500000|100%|HC|  |TAMS 0x0000000080500000, 0x0000000080400000| Complete 
|   5|0x0000000080500000, 0x0000000080600000, 0x0000000080600000|100%|HC|  |TAMS 0x0000000080600000, 0x0000000080500000| Complete 
|   6|0x0000000080600000, 0x0000000080700000, 0x0000000080700000|100%| O|  |TAMS 0x0000000080700000, 0x0000000080600000| Untracked 
|   7|0x0000000080700000, 0x0000000080800000, 0x0000000080800000|100%| O|  |TAMS 0x0000000080800000, 0x0000000080700000| Untracked 
|   8|0x0000000080800000, 0x0000000080900000, 0x0000000080900000|100%| O|  |TAMS 0x0000000080900000, 0x0000000080800000| Untracked 
|   9|0x0000000080900000, 0x0000000080a00000, 0x0000000080a00000|100%| O|  |TAMS 0x0000000080a00000, 0x0000000080900000| Untracked 
|  10|0x0000000080a00000, 0x0000000080b00000, 0x0000000080b00000|100%| O|  |TAMS 0x0000000080b00000, 0x0000000080a00000| Untracked 
|  11|0x0000000080b00000, 0x0000000080c00000, 0x0000000080c00000|100%| O|  |TAMS 0x0000000080c00000, 0x0000000080b00000| Untracked 
|  12|0x0000000080c00000, 0x0000000080d00000, 0x0000000080d00000|100%|HS|  |TAMS 0x0000000080d00000, 0x0000000080c00000| Complete 
|  13|0x0000000080d00000, 0x0000000080e00000, 0x0000000080e00000|100%| O|  |TAMS 0x0000000080e00000, 0x0000000080d00000| Untracked 
|  14|0x0000000080e00000, 0x0000000080f00000, 0x0000000080f00000|100%| O|  |TAMS 0x0000000080f00000, 0x0000000080e00000| Untracked 
|  15|0x0000000080f00000, 0x0000000081000000, 0x0000000081000000|100%| O|  |TAMS 0x0000000081000000, 0x0000000080f00000| Untracked 
|  16|0x0000000081000000, 0x0000000081100000, 0x0000000081100000|100%|HS|  |TAMS 0x0000000081100000, 0x0000000081000000| Complete 
|  17|0x0000000081100000, 0x0000000081200000, 0x0000000081200000|100%|HC|  |TAMS 0x0000000081200000, 0x0000000081100000| Complete 
|  18|0x0000000081200000, 0x0000000081300000, 0x0000000081300000|100%|HS|  |TAMS 0x0000000081300000, 0x0000000081200000| Complete 
|  19|0x0000000081300000, 0x0000000081400000, 0x0000000081400000|100%|HC|  |TAMS 0x0000000081400000, 0x0000000081300000| Complete 
|  20|0x0000000081400000, 0x0000000081500000, 0x0000000081500000|100%|HC|  |TAMS 0x0000000081500000, 0x0000000081400000| Complete 
|  21|0x0000000081500000, 0x0000000081600000, 0x0000000081600000|100%|HS|  |TAMS 0x0000000081600000, 0x0000000081500000| Complete 
|  22|0x0000000081600000, 0x0000000081700000, 0x0000000081700000|100%|HC|  |TAMS 0x0000000081700000, 0x0000000081600000| Complete 
|  23|0x0000000081700000, 0x0000000081800000, 0x0000000081800000|100%|HC|  |TAMS 0x0000000081800000, 0x0000000081700000| Complete 
|  24|0x0000000081800000, 0x0000000081900000, 0x0000000081900000|100%|HC|  |TAMS 0x0000000081900000, 0x0000000081800000| Complete 
|  25|0x0000000081900000, 0x0000000081a00000, 0x0000000081a00000|100%| O|  |TAMS 0x0000000081a00000, 0x0000000081900000| Untracked 
|  26|0x0000000081a00000, 0x0000000081b00000, 0x0000000081b00000|100%| O|  |TAMS 0x0000000081b00000, 0x0000000081a00000| Untracked 
|  27|0x0000000081b00000, 0x0000000081c00000, 0x0000000081c00000|100%| O|  |TAMS 0x0000000081c00000, 0x0000000081b00000| Untracked 
|  28|0x0000000081c00000, 0x0000000081d00000, 0x0000000081d00000|100%| O|  |TAMS 0x0000000081d00000, 0x0000000081c00000| Untracked 
|  29|0x0000000081d00000, 0x0000000081e00000, 0x0000000081e00000|100%| O|  |TAMS 0x0000000081e00000, 0x0000000081d00000| Untracked 
|  30|0x0000000081e00000, 0x0000000081f00000, 0x0000000081f00000|100%| O|  |TAMS 0x0000000081f00000, 0x0000000081e00000| Untracked 
|  31|0x0000000081f00000, 0x0000000082000000, 0x0000000082000000|100%| O|  |TAMS 0x0000000082000000, 0x0000000081f00000| Untracked 
|  32|0x0000000082000000, 0x0000000082100000, 0x0000000082100000|100%| O|  |TAMS 0x0000000082100000, 0x0000000082000000| Untracked 
|  33|0x0000000082100000, 0x0000000082200000, 0x0000000082200000|100%| O|  |TAMS 0x0000000082200000, 0x0000000082100000| Untracked 
|  34|0x0000000082200000, 0x0000000082300000, 0x0000000082300000|100%| O|  |TAMS 0x0000000082300000, 0x0000000082200000| Untracked 
|  35|0x0000000082300000, 0x0000000082400000, 0x0000000082400000|100%| O|  |TAMS 0x0000000082400000, 0x0000000082300000| Untracked 
|  36|0x0000000082400000, 0x0000000082500000, 0x0000000082500000|100%| O|  |TAMS 0x0000000082500000, 0x0000000082400000| Untracked 
|  37|0x0000000082500000, 0x0000000082600000, 0x0000000082600000|100%| O|  |TAMS 0x0000000082600000, 0x0000000082500000| Untracked 
|  38|0x0000000082600000, 0x0000000082700000, 0x0000000082700000|100%| O|  |TAMS 0x0000000082700000, 0x0000000082600000| Untracked 
|  39|0x0000000082700000, 0x0000000082800000, 0x0000000082800000|100%| O|  |TAMS 0x0000000082800000, 0x0000000082700000| Untracked 
|  40|0x0000000082800000, 0x0000000082900000, 0x0000000082900000|100%| O|  |TAMS 0x0000000082900000, 0x0000000082800000| Untracked 
|  41|0x0000000082900000, 0x0000000082a00000, 0x0000000082a00000|100%| O|  |TAMS 0x0000000082a00000, 0x0000000082900000| Untracked 
|  42|0x0000000082a00000, 0x0000000082b00000, 0x0000000082b00000|100%| O|  |TAMS 0x0000000082b00000, 0x0000000082a00000| Untracked 
|  43|0x0000000082b00000, 0x0000000082c00000, 0x0000000082c00000|100%| O|  |TAMS 0x0000000082c00000, 0x0000000082b00000| Untracked 
|  44|0x0000000082c00000, 0x0000000082d00000, 0x0000000082d00000|100%| O|  |TAMS 0x0000000082d00000, 0x0000000082c00000| Untracked 
|  45|0x0000000082d00000, 0x0000000082dffff8, 0x0000000082e00000| 99%| O|  |TAMS 0x0000000082dffff8, 0x0000000082d00000| Untracked 
|  46|0x0000000082e00000, 0x0000000082f00000, 0x0000000082f00000|100%| O|  |TAMS 0x0000000082f00000, 0x0000000082e00000| Untracked 
|  47|0x0000000082f00000, 0x0000000083000000, 0x0000000083000000|100%| O|  |TAMS 0x0000000083000000, 0x0000000082f00000| Untracked 
|  48|0x0000000083000000, 0x0000000083100000, 0x0000000083100000|100%| O|  |TAMS 0x0000000083100000, 0x0000000083000000| Untracked 
|  49|0x0000000083100000, 0x0000000083200000, 0x0000000083200000|100%| O|  |TAMS 0x0000000083200000, 0x0000000083100000| Untracked 
|  50|0x0000000083200000, 0x0000000083300000, 0x0000000083300000|100%| O|  |TAMS 0x0000000083300000, 0x0000000083200000| Untracked 
|  51|0x0000000083300000, 0x0000000083400000, 0x0000000083400000|100%| O|  |TAMS 0x0000000083400000, 0x0000000083300000| Untracked 
|  52|0x0000000083400000, 0x0000000083500000, 0x0000000083500000|100%| O|  |TAMS 0x0000000083500000, 0x0000000083400000| Untracked 
|  53|0x0000000083500000, 0x0000000083600000, 0x0000000083600000|100%| O|  |TAMS 0x0000000083600000, 0x0000000083500000| Untracked 
|  54|0x0000000083600000, 0x0000000083700000, 0x0000000083700000|100%|HS|  |TAMS 0x0000000083600000, 0x0000000083600000| Complete 
|  55|0x0000000083700000, 0x0000000083800000, 0x0000000083800000|100%| O|  |TAMS 0x0000000083800000, 0x0000000083700000| Untracked 
|  56|0x0000000083800000, 0x0000000083900000, 0x0000000083900000|100%| O|  |TAMS 0x0000000083900000, 0x0000000083800000| Untracked 
|  57|0x0000000083900000, 0x0000000083a00000, 0x0000000083a00000|100%| O|  |TAMS 0x0000000083966400, 0x0000000083900000| Untracked 
|  58|0x0000000083a00000, 0x0000000083b00000, 0x0000000083b00000|100%| O|  |TAMS 0x0000000083a00000, 0x0000000083a00000| Untracked 
|  59|0x0000000083b00000, 0x0000000083c00000, 0x0000000083c00000|100%| O|  |TAMS 0x0000000083b00000, 0x0000000083b00000| Untracked 
|  60|0x0000000083c00000, 0x0000000083d00000, 0x0000000083d00000|100%| O|  |TAMS 0x0000000083c00000, 0x0000000083c00000| Untracked 
|  61|0x0000000083d00000, 0x0000000083e00000, 0x0000000083e00000|100%|HS|  |TAMS 0x0000000083d00000, 0x0000000083d00000| Complete 
|  62|0x0000000083e00000, 0x0000000083f00000, 0x0000000083f00000|100%|HC|  |TAMS 0x0000000083e00000, 0x0000000083e00000| Complete 
|  63|0x0000000083f00000, 0x0000000084000000, 0x0000000084000000|100%| O|  |TAMS 0x0000000083f00000, 0x0000000083f00000| Untracked 
|  64|0x0000000084000000, 0x0000000084100000, 0x0000000084100000|100%| O|  |TAMS 0x0000000084100000, 0x0000000084000000| Untracked 
|  65|0x0000000084100000, 0x0000000084200000, 0x0000000084200000|100%| O|  |TAMS 0x0000000084100000, 0x0000000084100000| Untracked 
|  66|0x0000000084200000, 0x0000000084300000, 0x0000000084300000|100%| O|  |TAMS 0x0000000084200000, 0x0000000084200000| Untracked 
|  67|0x0000000084300000, 0x0000000084400000, 0x0000000084400000|100%| O|  |TAMS 0x0000000084300000, 0x0000000084300000| Untracked 
|  68|0x0000000084400000, 0x0000000084500000, 0x0000000084500000|100%| O|  |TAMS 0x0000000084400000, 0x0000000084400000| Untracked 
|  69|0x0000000084500000, 0x0000000084600000, 0x0000000084600000|100%| O|  |TAMS 0x0000000084500000, 0x0000000084500000| Untracked 
|  70|0x0000000084600000, 0x0000000084700000, 0x0000000084700000|100%| O|  |TAMS 0x0000000084600000, 0x0000000084600000| Untracked 
|  71|0x0000000084700000, 0x0000000084800000, 0x0000000084800000|100%| O|  |TAMS 0x0000000084700000, 0x0000000084700000| Untracked 
|  72|0x0000000084800000, 0x0000000084900000, 0x0000000084900000|100%| O|  |TAMS 0x0000000084800000, 0x0000000084800000| Untracked 
|  73|0x0000000084900000, 0x0000000084a00000, 0x0000000084a00000|100%| O|  |TAMS 0x0000000084900000, 0x0000000084900000| Untracked 
|  74|0x0000000084a00000, 0x0000000084b00000, 0x0000000084b00000|100%| O|  |TAMS 0x0000000084a00000, 0x0000000084a00000| Untracked 
|  75|0x0000000084b00000, 0x0000000084bfb000, 0x0000000084c00000| 98%| O|  |TAMS 0x0000000084b00000, 0x0000000084b00000| Untracked 
|  76|0x0000000084c00000, 0x0000000084c00000, 0x0000000084d00000|  0%| F|  |TAMS 0x0000000084c00000, 0x0000000084c00000| Untracked 
|  77|0x0000000084d00000, 0x0000000084d00000, 0x0000000084e00000|  0%| F|  |TAMS 0x0000000084d00000, 0x0000000084d00000| Untracked 
|  78|0x0000000084e00000, 0x0000000084e00000, 0x0000000084f00000|  0%| F|  |TAMS 0x0000000084e00000, 0x0000000084e00000| Untracked 
|  79|0x0000000084f00000, 0x0000000084f00000, 0x0000000085000000|  0%| F|  |TAMS 0x0000000084f00000, 0x0000000084f00000| Untracked 
|  80|0x0000000085000000, 0x0000000085000000, 0x0000000085100000|  0%| F|  |TAMS 0x0000000085000000, 0x0000000085000000| Untracked 
|  81|0x0000000085100000, 0x0000000085100000, 0x0000000085200000|  0%| F|  |TAMS 0x0000000085100000, 0x0000000085100000| Untracked 
|  82|0x0000000085200000, 0x0000000085200000, 0x0000000085300000|  0%| F|  |TAMS 0x0000000085200000, 0x0000000085200000| Untracked 
|  83|0x0000000085300000, 0x0000000085300000, 0x0000000085400000|  0%| F|  |TAMS 0x0000000085300000, 0x0000000085300000| Untracked 
|  84|0x0000000085400000, 0x0000000085400000, 0x0000000085500000|  0%| F|  |TAMS 0x0000000085400000, 0x0000000085400000| Untracked 
|  85|0x0000000085500000, 0x0000000085500000, 0x0000000085600000|  0%| F|  |TAMS 0x0000000085500000, 0x0000000085500000| Untracked 
|  86|0x0000000085600000, 0x0000000085600000, 0x0000000085700000|  0%| F|  |TAMS 0x0000000085600000, 0x0000000085600000| Untracked 
|  87|0x0000000085700000, 0x0000000085700000, 0x0000000085800000|  0%| F|  |TAMS 0x0000000085700000, 0x0000000085700000| Untracked 
|  88|0x0000000085800000, 0x0000000085800000, 0x0000000085900000|  0%| F|  |TAMS 0x0000000085800000, 0x0000000085800000| Untracked 
|  89|0x0000000085900000, 0x0000000085900000, 0x0000000085a00000|  0%| F|  |TAMS 0x0000000085900000, 0x0000000085900000| Untracked 
|  90|0x0000000085a00000, 0x0000000085a00000, 0x0000000085b00000|  0%| F|  |TAMS 0x0000000085a00000, 0x0000000085a00000| Untracked 
|  91|0x0000000085b00000, 0x0000000085b00000, 0x0000000085c00000|  0%| F|  |TAMS 0x0000000085b00000, 0x0000000085b00000| Untracked 
|  92|0x0000000085c00000, 0x0000000085c00000, 0x0000000085d00000|  0%| F|  |TAMS 0x0000000085c00000, 0x0000000085c00000| Untracked 
|  93|0x0000000085d00000, 0x0000000085d00000, 0x0000000085e00000|  0%| F|  |TAMS 0x0000000085d00000, 0x0000000085d00000| Untracked 
|  94|0x0000000085e00000, 0x0000000085e00000, 0x0000000085f00000|  0%| F|  |TAMS 0x0000000085e00000, 0x0000000085e00000| Untracked 
|  95|0x0000000085f00000, 0x0000000085f00000, 0x0000000086000000|  0%| F|  |TAMS 0x0000000085f00000, 0x0000000085f00000| Untracked 
|  96|0x0000000086000000, 0x00000000860b3b28, 0x0000000086100000| 70%| S|CS|TAMS 0x0000000086000000, 0x0000000086000000| Complete 
|  97|0x0000000086100000, 0x0000000086200000, 0x0000000086200000|100%| S|CS|TAMS 0x0000000086100000, 0x0000000086100000| Complete 
|  98|0x0000000086200000, 0x0000000086200000, 0x0000000086300000|  0%| F|  |TAMS 0x0000000086200000, 0x0000000086200000| Untracked 
|  99|0x0000000086300000, 0x0000000086300000, 0x0000000086400000|  0%| F|  |TAMS 0x0000000086300000, 0x0000000086300000| Untracked 
| 100|0x0000000086400000, 0x0000000086400000, 0x0000000086500000|  0%| F|  |TAMS 0x0000000086400000, 0x0000000086400000| Untracked 
| 101|0x0000000086500000, 0x0000000086600000, 0x0000000086600000|100%| S|CS|TAMS 0x0000000086500000, 0x0000000086500000| Complete 
| 102|0x0000000086600000, 0x0000000086600000, 0x0000000086700000|  0%| F|  |TAMS 0x0000000086600000, 0x0000000086600000| Untracked 
| 103|0x0000000086700000, 0x0000000086700000, 0x0000000086800000|  0%| F|  |TAMS 0x0000000086700000, 0x0000000086700000| Untracked 
| 104|0x0000000086800000, 0x0000000086800000, 0x0000000086900000|  0%| F|  |TAMS 0x0000000086800000, 0x0000000086800000| Untracked 
| 105|0x0000000086900000, 0x0000000086900000, 0x0000000086a00000|  0%| F|  |TAMS 0x0000000086900000, 0x0000000086900000| Untracked 
| 106|0x0000000086a00000, 0x0000000086a00000, 0x0000000086b00000|  0%| F|  |TAMS 0x0000000086a00000, 0x0000000086a00000| Untracked 
| 107|0x0000000086b00000, 0x0000000086b00000, 0x0000000086c00000|  0%| F|  |TAMS 0x0000000086b00000, 0x0000000086b00000| Untracked 
| 108|0x0000000086c00000, 0x0000000086c00000, 0x0000000086d00000|  0%| F|  |TAMS 0x0000000086c00000, 0x0000000086c00000| Untracked 
| 109|0x0000000086d00000, 0x0000000086d00000, 0x0000000086e00000|  0%| F|  |TAMS 0x0000000086d00000, 0x0000000086d00000| Untracked 
| 110|0x0000000086e00000, 0x0000000086e00000, 0x0000000086f00000|  0%| F|  |TAMS 0x0000000086e00000, 0x0000000086e00000| Untracked 
| 111|0x0000000086f00000, 0x0000000086f00000, 0x0000000087000000|  0%| F|  |TAMS 0x0000000086f00000, 0x0000000086f00000| Untracked 
| 112|0x0000000087000000, 0x0000000087000000, 0x0000000087100000|  0%| F|  |TAMS 0x0000000087000000, 0x0000000087000000| Untracked 
| 113|0x0000000087100000, 0x0000000087100000, 0x0000000087200000|  0%| F|  |TAMS 0x0000000087100000, 0x0000000087100000| Untracked 
| 114|0x0000000087200000, 0x0000000087200000, 0x0000000087300000|  0%| F|  |TAMS 0x0000000087200000, 0x0000000087200000| Untracked 
| 115|0x0000000087300000, 0x0000000087300000, 0x0000000087400000|  0%| F|  |TAMS 0x0000000087300000, 0x0000000087300000| Untracked 
| 116|0x0000000087400000, 0x0000000087400000, 0x0000000087500000|  0%| F|  |TAMS 0x0000000087400000, 0x0000000087400000| Untracked 
| 117|0x0000000087500000, 0x0000000087500000, 0x0000000087600000|  0%| F|  |TAMS 0x0000000087500000, 0x0000000087500000| Untracked 
| 118|0x0000000087600000, 0x0000000087600000, 0x0000000087700000|  0%| F|  |TAMS 0x0000000087600000, 0x0000000087600000| Untracked 
| 119|0x0000000087700000, 0x0000000087700000, 0x0000000087800000|  0%| F|  |TAMS 0x0000000087700000, 0x0000000087700000| Untracked 
| 120|0x0000000087800000, 0x0000000087800000, 0x0000000087900000|  0%| F|  |TAMS 0x0000000087800000, 0x0000000087800000| Untracked 
| 121|0x0000000087900000, 0x0000000087900000, 0x0000000087a00000|  0%| F|  |TAMS 0x0000000087900000, 0x0000000087900000| Untracked 
| 122|0x0000000087a00000, 0x0000000087a00000, 0x0000000087b00000|  0%| F|  |TAMS 0x0000000087a00000, 0x0000000087a00000| Untracked 
| 123|0x0000000087b00000, 0x0000000087b00000, 0x0000000087c00000|  0%| F|  |TAMS 0x0000000087b00000, 0x0000000087b00000| Untracked 
| 124|0x0000000087c00000, 0x0000000087c00000, 0x0000000087d00000|  0%| F|  |TAMS 0x0000000087c00000, 0x0000000087c00000| Untracked 
| 125|0x0000000087d00000, 0x0000000087d00000, 0x0000000087e00000|  0%| F|  |TAMS 0x0000000087d00000, 0x0000000087d00000| Untracked 
| 126|0x0000000087e00000, 0x0000000087e00000, 0x0000000087f00000|  0%| F|  |TAMS 0x0000000087e00000, 0x0000000087e00000| Untracked 
| 127|0x0000000087f00000, 0x0000000087f00000, 0x0000000088000000|  0%| F|  |TAMS 0x0000000087f00000, 0x0000000087f00000| Untracked 
| 128|0x0000000088000000, 0x0000000088000000, 0x0000000088100000|  0%| F|  |TAMS 0x0000000088000000, 0x0000000088000000| Untracked 
| 129|0x0000000088100000, 0x0000000088100000, 0x0000000088200000|  0%| F|  |TAMS 0x0000000088100000, 0x0000000088100000| Untracked 
| 130|0x0000000088200000, 0x0000000088200000, 0x0000000088300000|  0%| F|  |TAMS 0x0000000088200000, 0x0000000088200000| Untracked 
| 131|0x0000000088300000, 0x0000000088300000, 0x0000000088400000|  0%| F|  |TAMS 0x0000000088300000, 0x0000000088300000| Untracked 
| 132|0x0000000088400000, 0x0000000088400000, 0x0000000088500000|  0%| F|  |TAMS 0x0000000088400000, 0x0000000088400000| Untracked 
| 133|0x0000000088500000, 0x0000000088500000, 0x0000000088600000|  0%| F|  |TAMS 0x0000000088500000, 0x0000000088500000| Untracked 
| 134|0x0000000088600000, 0x0000000088600000, 0x0000000088700000|  0%| F|  |TAMS 0x0000000088600000, 0x0000000088600000| Untracked 
| 135|0x0000000088700000, 0x0000000088700000, 0x0000000088800000|  0%| F|  |TAMS 0x0000000088700000, 0x0000000088700000| Untracked 
| 136|0x0000000088800000, 0x0000000088800000, 0x0000000088900000|  0%| F|  |TAMS 0x0000000088800000, 0x0000000088800000| Untracked 
| 137|0x0000000088900000, 0x0000000088900000, 0x0000000088a00000|  0%| F|  |TAMS 0x0000000088900000, 0x0000000088900000| Untracked 
| 138|0x0000000088a00000, 0x0000000088a00000, 0x0000000088b00000|  0%| F|  |TAMS 0x0000000088a00000, 0x0000000088a00000| Untracked 
| 139|0x0000000088b00000, 0x0000000088b00000, 0x0000000088c00000|  0%| F|  |TAMS 0x0000000088b00000, 0x0000000088b00000| Untracked 
| 140|0x0000000088c00000, 0x0000000088c00000, 0x0000000088d00000|  0%| F|  |TAMS 0x0000000088c00000, 0x0000000088c00000| Untracked 
| 141|0x0000000088d00000, 0x0000000088d00000, 0x0000000088e00000|  0%| F|  |TAMS 0x0000000088d00000, 0x0000000088d00000| Untracked 
| 142|0x0000000088e00000, 0x0000000088e00000, 0x0000000088f00000|  0%| F|  |TAMS 0x0000000088e00000, 0x0000000088e00000| Untracked 
| 143|0x0000000088f00000, 0x0000000088f00000, 0x0000000089000000|  0%| F|  |TAMS 0x0000000088f00000, 0x0000000088f00000| Untracked 
| 144|0x0000000089000000, 0x0000000089000000, 0x0000000089100000|  0%| F|  |TAMS 0x0000000089000000, 0x0000000089000000| Untracked 
| 145|0x0000000089100000, 0x0000000089100000, 0x0000000089200000|  0%| F|  |TAMS 0x0000000089100000, 0x0000000089100000| Untracked 
| 146|0x0000000089200000, 0x0000000089200000, 0x0000000089300000|  0%| F|  |TAMS 0x0000000089200000, 0x0000000089200000| Untracked 
| 147|0x0000000089300000, 0x0000000089300000, 0x0000000089400000|  0%| F|  |TAMS 0x0000000089300000, 0x0000000089300000| Untracked 
| 148|0x0000000089400000, 0x0000000089400000, 0x0000000089500000|  0%| F|  |TAMS 0x0000000089400000, 0x0000000089400000| Untracked 
| 149|0x0000000089500000, 0x0000000089500000, 0x0000000089600000|  0%| F|  |TAMS 0x0000000089500000, 0x0000000089500000| Untracked 
| 150|0x0000000089600000, 0x0000000089600000, 0x0000000089700000|  0%| F|  |TAMS 0x0000000089600000, 0x0000000089600000| Untracked 
| 151|0x0000000089700000, 0x0000000089700000, 0x0000000089800000|  0%| F|  |TAMS 0x0000000089700000, 0x0000000089700000| Untracked 
| 152|0x0000000089800000, 0x0000000089800000, 0x0000000089900000|  0%| F|  |TAMS 0x0000000089800000, 0x0000000089800000| Untracked 
| 153|0x0000000089900000, 0x0000000089900000, 0x0000000089a00000|  0%| F|  |TAMS 0x0000000089900000, 0x0000000089900000| Untracked 
| 154|0x0000000089a00000, 0x0000000089a00000, 0x0000000089b00000|  0%| F|  |TAMS 0x0000000089a00000, 0x0000000089a00000| Untracked 
| 155|0x0000000089b00000, 0x0000000089b00000, 0x0000000089c00000|  0%| F|  |TAMS 0x0000000089b00000, 0x0000000089b00000| Untracked 
| 156|0x0000000089c00000, 0x0000000089c00000, 0x0000000089d00000|  0%| F|  |TAMS 0x0000000089c00000, 0x0000000089c00000| Untracked 
| 157|0x0000000089d00000, 0x0000000089d00000, 0x0000000089e00000|  0%| F|  |TAMS 0x0000000089d00000, 0x0000000089d00000| Untracked 
| 158|0x0000000089e00000, 0x0000000089e00000, 0x0000000089f00000|  0%| F|  |TAMS 0x0000000089e00000, 0x0000000089e00000| Untracked 
| 159|0x0000000089f00000, 0x0000000089f00000, 0x000000008a000000|  0%| F|  |TAMS 0x0000000089f00000, 0x0000000089f00000| Untracked 
| 160|0x000000008a000000, 0x000000008a000000, 0x000000008a100000|  0%| F|  |TAMS 0x000000008a000000, 0x000000008a000000| Untracked 
| 161|0x000000008a100000, 0x000000008a100000, 0x000000008a200000|  0%| F|  |TAMS 0x000000008a100000, 0x000000008a100000| Untracked 
| 162|0x000000008a200000, 0x000000008a200000, 0x000000008a300000|  0%| F|  |TAMS 0x000000008a200000, 0x000000008a200000| Untracked 
| 163|0x000000008a300000, 0x000000008a300000, 0x000000008a400000|  0%| F|  |TAMS 0x000000008a300000, 0x000000008a300000| Untracked 
| 164|0x000000008a400000, 0x000000008a400000, 0x000000008a500000|  0%| F|  |TAMS 0x000000008a400000, 0x000000008a400000| Untracked 
| 165|0x000000008a500000, 0x000000008a500000, 0x000000008a600000|  0%| F|  |TAMS 0x000000008a500000, 0x000000008a500000| Untracked 
| 166|0x000000008a600000, 0x000000008a600000, 0x000000008a700000|  0%| F|  |TAMS 0x000000008a600000, 0x000000008a600000| Untracked 
| 167|0x000000008a700000, 0x000000008a700000, 0x000000008a800000|  0%| F|  |TAMS 0x000000008a700000, 0x000000008a700000| Untracked 
| 168|0x000000008a800000, 0x000000008a800000, 0x000000008a900000|  0%| F|  |TAMS 0x000000008a800000, 0x000000008a800000| Untracked 
| 169|0x000000008a900000, 0x000000008a900000, 0x000000008aa00000|  0%| F|  |TAMS 0x000000008a900000, 0x000000008a900000| Untracked 
| 170|0x000000008aa00000, 0x000000008aa00000, 0x000000008ab00000|  0%| F|  |TAMS 0x000000008aa00000, 0x000000008aa00000| Untracked 
| 171|0x000000008ab00000, 0x000000008ab00000, 0x000000008ac00000|  0%| F|  |TAMS 0x000000008ab00000, 0x000000008ab00000| Untracked 
| 172|0x000000008ac00000, 0x000000008ac00000, 0x000000008ad00000|  0%| F|  |TAMS 0x000000008ac00000, 0x000000008ac00000| Untracked 
| 173|0x000000008ad00000, 0x000000008ae00000, 0x000000008ae00000|100%| E|  |TAMS 0x000000008ad00000, 0x000000008ad00000| Complete 
| 174|0x000000008ae00000, 0x000000008af00000, 0x000000008af00000|100%| E|CS|TAMS 0x000000008ae00000, 0x000000008ae00000| Complete 
| 175|0x000000008af00000, 0x000000008b000000, 0x000000008b000000|100%| E|CS|TAMS 0x000000008af00000, 0x000000008af00000| Complete 
| 176|0x000000008b000000, 0x000000008b100000, 0x000000008b100000|100%| E|CS|TAMS 0x000000008b000000, 0x000000008b000000| Complete 
| 177|0x000000008b100000, 0x000000008b200000, 0x000000008b200000|100%| E|CS|TAMS 0x000000008b100000, 0x000000008b100000| Complete 
| 178|0x000000008b200000, 0x000000008b300000, 0x000000008b300000|100%| E|CS|TAMS 0x000000008b200000, 0x000000008b200000| Complete 
| 179|0x000000008b300000, 0x000000008b400000, 0x000000008b400000|100%| E|CS|TAMS 0x000000008b300000, 0x000000008b300000| Complete 
| 180|0x000000008b400000, 0x000000008b500000, 0x000000008b500000|100%| E|CS|TAMS 0x000000008b400000, 0x000000008b400000| Complete 
| 181|0x000000008b500000, 0x000000008b600000, 0x000000008b600000|100%| E|CS|TAMS 0x000000008b500000, 0x000000008b500000| Complete 

Card table byte_map: [0x00000246f8ba0000,0x00000246f8fa0000] _byte_map_base: 0x00000246f87a0000

Marking Bits (Prev, Next): (CMBitMap*) 0x00000246e3ecc3d8, (CMBitMap*) 0x00000246e3ecc410
 Prev Bits: [0x00000246f93a0000, 0x00000246fb3a0000)
 Next Bits: [0x00000246fb3a0000, 0x00000246fd3a0000)

Polling page: 0x00000246e3f70000

Metaspace:

Usage:
  Non-class:     67.49 MB capacity,    66.06 MB ( 98%) used,     1.26 MB (  2%) free+waste,   175.38 KB ( <1%) overhead. 
      Class:     10.06 MB capacity,     9.40 MB ( 93%) used,   602.20 KB (  6%) free+waste,    82.19 KB ( <1%) overhead. 
       Both:     77.56 MB capacity,    75.46 MB ( 97%) used,     1.85 MB (  2%) free+waste,   257.56 KB ( <1%) overhead. 

Virtual space:
  Non-class space:       72.00 MB reserved,      67.67 MB ( 94%) committed 
      Class space:        1.00 GB reserved,      10.13 MB ( <1%) committed 
             Both:        1.07 GB reserved,      77.80 MB (  7%) committed 

Chunk freelists:
   Non-Class:  56.00 KB
       Class:  0 bytes
        Both:  56.00 KB

MaxMetaspaceSize: 17179869184.00 GB
CompressedClassSpaceSize: 1.00 GB
Initial GC threshold: 20.80 MB
Current GC threshold: 99.87 MB
CDS: off

CodeHeap 'non-profiled nmethods': size=120064Kb used=5813Kb max_used=5813Kb free=114250Kb
 bounds [0x00000246f0c30000, 0x00000246f11e0000, 0x00000246f8170000]
CodeHeap 'profiled nmethods': size=120000Kb used=20847Kb max_used=20847Kb free=99152Kb
 bounds [0x00000246e9700000, 0x00000246eab60000, 0x00000246f0c30000]
CodeHeap 'non-nmethods': size=5696Kb used=2364Kb max_used=2399Kb free=3331Kb
 bounds [0x00000246e9170000, 0x00000246e93e0000, 0x00000246e9700000]
 total_blobs=9792 nmethods=8914 adapters=790
 compilation: enabled
              stopped_count=0, restarted_count=0
 full_count=0

Compilation events (20 events):
Event: 449.738 Thread 0x00000246ffa17800 8913       4       org.gradle.internal.instantiation.generator.AbstractClassGenerator::assertNotAbstract (61 bytes)
Event: 449.739 Thread 0x00000246ffa17800 nmethod 8913 0x00000246f11db710 code [0x00000246f11db8a0, 0x00000246f11db978]
Event: 449.739 Thread 0x00000246ffa17800 8914   !   4       java.net.URL::<init> (543 bytes)
Event: 449.742 Thread 0x00000246ffa3e000 8916       3       org.gradle.api.internal.project.DefaultProject::projectPath (9 bytes)
Event: 449.742 Thread 0x00000246ffa3e000 nmethod 8916 0x00000246eab49910 code [0x00000246eab49ae0, 0x00000246eab49d68]
Event: 449.742 Thread 0x00000246ffa3e000 8917       3       org.gradle.api.internal.project.DefaultProject::identityPath (9 bytes)
Event: 449.743 Thread 0x00000246ffa3e000 nmethod 8917 0x00000246eab49e90 code [0x00000246eab4a060, 0x00000246eab4a2e8]
Event: 449.743 Thread 0x00000246ffa3e000 8918       3       com.android.utils.StringHelper::appendCapitalized (285 bytes)
Event: 449.746 Thread 0x00000246ffa3e000 nmethod 8918 0x00000246eab4a410 code [0x00000246eab4a8e0, 0x00000246eab4c808]
Event: 449.746 Thread 0x00000246ffa3e000 8919       3       org.gradle.api.internal.file.DefaultFilePropertyFactory$AbstractFileVar::<init> (7 bytes)
Event: 449.747 Thread 0x00000246ffa3e000 nmethod 8919 0x00000246eab4d410 code [0x00000246eab4d680, 0x00000246eab4e2a8]
Event: 449.747 Thread 0x00000246ffa3e000 8920       3       org.gradle.internal.ImmutableActionSet$SetWithFewActions::unpackInto (10 bytes)
Event: 449.747 Thread 0x00000246ffa3e000 nmethod 8920 0x00000246eab4e690 code [0x00000246eab4e840, 0x00000246eab4ea08]
Event: 449.748 Thread 0x00000246ffa3e000 8921       1       com.android.build.api.artifact.Artifact::getKind (5 bytes)
Event: 449.748 Thread 0x00000246ffa3e000 nmethod 8921 0x00000246f11dba90 code [0x00000246f11dbc40, 0x00000246f11dbcf8]
Event: 449.748 Thread 0x00000246ffa3e000 8922       1       com.android.build.api.component.impl.ComponentIdentityImpl::getName (5 bytes)
Event: 449.748 Thread 0x00000246ffa3e000 nmethod 8922 0x00000246f11dbd90 code [0x00000246f11dbf40, 0x00000246f11dbff8]
Event: 449.748 Thread 0x00000246ffa3e000 8923       3       org.gradle.internal.ImmutableActionSet::fromActions (63 bytes)
Event: 449.749 Thread 0x00000246ffa3e000 nmethod 8923 0x00000246eab4eb10 code [0x00000246eab4edc0, 0x00000246eab4fd68]
Event: 449.749 Thread 0x00000246ffa3e000 8924       1       com.android.build.api.component.impl.ComponentPropertiesImpl::getArtifacts (5 bytes)

GC Heap History (20 events):
Event: 446.128 GC heap before
{Heap before GC invocations=63 (full 0):
 garbage-first heap   total 95232K, used 74062K [0x0000000080000000, 0x0000000100000000)
  region size 1024K, 18 young (18432K), 1 survivors (1024K)
 Metaspace       used 59360K, capacity 60957K, committed 61360K, reserved 1103872K
  class space    used 7291K, capacity 7805K, committed 7936K, reserved 1048576K
}
Event: 446.131 GC heap after
{Heap after GC invocations=64 (full 0):
 garbage-first heap   total 95232K, used 62872K [0x0000000080000000, 0x0000000100000000)
  region size 1024K, 3 young (3072K), 3 survivors (3072K)
 Metaspace       used 59360K, capacity 60957K, committed 61360K, reserved 1103872K
  class space    used 7291K, capacity 7805K, committed 7936K, reserved 1048576K
}
Event: 446.210 GC heap before
{Heap before GC invocations=64 (full 0):
 garbage-first heap   total 95232K, used 74136K [0x0000000080000000, 0x0000000100000000)
  region size 1024K, 15 young (15360K), 3 survivors (3072K)
 Metaspace       used 59362K, capacity 60957K, committed 61360K, reserved 1103872K
  class space    used 7291K, capacity 7805K, committed 7936K, reserved 1048576K
}
Event: 446.212 GC heap after
{Heap after GC invocations=65 (full 0):
 garbage-first heap   total 114688K, used 60462K [0x0000000080000000, 0x0000000100000000)
  region size 1024K, 1 young (1024K), 1 survivors (1024K)
 Metaspace       used 59362K, capacity 60957K, committed 61360K, reserved 1103872K
  class space    used 7291K, capacity 7805K, committed 7936K, reserved 1048576K
}
Event: 446.389 GC heap before
{Heap before GC invocations=66 (full 0):
 garbage-first heap   total 114688K, used 85038K [0x0000000080000000, 0x0000000100000000)
  region size 1024K, 25 young (25600K), 1 survivors (1024K)
 Metaspace       used 59364K, capacity 60957K, committed 61360K, reserved 1103872K
  class space    used 7291K, capacity 7805K, committed 7936K, reserved 1048576K
}
Event: 446.393 GC heap after
{Heap after GC invocations=67 (full 0):
 garbage-first heap   total 114688K, used 66155K [0x0000000080000000, 0x0000000100000000)
  region size 1024K, 4 young (4096K), 4 survivors (4096K)
 Metaspace       used 59364K, capacity 60957K, committed 61360K, reserved 1103872K
  class space    used 7291K, capacity 7805K, committed 7936K, reserved 1048576K
}
Event: 446.399 GC heap before
{Heap before GC invocations=67 (full 0):
 garbage-first heap   total 114688K, used 66155K [0x0000000080000000, 0x0000000100000000)
  region size 1024K, 5 young (5120K), 4 survivors (4096K)
 Metaspace       used 59364K, capacity 60957K, committed 61360K, reserved 1103872K
  class space    used 7291K, capacity 7805K, committed 7936K, reserved 1048576K
}
Event: 446.400 GC heap after
{Heap after GC invocations=68 (full 0):
 garbage-first heap   total 114688K, used 62403K [0x0000000080000000, 0x0000000100000000)
  region size 1024K, 1 young (1024K), 1 survivors (1024K)
 Metaspace       used 59364K, capacity 60957K, committed 61360K, reserved 1103872K
  class space    used 7291K, capacity 7805K, committed 7936K, reserved 1048576K
}
Event: 446.619 GC heap before
{Heap before GC invocations=68 (full 0):
 garbage-first heap   total 114688K, used 85955K [0x0000000080000000, 0x0000000100000000)
  region size 1024K, 24 young (24576K), 1 survivors (1024K)
 Metaspace       used 59382K, capacity 61021K, committed 61360K, reserved 1103872K
  class space    used 7291K, capacity 7805K, committed 7936K, reserved 1048576K
}
Event: 446.620 GC heap after
{Heap after GC invocations=69 (full 0):
 garbage-first heap   total 114688K, used 65634K [0x0000000080000000, 0x0000000100000000)
  region size 1024K, 3 young (3072K), 3 survivors (3072K)
 Metaspace       used 59382K, capacity 61021K, committed 61360K, reserved 1103872K
  class space    used 7291K, capacity 7805K, committed 7936K, reserved 1048576K
}
Event: 447.053 GC heap before
{Heap before GC invocations=69 (full 0):
 garbage-first heap   total 114688K, used 89186K [0x0000000080000000, 0x0000000100000000)
  region size 1024K, 25 young (25600K), 3 survivors (3072K)
 Metaspace       used 60900K, capacity 62596K, committed 62768K, reserved 1103872K
  class space    used 7510K, capacity 8050K, committed 8064K, reserved 1048576K
}
Event: 447.058 GC heap after
{Heap after GC invocations=70 (full 0):
 garbage-first heap   total 138240K, used 70256K [0x0000000080000000, 0x0000000100000000)
  region size 1024K, 3 young (3072K), 3 survivors (3072K)
 Metaspace       used 60900K, capacity 62596K, committed 62768K, reserved 1103872K
  class space    used 7510K, capacity 8050K, committed 8064K, reserved 1048576K
}
Event: 447.729 GC heap before
{Heap before GC invocations=70 (full 0):
 garbage-first heap   total 138240K, used 106096K [0x0000000080000000, 0x0000000100000000)
  region size 1024K, 38 young (38912K), 3 survivors (3072K)
 Metaspace       used 67078K, capacity 68864K, committed 69168K, reserved 1110016K
  class space    used 8223K, capacity 8775K, committed 8832K, reserved 1048576K
}
Event: 447.735 GC heap after
{Heap after GC invocations=71 (full 0):
 garbage-first heap   total 138240K, used 71874K [0x0000000080000000, 0x0000000100000000)
  region size 1024K, 2 young (2048K), 2 survivors (2048K)
 Metaspace       used 67078K, capacity 68864K, committed 69168K, reserved 1110016K
  class space    used 8223K, capacity 8775K, committed 8832K, reserved 1048576K
}
Event: 448.322 GC heap before
{Heap before GC invocations=71 (full 0):
 garbage-first heap   total 138240K, used 106690K [0x0000000080000000, 0x0000000100000000)
  region size 1024K, 37 young (37888K), 2 survivors (2048K)
 Metaspace       used 69687K, capacity 71586K, committed 71856K, reserved 1112064K
  class space    used 8572K, capacity 9183K, committed 9216K, reserved 1048576K
}
Event: 448.331 GC heap after
{Heap after GC invocations=72 (full 0):
 garbage-first heap   total 138240K, used 75033K [0x0000000080000000, 0x0000000100000000)
  region size 1024K, 5 young (5120K), 5 survivors (5120K)
 Metaspace       used 69687K, capacity 71586K, committed 71856K, reserved 1112064K
  class space    used 8572K, capacity 9183K, committed 9216K, reserved 1048576K
}
Event: 448.996 GC heap before
{Heap before GC invocations=72 (full 0):
 garbage-first heap   total 138240K, used 110873K [0x0000000080000000, 0x0000000100000000)
  region size 1024K, 39 young (39936K), 5 survivors (5120K)
 Metaspace       used 73537K, capacity 75451K, committed 75696K, reserved 1116160K
  class space    used 9020K, capacity 9642K, committed 9728K, reserved 1048576K
}
Event: 449.009 GC heap after
{Heap after GC invocations=73 (full 0):
 garbage-first heap   total 138240K, used 77921K [0x0000000080000000, 0x0000000100000000)
  region size 1024K, 3 young (3072K), 3 survivors (3072K)
 Metaspace       used 73537K, capacity 75451K, committed 75696K, reserved 1116160K
  class space    used 9020K, capacity 9642K, committed 9728K, reserved 1048576K
}
Event: 449.576 GC heap before
{Heap before GC invocations=73 (full 0):
 garbage-first heap   total 138240K, used 111713K [0x0000000080000000, 0x0000000100000000)
  region size 1024K, 36 young (36864K), 3 survivors (3072K)
 Metaspace       used 75708K, capacity 77860K, committed 78128K, reserved 1118208K
  class space    used 9326K, capacity 9999K, committed 10112K, reserved 1048576K
}
Event: 449.585 GC heap after
{Heap after GC invocations=74 (full 0):
 garbage-first heap   total 186368K, used 80570K [0x0000000080000000, 0x0000000100000000)
  region size 1024K, 3 young (3072K), 3 survivors (3072K)
 Metaspace       used 75708K, capacity 77860K, committed 78128K, reserved 1118208K
  class space    used 9326K, capacity 9999K, committed 10112K, reserved 1048576K
}

Deoptimization events (20 events):
Event: 448.887 Thread 0x0000024685af6000 Uncommon trap: trap_request=0xffffffc6 fr.pc=0x00000246f0e11a74 relative=0x0000000000001614
Event: 448.887 Thread 0x0000024685af6000 Uncommon trap: reason=bimorphic_or_optimized_type_check action=maybe_recompile pc=0x00000246f0e11a74 method=org.codehaus.groovy.runtime.metaclass.MetaMethodIndex.addMethodToList(Ljava/lang/Object;Lgroovy/lang/MetaMethod;)Ljava/lang/Object; @ 102 c2
Event: 448.887 Thread 0x0000024685af6000 DEOPT PACKING pc=0x00000246f0e11a74 sp=0x00000071840f7be0
Event: 448.887 Thread 0x0000024685af6000 DEOPT UNPACKING pc=0x00000246e91ba1af sp=0x00000071840f7ba0 mode 2
Event: 448.887 Thread 0x0000024685af6000 Uncommon trap: trap_request=0xffffff4d fr.pc=0x00000246f0e341d0 relative=0x0000000000005930
Event: 448.887 Thread 0x0000024685af6000 Uncommon trap: reason=unstable_if action=reinterpret pc=0x00000246f0e341d0 method=groovy.lang.MetaClassImpl$1MOPIter.methodNameAction(Ljava/lang/Class;Lorg/codehaus/groovy/runtime/metaclass/MetaMethodIndex$Entry;)V @ 182 c2
Event: 448.887 Thread 0x0000024685af6000 DEOPT PACKING pc=0x00000246f0e341d0 sp=0x00000071840f7c30
Event: 448.887 Thread 0x0000024685af6000 DEOPT UNPACKING pc=0x00000246e91ba1af sp=0x00000071840f7c10 mode 2
Event: 448.895 Thread 0x0000024685af6000 Uncommon trap: trap_request=0xffffffc6 fr.pc=0x00000246f11172f0 relative=0x00000000000005f0
Event: 448.895 Thread 0x0000024685af6000 Uncommon trap: reason=bimorphic_or_optimized_type_check action=maybe_recompile pc=0x00000246f11172f0 method=groovy.lang.MetaClassImpl.filterPropertyMethod(Ljava/lang/Object;ZZ)Ljava/lang/Object; @ 165 c2
Event: 448.895 Thread 0x0000024685af6000 DEOPT PACKING pc=0x00000246f11172f0 sp=0x00000071840f9f20
Event: 448.895 Thread 0x0000024685af6000 DEOPT UNPACKING pc=0x00000246e91ba1af sp=0x00000071840f9e88 mode 2
Event: 448.897 Thread 0x0000024685af6000 Uncommon trap: trap_request=0xffffffdc fr.pc=0x00000246f1196d44 relative=0x0000000000000284
Event: 448.897 Thread 0x0000024685af6000 Uncommon trap: reason=class_check action=make_not_entrant pc=0x00000246f1196d44 method=java.util.ArrayList.toArray([Ljava/lang/Object;)[Ljava/lang/Object; @ 21 c2
Event: 448.897 Thread 0x0000024685af6000 DEOPT PACKING pc=0x00000246f1196d44 sp=0x00000071840f9fd0
Event: 448.897 Thread 0x0000024685af6000 DEOPT UNPACKING pc=0x00000246e91ba1af sp=0x00000071840f9f90 mode 2
Event: 448.907 Thread 0x0000024685af6000 Uncommon trap: trap_request=0xffffffde fr.pc=0x00000246f0d8aa80 relative=0x00000000000009a0
Event: 448.907 Thread 0x0000024685af6000 Uncommon trap: reason=class_check action=maybe_recompile pc=0x00000246f0d8aa80 method=java.util.WeakHashMap.eq(Ljava/lang/Object;Ljava/lang/Object;)Z @ 7 c2
Event: 448.907 Thread 0x0000024685af6000 DEOPT PACKING pc=0x00000246f0d8aa80 sp=0x00000071840f8180
Event: 448.907 Thread 0x0000024685af6000 DEOPT UNPACKING pc=0x00000246e91ba1af sp=0x00000071840f80f0 mode 2

Classes redefined (0 events):
No events

Internal exceptions (20 events):
Event: 449.198 Thread 0x0000024685af6000 Exception <a 'java/lang/ClassNotFoundException'{0x000000008783c708}: org/gradle/api/internal/FactoryNamedDomainObjectContainer_DecoratedCustomizer> (0x000000008783c708) thrown at [./src/hotspot/share/classfile/systemDictionary.cpp, line 231]
Event: 449.207 Thread 0x0000024685af6000 Exception <a 'java/lang/ClassNotFoundException'{0x000000008773cbf0}: com/android/build/gradle/internal/dsl/BuildType_DecoratedBeanInfo> (0x000000008773cbf0) thrown at [./src/hotspot/share/classfile/systemDictionary.cpp, line 231]
Event: 449.207 Thread 0x0000024685af6000 Exception <a 'java/lang/ClassNotFoundException'{0x0000000087753110}: com/android/build/gradle/internal/dsl/BuildTypeBeanInfo> (0x0000000087753110) thrown at [./src/hotspot/share/classfile/systemDictionary.cpp, line 231]
Event: 449.208 Thread 0x0000024685af6000 Exception <a 'java/lang/ClassNotFoundException'{0x0000000087768fc0}: com/android/builder/core/AbstractBuildTypeBeanInfo> (0x0000000087768fc0) thrown at [./src/hotspot/share/classfile/systemDictionary.cpp, line 231]
Event: 449.209 Thread 0x0000024685af6000 Exception <a 'java/lang/ClassNotFoundException'{0x000000008777f440}: com/android/builder/core/AbstractBuildTypeCustomizer> (0x000000008777f440) thrown at [./src/hotspot/share/classfile/systemDictionary.cpp, line 231]
Event: 449.210 Thread 0x0000024685af6000 Exception <a 'java/lang/ClassNotFoundException'{0x00000000877b1e08}: com/android/build/gradle/internal/dsl/BuildTypeCustomizer> (0x00000000877b1e08) thrown at [./src/hotspot/share/classfile/systemDictionary.cpp, line 231]
Event: 449.215 Thread 0x0000024685af6000 Exception <a 'java/lang/ClassNotFoundException'{0x0000000087639c00}: com/android/build/gradle/internal/dsl/BuildType_DecoratedCustomizer> (0x0000000087639c00) thrown at [./src/hotspot/share/classfile/systemDictionary.cpp, line 231]
Event: 449.222 Thread 0x0000024685af6000 Exception <a 'java/lang/ClassNotFoundException'{0x00000000876f86f8}: build_9nja260s8fqdxoffhb8mnxndx$_run_closure1$_closure4BeanInfo> (0x00000000876f86f8) thrown at [./src/hotspot/share/classfile/systemDictionary.cpp, line 231]
Event: 449.223 Thread 0x0000024685af6000 Exception <a 'java/lang/ClassNotFoundException'{0x0000000087507528}: build_9nja260s8fqdxoffhb8mnxndx$_run_closure1$_closure4Customizer> (0x0000000087507528) thrown at [./src/hotspot/share/classfile/systemDictionary.cpp, line 231]
Event: 449.226 Thread 0x0000024685af6000 Exception <a 'java/lang/ClassNotFoundException'{0x0000000087533818}: build_9nja260s8fqdxoffhb8mnxndx$_run_closure1BeanInfo> (0x0000000087533818) thrown at [./src/hotspot/share/classfile/systemDictionary.cpp, line 231]
Event: 449.226 Thread 0x0000024685af6000 Exception <a 'java/lang/ClassNotFoundException'{0x0000000087542968}: build_9nja260s8fqdxoffhb8mnxndx$_run_closure1Customizer> (0x0000000087542968) thrown at [./src/hotspot/share/classfile/systemDictionary.cpp, line 231]
Event: 449.231 Thread 0x0000024685af6000 Exception <a 'java/lang/ClassNotFoundException'{0x000000008758f578}: org/gradle/api/JavaVersionBeanInfo> (0x000000008758f578) thrown at [./src/hotspot/share/classfile/systemDictionary.cpp, line 231]
Event: 449.232 Thread 0x0000024685af6000 Exception <a 'java/lang/ClassNotFoundException'{0x00000000875b0958}: org/gradle/api/JavaVersionCustomizer> (0x00000000875b0958) thrown at [./src/hotspot/share/classfile/systemDictionary.cpp, line 231]
Event: 449.236 Thread 0x0000024685af6000 Exception <a 'java/lang/ClassNotFoundException'{0x0000000087400d48}: com/android/build/gradle/internal/CompileOptions_DecoratedBeanInfo> (0x0000000087400d48) thrown at [./src/hotspot/share/classfile/systemDictionary.cpp, line 231]
Event: 449.236 Thread 0x0000024685af6000 Exception <a 'java/lang/ClassNotFoundException'{0x0000000087416280}: com/android/build/gradle/internal/CompileOptionsBeanInfo> (0x0000000087416280) thrown at [./src/hotspot/share/classfile/systemDictionary.cpp, line 231]
Event: 449.237 Thread 0x0000024685af6000 Exception <a 'java/lang/ClassNotFoundException'{0x000000008742bdc8}: com/android/build/gradle/internal/CompileOptionsCustomizer> (0x000000008742bdc8) thrown at [./src/hotspot/share/classfile/systemDictionary.cpp, line 231]
Event: 449.238 Thread 0x0000024685af6000 Exception <a 'java/lang/ClassNotFoundException'{0x000000008744dea8}: com/android/build/gradle/internal/CompileOptions_DecoratedCustomizer> (0x000000008744dea8) thrown at [./src/hotspot/share/classfile/systemDictionary.cpp, line 231]
Event: 449.280 Thread 0x0000024685af6000 Exception <a 'java/lang/NoSuchMethodError'{0x00000000872c2008}: 'java.lang.Object java.lang.invoke.DirectMethodHandle$Holder.invokeSpecial(java.lang.Object, java.lang.Object, int, java.lang.Object, java.lang.Object)'> (0x00000000872c2008) thrown at [./src/hotspot/share/interpreter/linkResolver.cpp, line 773]
Event: 449.281 Thread 0x0000024685af6000 Exception <a 'java/lang/NoSuchMethodError'{0x00000000872c9e10}: 'java.lang.Object java.lang.invoke.DirectMethodHandle$Holder.invokeStatic(java.lang.Object, java.lang.Object, int, java.lang.Object)'> (0x00000000872c9e10) thrown at [./src/hotspot/share/interpreter/linkResolver.cpp, line 773]
Event: 449.282 Thread 0x0000024685af6000 Exception <a 'java/lang/NoSuchMethodError'{0x00000000872cddb0}: 'java.lang.Object java.lang.invoke.Invokers$Holder.linkToTargetMethod(java.lang.Object, int, java.lang.Object, java.lang.Object)'> (0x00000000872cddb0) thrown at [./src/hotspot/share/interpreter/linkResolver.cpp, line 773]

Events (20 events):
Event: 449.736 loading class com/android/build/gradle/internal/scope/InternalArtifactType$MERGED_NATIVE_DEBUG_METADATA
Event: 449.736 loading class com/android/build/gradle/internal/scope/InternalArtifactType$MERGED_NATIVE_DEBUG_METADATA done
Event: 449.736 loading class com/android/build/gradle/internal/tasks/factory/TaskFactoryUtils$dependsOn$7
Event: 449.736 loading class com/android/build/gradle/internal/tasks/factory/TaskFactoryUtils$dependsOn$7 done
Event: 449.737 loading class org/gradle/api/plugins/internal/DefaultAdhocSoftwareComponent
Event: 449.737 loading class org/gradle/api/plugins/internal/DefaultAdhocSoftwareComponent done
Event: 449.737 loading class org/gradle/api/component/AdhocComponentWithVariants
Event: 449.737 loading class org/gradle/api/component/AdhocComponentWithVariants done
Event: 449.739 loading class com/android/build/gradle/internal/tasks/ApplicationTaskManager$createSoftwareComponent$1
Event: 449.739 loading class com/android/build/gradle/internal/tasks/ApplicationTaskManager$createSoftwareComponent$1 done
Event: 449.739 loading class org/gradle/api/component/AdhocComponentWithVariants
Event: 449.739 loading class org/gradle/api/component/AdhocComponentWithVariants done
Event: 449.739 loading class org/gradle/api/internal/java/usagecontext/ConfigurationVariantMapping
Event: 449.739 loading class org/gradle/api/internal/java/usagecontext/ConfigurationVariantMapping done
Event: 449.740 loading class org/gradle/api/internal/java/usagecontext/ConfigurationVariantDetailsInternal
Event: 449.740 loading class org/gradle/api/internal/java/usagecontext/ConfigurationVariantDetailsInternal done
Event: 449.741 loading class org/gradle/api/component/ConfigurationVariantDetails
Event: 449.741 loading class org/gradle/api/component/ConfigurationVariantDetails done
Event: 449.741 loading class org/gradle/api/component/SoftwareComponentContainer
Event: 449.741 loading class org/gradle/api/component/SoftwareComponentContainer done


Dynamic libraries:
0x00007ff603f20000 - 0x00007ff603f2a000 	C:\Program Files\Android\Android Studio\jre\bin\java.exe
0x00007ff9b8fd0000 - 0x00007ff9b91c5000 	C:\Windows\SYSTEM32\ntdll.dll
0x00007ff9b7380000 - 0x00007ff9b743d000 	C:\Windows\System32\KERNEL32.DLL
0x00007ff9b6910000 - 0x00007ff9b6bd9000 	C:\Windows\System32\KERNELBASE.dll
0x00007ff9b6810000 - 0x00007ff9b6910000 	C:\Windows\System32\ucrtbase.dll
0x00007ff9b1470000 - 0x00007ff9b1489000 	C:\Program Files\Android\Android Studio\jre\bin\jli.dll
0x00007ff9b85e0000 - 0x00007ff9b8780000 	C:\Windows\System32\USER32.dll
0x00007ff9b6760000 - 0x00007ff9b6782000 	C:\Windows\System32\win32u.dll
0x00007ff9b88c0000 - 0x00007ff9b88ea000 	C:\Windows\System32\GDI32.dll
0x00007ff9b0990000 - 0x00007ff9b09a7000 	C:\Program Files\Android\Android Studio\jre\bin\VCRUNTIME140.dll
0x00007ff9b6f20000 - 0x00007ff9b702b000 	C:\Windows\System32\gdi32full.dll
0x00007ff9b6c90000 - 0x00007ff9b6d2d000 	C:\Windows\System32\msvcp_win.dll
0x00007ff99b800000 - 0x00007ff99ba9a000 	C:\Windows\WinSxS\amd64_microsoft.windows.common-controls_6595b64144ccf1df_6.0.19041.844_none_ca00b6081b84eb1d\COMCTL32.dll
0x00007ff9b84b0000 - 0x00007ff9b854e000 	C:\Windows\System32\msvcrt.dll
0x00007ff9b85b0000 - 0x00007ff9b85e0000 	C:\Windows\System32\IMM32.DLL
0x00007ff99be50000 - 0x00007ff99beed000 	C:\Program Files\Android\Android Studio\jre\bin\msvcp140.dll
0x00007ff988ae0000 - 0x00007ff9895c5000 	C:\Program Files\Android\Android Studio\jre\bin\server\jvm.dll
0x00007ff9b7030000 - 0x00007ff9b70dc000 	C:\Windows\System32\ADVAPI32.dll
0x00007ff9b8a80000 - 0x00007ff9b8b1c000 	C:\Windows\System32\sechost.dll
0x00007ff9b8780000 - 0x00007ff9b88ab000 	C:\Windows\System32\RPCRT4.dll
0x00007ff9b7ef0000 - 0x00007ff9b7ef8000 	C:\Windows\System32\PSAPI.DLL
0x00007ff9b1cb0000 - 0x00007ff9b1cb9000 	C:\Windows\SYSTEM32\WSOCK32.dll
0x00007ff9b7c20000 - 0x00007ff9b7c8b000 	C:\Windows\System32\WS2_32.dll
0x00007ff9aa5b0000 - 0x00007ff9aa5d7000 	C:\Windows\SYSTEM32\WINMM.dll
0x00007ff9aa5e0000 - 0x00007ff9aa5ea000 	C:\Windows\SYSTEM32\VERSION.dll
0x00007ff9b4690000 - 0x00007ff9b46a2000 	C:\Windows\SYSTEM32\kernel.appcore.dll
0x00007ff9b1c90000 - 0x00007ff9b1ca1000 	C:\Program Files\Android\Android Studio\jre\bin\verify.dll
0x00007ff9a4d60000 - 0x00007ff9a4f44000 	C:\Windows\SYSTEM32\DBGHELP.DLL
0x00007ff9a2fa0000 - 0x00007ff9a2fcc000 	C:\Windows\SYSTEM32\dbgcore.DLL
0x00007ff9b6790000 - 0x00007ff9b6810000 	C:\Windows\System32\bcryptPrimitives.dll
0x00007ff9b1910000 - 0x00007ff9b1939000 	C:\Program Files\Android\Android Studio\jre\bin\java.dll
0x00007ff9b1900000 - 0x00007ff9b190b000 	C:\Program Files\Android\Android Studio\jre\bin\jimage.dll
0x00007ff9b18e0000 - 0x00007ff9b18f8000 	C:\Program Files\Android\Android Studio\jre\bin\zip.dll
0x00007ff9b74d0000 - 0x00007ff9b7c12000 	C:\Windows\System32\SHELL32.dll
0x00007ff9b4890000 - 0x00007ff9b5020000 	C:\Windows\SYSTEM32\windows.storage.dll
0x00007ff9b8bd0000 - 0x00007ff9b8f25000 	C:\Windows\System32\combase.dll
0x00007ff9b6110000 - 0x00007ff9b613c000 	C:\Windows\SYSTEM32\Wldp.dll
0x00007ff9b8b20000 - 0x00007ff9b8bce000 	C:\Windows\System32\SHCORE.dll
0x00007ff9b8f30000 - 0x00007ff9b8f85000 	C:\Windows\System32\shlwapi.dll
0x00007ff9b6650000 - 0x00007ff9b666f000 	C:\Windows\SYSTEM32\profapi.dll
0x00007ff9b18c0000 - 0x00007ff9b18da000 	C:\Program Files\Android\Android Studio\jre\bin\net.dll
0x00007ff9adca0000 - 0x00007ff9addac000 	C:\Windows\SYSTEM32\WINHTTP.dll
0x00007ff9b5e30000 - 0x00007ff9b5e9a000 	C:\Windows\system32\mswsock.dll
0x00007ff9b18a0000 - 0x00007ff9b18b4000 	C:\Program Files\Android\Android Studio\jre\bin\nio.dll
0x00007ff9af5d0000 - 0x00007ff9af5f7000 	C:\Users\SWAGAT\.gradle\native\f6784746aeab05261644944871eae4fe03e0ef1612fff0a4a95f87b438bc6780\windows-amd64\native-platform.dll
0x00007ff9b1790000 - 0x00007ff9b179a000 	C:\Program Files\Android\Android Studio\jre\bin\management.dll
0x00007ff9b1780000 - 0x00007ff9b178d000 	C:\Program Files\Android\Android Studio\jre\bin\management_ext.dll
0x00007ff9b6010000 - 0x00007ff9b6028000 	C:\Windows\SYSTEM32\CRYPTSP.dll
0x00007ff9b57d0000 - 0x00007ff9b5804000 	C:\Windows\system32\rsaenh.dll
0x00007ff9b6d30000 - 0x00007ff9b6d57000 	C:\Windows\System32\bcrypt.dll
0x00007ff9b6610000 - 0x00007ff9b663e000 	C:\Windows\SYSTEM32\USERENV.dll
0x00007ff9b6000000 - 0x00007ff9b600c000 	C:\Windows\SYSTEM32\CRYPTBASE.dll
0x00007ff9b5b20000 - 0x00007ff9b5b5b000 	C:\Windows\SYSTEM32\IPHLPAPI.DLL
0x00007ff9b88b0000 - 0x00007ff9b88b8000 	C:\Windows\System32\NSI.dll
0x00007ff9afbf0000 - 0x00007ff9afc07000 	C:\Windows\SYSTEM32\dhcpcsvc6.DLL
0x00007ff9afbd0000 - 0x00007ff9afbed000 	C:\Windows\SYSTEM32\dhcpcsvc.DLL
0x00007ff9b5b60000 - 0x00007ff9b5c2b000 	C:\Windows\SYSTEM32\DNSAPI.dll
0x00007ff9afe20000 - 0x00007ff9afe2b000 	C:\Windows\SYSTEM32\WINNSI.DLL
0x00007ff9b0140000 - 0x00007ff9b0167000 	C:\Program Files\Android\Android Studio\jre\bin\sunec.dll
0x00007ff9ada30000 - 0x00007ff9ada3a000 	C:\Windows\System32\rasadhlp.dll
0x00007ff9addb0000 - 0x00007ff9ade2f000 	C:\Windows\System32\fwpuclnt.dll

dbghelp: loaded successfully - version: 4.0.5 - missing functions: none
symbol engine: initialized successfully - sym options: 0x614 - pdb path: .;C:\Program Files\Android\Android Studio\jre\bin;C:\Windows\SYSTEM32;C:\Windows\WinSxS\amd64_microsoft.windows.common-controls_6595b64144ccf1df_6.0.19041.844_none_ca00b6081b84eb1d;C:\Program Files\Android\Android Studio\jre\bin\server;C:\Users\SWAGAT\.gradle\native\f6784746aeab05261644944871eae4fe03e0ef1612fff0a4a95f87b438bc6780\windows-amd64

VM Arguments:
jvm_args: --add-opens=java.base/java.util=ALL-UNNAMED --add-opens=java.base/java.lang=ALL-UNNAMED --add-opens=java.base/java.lang.invoke=ALL-UNNAMED --add-opens=java.prefs/java.util.prefs=ALL-UNNAMED -Xmx2048m -Dfile.encoding=UTF-8 -Duser.country=US -Duser.language=en -Duser.variant 
java_command: org.gradle.launcher.daemon.bootstrap.GradleDaemon 6.5
java_class_path (initial): C:\Users\SWAGAT\.gradle\wrapper\dists\gradle-6.5-bin\6nifqtx7604sqp1q6g8wikw7p\gradle-6.5\lib\gradle-launcher-6.5.jar
Launcher Type: SUN_STANDARD

[Global flags]
     intx CICompilerCount                          = 3                                         {product} {ergonomic}
     uint ConcGCThreads                            = 1                                         {product} {ergonomic}
     uint G1ConcRefinementThreads                  = 4                                         {product} {ergonomic}
   size_t G1HeapRegionSize                         = 1048576                                   {product} {ergonomic}
    uintx GCDrainStackTargetSize                   = 64                                        {product} {ergonomic}
   size_t InitialHeapSize                          = 67108864                                  {product} {ergonomic}
   size_t MarkStackSize                            = 4194304                                   {product} {ergonomic}
   size_t MaxHeapSize                              = 2147483648                                {product} {command line}
   size_t MaxNewSize                               = 1287651328                                {product} {ergonomic}
   size_t MinHeapDeltaBytes                        = 1048576                                   {product} {ergonomic}
    uintx NonNMethodCodeHeapSize                   = 5830732                                {pd product} {ergonomic}
    uintx NonProfiledCodeHeapSize                  = 122913754                              {pd product} {ergonomic}
    uintx ProfiledCodeHeapSize                     = 122913754                              {pd product} {ergonomic}
    uintx ReservedCodeCacheSize                    = 251658240                              {pd product} {ergonomic}
     bool SegmentedCodeCache                       = true                                      {product} {ergonomic}
     bool UseCompressedClassPointers               = true                                 {lp64_product} {ergonomic}
     bool UseCompressedOops                        = true                                 {lp64_product} {ergonomic}
     bool UseG1GC                                  = true                                      {product} {ergonomic}
     bool UseLargePagesIndividualAllocation        = false                                  {pd product} {ergonomic}

Logging:
Log output configuration:
 #0: stdout all=warning uptime,level,tags
 #1: stderr all=off uptime,level,tags

Environment Variables:
JAVA_HOME=C:\Program Files\Java\jdk-17.0.2
PATH=C:\oraclexe\app\oracle\product\10.2.0\server\bin;C:\Program Files\Common Files\Oracle\Java\javapath;C:\VMware\bin\;C:\Windows\system32;C:\Windows;C:\Windows\System32\Wbem;C:\Windows\System32\WindowsPowerShell\v1.0\;C:\Windows\System32\OpenSSH\;C:\Program Files (x86)\AMD\ATI.ACE\Core-Static;C:\Program Files (x86)\ATI Technologies\ATI.ACE\Core-Static;C:\Program Files (x86)\NVIDIA Corporation\PhysX\Common;C:\Program Files\Java\jdk-17.0.2\bin;C:\Program Files\Git\cmd;C:\Users\SWAGAT\AppData\Local\Programs\Python\Python39\Scripts\;C:\Users\SWAGAT\AppData\Local\Programs\Python\Python39\;C:\Users\SWAGAT\AppData\Local\Microsoft\WindowsApps;C:\Users\SWAGAT\AppData\Local\atom\bin
USERNAME=SWAGAT
OS=Windows_NT
PROCESSOR_IDENTIFIER=Intel64 Family 6 Model 42 Stepping 7, GenuineIntel



---------------  S Y S T E M  ---------------

OS: Windows 10 , 64 bit Build 19041 (10.0.19041.804)
OS uptime: 0 days 0:20 hours

CPU:total 4 (initial active 4) (2 cores per cpu, 2 threads per core) family 6 model 42 stepping 7 microcode 0x2f, cmov, cx8, fxsr, mmx, sse, sse2, sse3, ssse3, sse4.1, sse4.2, popcnt, avx, clmul, ht, tsc, tscinvbit

Memory: 4k page, system-wide physical 4078M (523M free)
TotalPageFile size 16366M (AvailPageFile size 2M)
current process WorkingSet (physical memory assigned to process): 351M, peak: 357M
current process commit charge ("private bytes"): 422M, peak: 422M

vm_info: OpenJDK 64-Bit Server VM (11.0.12+7-b1504.28-7817840) for windows-amd64 JRE (11.0.12+7-b1504.28-7817840), built on Oct 13 2021 22:12:33 by "builder" with MS VC++ 14.0 (VS2015)

END.
